<?xml version="1.0" encoding="UTF-8"?>
<coverage generated="1725790756829" clover="3.2.0">
  <project timestamp="1725790756829" name="All files">
    <metrics statements="1172" coveredstatements="617" conditionals="183" coveredconditionals="135" methods="101" coveredmethods="53" elements="1456" coveredelements="805" complexity="0" loc="1172" ncloc="1172" packages="7" files="13" classes="13"/>
    <package name="config">
      <metrics statements="15" coveredstatements="15" conditionals="2" coveredconditionals="2" methods="1" coveredmethods="1"/>
      <file name="index.js" path="/Users/danialkozakmetov/Desktop/Новая папка 2/admin/src/config/index.js">
        <metrics statements="15" coveredstatements="15" conditionals="2" coveredconditionals="2" methods="1" coveredmethods="1"/>
        <line num="1" count="4" type="cond" truecount="2" falsecount="0"/>
        <line num="2" count="4" type="stmt"/>
        <line num="3" count="4" type="stmt"/>
        <line num="4" count="4" type="stmt"/>
        <line num="5" count="4" type="stmt"/>
        <line num="6" count="4" type="stmt"/>
        <line num="7" count="4" type="stmt"/>
        <line num="8" count="4" type="stmt"/>
        <line num="9" count="4" type="stmt"/>
        <line num="10" count="4" type="stmt"/>
        <line num="11" count="4" type="stmt"/>
        <line num="12" count="4" type="stmt"/>
        <line num="13" count="4" type="stmt"/>
        <line num="14" count="4" type="stmt"/>
        <line num="15" count="4" type="stmt"/>
      </file>
    </package>
    <package name="database.models">
      <metrics statements="229" coveredstatements="166" conditionals="6" coveredconditionals="6" methods="8" coveredmethods="3"/>
      <file name="Category.js" path="/Users/danialkozakmetov/Desktop/Новая папка 2/admin/src/database/models/Category.js">
        <metrics statements="43" coveredstatements="43" conditionals="2" coveredconditionals="2" methods="1" coveredmethods="1"/>
        <line num="1" count="2" type="cond" truecount="2" falsecount="0"/>
        <line num="2" count="2" type="stmt"/>
        <line num="3" count="2" type="stmt"/>
        <line num="4" count="2" type="stmt"/>
        <line num="5" count="2" type="stmt"/>
        <line num="6" count="2" type="stmt"/>
        <line num="7" count="2" type="stmt"/>
        <line num="8" count="2" type="stmt"/>
        <line num="9" count="2" type="stmt"/>
        <line num="10" count="2" type="stmt"/>
        <line num="11" count="2" type="stmt"/>
        <line num="12" count="2" type="stmt"/>
        <line num="13" count="2" type="stmt"/>
        <line num="14" count="2" type="stmt"/>
        <line num="15" count="2" type="stmt"/>
        <line num="16" count="2" type="stmt"/>
        <line num="17" count="2" type="stmt"/>
        <line num="18" count="2" type="stmt"/>
        <line num="19" count="2" type="stmt"/>
        <line num="20" count="2" type="stmt"/>
        <line num="21" count="2" type="stmt"/>
        <line num="22" count="2" type="stmt"/>
        <line num="23" count="2" type="stmt"/>
        <line num="24" count="2" type="stmt"/>
        <line num="25" count="2" type="stmt"/>
        <line num="26" count="2" type="stmt"/>
        <line num="27" count="2" type="stmt"/>
        <line num="28" count="2" type="stmt"/>
        <line num="29" count="2" type="stmt"/>
        <line num="30" count="2" type="stmt"/>
        <line num="31" count="2" type="stmt"/>
        <line num="32" count="2" type="stmt"/>
        <line num="33" count="2" type="stmt"/>
        <line num="34" count="2" type="stmt"/>
        <line num="35" count="2" type="stmt"/>
        <line num="36" count="2" type="stmt"/>
        <line num="37" count="2" type="stmt"/>
        <line num="38" count="2" type="stmt"/>
        <line num="39" count="2" type="stmt"/>
        <line num="40" count="2" type="stmt"/>
        <line num="41" count="2" type="stmt"/>
        <line num="42" count="2" type="stmt"/>
        <line num="43" count="2" type="stmt"/>
      </file>
      <file name="Shop.js" path="/Users/danialkozakmetov/Desktop/Новая папка 2/admin/src/database/models/Shop.js">
        <metrics statements="107" coveredstatements="51" conditionals="2" coveredconditionals="2" methods="4" coveredmethods="1"/>
        <line num="1" count="4" type="cond" truecount="2" falsecount="0"/>
        <line num="2" count="4" type="stmt"/>
        <line num="3" count="0" type="stmt"/>
        <line num="4" count="0" type="stmt"/>
        <line num="5" count="0" type="stmt"/>
        <line num="6" count="0" type="stmt"/>
        <line num="7" count="0" type="stmt"/>
        <line num="8" count="0" type="stmt"/>
        <line num="9" count="0" type="stmt"/>
        <line num="10" count="4" type="stmt"/>
        <line num="11" count="4" type="stmt"/>
        <line num="12" count="0" type="stmt"/>
        <line num="13" count="0" type="stmt"/>
        <line num="14" count="0" type="stmt"/>
        <line num="15" count="0" type="stmt"/>
        <line num="16" count="0" type="stmt"/>
        <line num="17" count="0" type="stmt"/>
        <line num="18" count="0" type="stmt"/>
        <line num="19" count="0" type="stmt"/>
        <line num="20" count="0" type="stmt"/>
        <line num="21" count="0" type="stmt"/>
        <line num="22" count="0" type="stmt"/>
        <line num="23" count="0" type="stmt"/>
        <line num="24" count="0" type="stmt"/>
        <line num="25" count="0" type="stmt"/>
        <line num="26" count="0" type="stmt"/>
        <line num="27" count="0" type="stmt"/>
        <line num="28" count="0" type="stmt"/>
        <line num="29" count="0" type="stmt"/>
        <line num="30" count="0" type="stmt"/>
        <line num="31" count="0" type="stmt"/>
        <line num="32" count="0" type="stmt"/>
        <line num="33" count="0" type="stmt"/>
        <line num="34" count="0" type="stmt"/>
        <line num="35" count="0" type="stmt"/>
        <line num="36" count="0" type="stmt"/>
        <line num="37" count="4" type="stmt"/>
        <line num="38" count="4" type="stmt"/>
        <line num="39" count="4" type="stmt"/>
        <line num="40" count="4" type="stmt"/>
        <line num="41" count="4" type="stmt"/>
        <line num="42" count="4" type="stmt"/>
        <line num="43" count="4" type="stmt"/>
        <line num="44" count="4" type="stmt"/>
        <line num="45" count="4" type="stmt"/>
        <line num="46" count="4" type="stmt"/>
        <line num="47" count="4" type="stmt"/>
        <line num="48" count="4" type="stmt"/>
        <line num="49" count="4" type="stmt"/>
        <line num="50" count="4" type="stmt"/>
        <line num="51" count="4" type="stmt"/>
        <line num="52" count="4" type="stmt"/>
        <line num="53" count="4" type="stmt"/>
        <line num="54" count="4" type="stmt"/>
        <line num="55" count="4" type="stmt"/>
        <line num="56" count="4" type="stmt"/>
        <line num="57" count="4" type="stmt"/>
        <line num="58" count="4" type="stmt"/>
        <line num="59" count="4" type="stmt"/>
        <line num="60" count="4" type="stmt"/>
        <line num="61" count="4" type="stmt"/>
        <line num="62" count="4" type="stmt"/>
        <line num="63" count="4" type="stmt"/>
        <line num="64" count="4" type="stmt"/>
        <line num="65" count="4" type="stmt"/>
        <line num="66" count="4" type="stmt"/>
        <line num="67" count="4" type="stmt"/>
        <line num="68" count="4" type="stmt"/>
        <line num="69" count="4" type="stmt"/>
        <line num="70" count="4" type="stmt"/>
        <line num="71" count="4" type="stmt"/>
        <line num="72" count="4" type="stmt"/>
        <line num="73" count="4" type="stmt"/>
        <line num="74" count="4" type="stmt"/>
        <line num="75" count="4" type="stmt"/>
        <line num="76" count="4" type="stmt"/>
        <line num="77" count="4" type="stmt"/>
        <line num="78" count="4" type="stmt"/>
        <line num="79" count="4" type="stmt"/>
        <line num="80" count="4" type="stmt"/>
        <line num="81" count="0" type="stmt"/>
        <line num="82" count="0" type="stmt"/>
        <line num="83" count="0" type="stmt"/>
        <line num="84" count="0" type="stmt"/>
        <line num="85" count="0" type="stmt"/>
        <line num="86" count="0" type="stmt"/>
        <line num="87" count="0" type="stmt"/>
        <line num="88" count="0" type="stmt"/>
        <line num="89" count="0" type="stmt"/>
        <line num="90" count="0" type="stmt"/>
        <line num="91" count="0" type="stmt"/>
        <line num="92" count="0" type="stmt"/>
        <line num="93" count="0" type="stmt"/>
        <line num="94" count="0" type="stmt"/>
        <line num="95" count="0" type="stmt"/>
        <line num="96" count="0" type="stmt"/>
        <line num="97" count="0" type="stmt"/>
        <line num="98" count="0" type="stmt"/>
        <line num="99" count="0" type="stmt"/>
        <line num="100" count="0" type="stmt"/>
        <line num="101" count="0" type="stmt"/>
        <line num="102" count="0" type="stmt"/>
        <line num="103" count="0" type="stmt"/>
        <line num="104" count="0" type="stmt"/>
        <line num="105" count="4" type="stmt"/>
        <line num="106" count="4" type="stmt"/>
        <line num="107" count="4" type="stmt"/>
      </file>
      <file name="User.js" path="/Users/danialkozakmetov/Desktop/Новая папка 2/admin/src/database/models/User.js">
        <metrics statements="79" coveredstatements="72" conditionals="2" coveredconditionals="2" methods="3" coveredmethods="1"/>
        <line num="1" count="4" type="cond" truecount="2" falsecount="0"/>
        <line num="2" count="4" type="stmt"/>
        <line num="3" count="4" type="stmt"/>
        <line num="4" count="4" type="stmt"/>
        <line num="5" count="4" type="stmt"/>
        <line num="6" count="4" type="stmt"/>
        <line num="7" count="4" type="stmt"/>
        <line num="8" count="4" type="stmt"/>
        <line num="9" count="4" type="stmt"/>
        <line num="10" count="4" type="stmt"/>
        <line num="11" count="4" type="stmt"/>
        <line num="12" count="4" type="stmt"/>
        <line num="13" count="4" type="stmt"/>
        <line num="14" count="4" type="stmt"/>
        <line num="15" count="4" type="stmt"/>
        <line num="16" count="4" type="stmt"/>
        <line num="17" count="4" type="stmt"/>
        <line num="18" count="4" type="stmt"/>
        <line num="19" count="4" type="stmt"/>
        <line num="20" count="4" type="stmt"/>
        <line num="21" count="4" type="stmt"/>
        <line num="22" count="4" type="stmt"/>
        <line num="23" count="4" type="stmt"/>
        <line num="24" count="4" type="stmt"/>
        <line num="25" count="4" type="stmt"/>
        <line num="26" count="4" type="stmt"/>
        <line num="27" count="4" type="stmt"/>
        <line num="28" count="4" type="stmt"/>
        <line num="29" count="4" type="stmt"/>
        <line num="30" count="4" type="stmt"/>
        <line num="31" count="4" type="stmt"/>
        <line num="32" count="4" type="stmt"/>
        <line num="33" count="4" type="stmt"/>
        <line num="34" count="4" type="stmt"/>
        <line num="35" count="4" type="stmt"/>
        <line num="36" count="4" type="stmt"/>
        <line num="37" count="4" type="stmt"/>
        <line num="38" count="4" type="stmt"/>
        <line num="39" count="4" type="stmt"/>
        <line num="40" count="4" type="stmt"/>
        <line num="41" count="4" type="stmt"/>
        <line num="42" count="4" type="stmt"/>
        <line num="43" count="4" type="stmt"/>
        <line num="44" count="4" type="stmt"/>
        <line num="45" count="4" type="stmt"/>
        <line num="46" count="4" type="stmt"/>
        <line num="47" count="4" type="stmt"/>
        <line num="48" count="4" type="stmt"/>
        <line num="49" count="4" type="stmt"/>
        <line num="50" count="4" type="stmt"/>
        <line num="51" count="4" type="stmt"/>
        <line num="52" count="4" type="stmt"/>
        <line num="53" count="4" type="stmt"/>
        <line num="54" count="4" type="stmt"/>
        <line num="55" count="4" type="stmt"/>
        <line num="56" count="4" type="stmt"/>
        <line num="57" count="4" type="stmt"/>
        <line num="58" count="0" type="stmt"/>
        <line num="59" count="0" type="stmt"/>
        <line num="60" count="0" type="stmt"/>
        <line num="61" count="0" type="stmt"/>
        <line num="62" count="0" type="stmt"/>
        <line num="63" count="4" type="stmt"/>
        <line num="64" count="4" type="stmt"/>
        <line num="65" count="4" type="stmt"/>
        <line num="66" count="4" type="stmt"/>
        <line num="67" count="0" type="stmt"/>
        <line num="68" count="0" type="stmt"/>
        <line num="69" count="4" type="stmt"/>
        <line num="70" count="4" type="stmt"/>
        <line num="71" count="4" type="stmt"/>
        <line num="72" count="4" type="stmt"/>
        <line num="73" count="4" type="stmt"/>
        <line num="74" count="4" type="stmt"/>
        <line num="75" count="4" type="stmt"/>
        <line num="76" count="4" type="stmt"/>
        <line num="77" count="4" type="stmt"/>
        <line num="78" count="4" type="stmt"/>
        <line num="79" count="4" type="stmt"/>
      </file>
    </package>
    <package name="database.repository">
      <metrics statements="293" coveredstatements="50" conditionals="8" coveredconditionals="8" methods="16" coveredmethods="4"/>
      <file name="category-repository.js" path="/Users/danialkozakmetov/Desktop/Новая папка 2/admin/src/database/repository/category-repository.js">
        <metrics statements="157" coveredstatements="26" conditionals="4" coveredconditionals="4" methods="8" coveredmethods="2"/>
        <line num="1" count="2" type="cond" truecount="2" falsecount="0"/>
        <line num="2" count="2" type="stmt"/>
        <line num="3" count="0" type="stmt"/>
        <line num="4" count="0" type="stmt"/>
        <line num="5" count="0" type="stmt"/>
        <line num="6" count="0" type="stmt"/>
        <line num="7" count="0" type="stmt"/>
        <line num="8" count="0" type="stmt"/>
        <line num="9" count="0" type="stmt"/>
        <line num="10" count="2" type="stmt"/>
        <line num="11" count="2" type="stmt"/>
        <line num="12" count="0" type="stmt"/>
        <line num="13" count="0" type="stmt"/>
        <line num="14" count="0" type="stmt"/>
        <line num="15" count="0" type="stmt"/>
        <line num="16" count="0" type="stmt"/>
        <line num="17" count="0" type="stmt"/>
        <line num="18" count="0" type="stmt"/>
        <line num="19" count="0" type="stmt"/>
        <line num="20" count="0" type="stmt"/>
        <line num="21" count="0" type="stmt"/>
        <line num="22" count="0" type="stmt"/>
        <line num="23" count="0" type="stmt"/>
        <line num="24" count="0" type="stmt"/>
        <line num="25" count="0" type="stmt"/>
        <line num="26" count="0" type="stmt"/>
        <line num="27" count="0" type="stmt"/>
        <line num="28" count="0" type="stmt"/>
        <line num="29" count="0" type="stmt"/>
        <line num="30" count="0" type="stmt"/>
        <line num="31" count="0" type="stmt"/>
        <line num="32" count="0" type="stmt"/>
        <line num="33" count="0" type="stmt"/>
        <line num="34" count="0" type="stmt"/>
        <line num="35" count="0" type="stmt"/>
        <line num="36" count="0" type="stmt"/>
        <line num="37" count="2" type="stmt"/>
        <line num="38" count="2" type="stmt"/>
        <line num="39" count="2" type="stmt"/>
        <line num="40" count="2" type="stmt"/>
        <line num="41" count="2" type="stmt"/>
        <line num="42" count="2" type="stmt"/>
        <line num="43" count="2" type="stmt"/>
        <line num="44" count="2" type="cond" truecount="1" falsecount="0"/>
        <line num="45" count="2" type="cond" truecount="1" falsecount="0"/>
        <line num="46" count="14" type="stmt"/>
        <line num="47" count="14" type="stmt"/>
        <line num="48" count="2" type="stmt"/>
        <line num="49" count="0" type="stmt"/>
        <line num="50" count="0" type="stmt"/>
        <line num="51" count="0" type="stmt"/>
        <line num="52" count="0" type="stmt"/>
        <line num="53" count="0" type="stmt"/>
        <line num="54" count="0" type="stmt"/>
        <line num="55" count="0" type="stmt"/>
        <line num="56" count="0" type="stmt"/>
        <line num="57" count="0" type="stmt"/>
        <line num="58" count="0" type="stmt"/>
        <line num="59" count="0" type="stmt"/>
        <line num="60" count="0" type="stmt"/>
        <line num="61" count="0" type="stmt"/>
        <line num="62" count="0" type="stmt"/>
        <line num="63" count="0" type="stmt"/>
        <line num="64" count="0" type="stmt"/>
        <line num="65" count="2" type="stmt"/>
        <line num="66" count="2" type="stmt"/>
        <line num="67" count="0" type="stmt"/>
        <line num="68" count="0" type="stmt"/>
        <line num="69" count="0" type="stmt"/>
        <line num="70" count="0" type="stmt"/>
        <line num="71" count="0" type="stmt"/>
        <line num="72" count="0" type="stmt"/>
        <line num="73" count="0" type="stmt"/>
        <line num="74" count="0" type="stmt"/>
        <line num="75" count="0" type="stmt"/>
        <line num="76" count="0" type="stmt"/>
        <line num="77" count="0" type="stmt"/>
        <line num="78" count="0" type="stmt"/>
        <line num="79" count="0" type="stmt"/>
        <line num="80" count="0" type="stmt"/>
        <line num="81" count="0" type="stmt"/>
        <line num="82" count="0" type="stmt"/>
        <line num="83" count="0" type="stmt"/>
        <line num="84" count="0" type="stmt"/>
        <line num="85" count="0" type="stmt"/>
        <line num="86" count="0" type="stmt"/>
        <line num="87" count="0" type="stmt"/>
        <line num="88" count="0" type="stmt"/>
        <line num="89" count="0" type="stmt"/>
        <line num="90" count="0" type="stmt"/>
        <line num="91" count="0" type="stmt"/>
        <line num="92" count="0" type="stmt"/>
        <line num="93" count="0" type="stmt"/>
        <line num="94" count="0" type="stmt"/>
        <line num="95" count="0" type="stmt"/>
        <line num="96" count="0" type="stmt"/>
        <line num="97" count="0" type="stmt"/>
        <line num="98" count="0" type="stmt"/>
        <line num="99" count="0" type="stmt"/>
        <line num="100" count="2" type="stmt"/>
        <line num="101" count="2" type="stmt"/>
        <line num="102" count="0" type="stmt"/>
        <line num="103" count="0" type="stmt"/>
        <line num="104" count="0" type="stmt"/>
        <line num="105" count="0" type="stmt"/>
        <line num="106" count="0" type="stmt"/>
        <line num="107" count="0" type="stmt"/>
        <line num="108" count="0" type="stmt"/>
        <line num="109" count="0" type="stmt"/>
        <line num="110" count="0" type="stmt"/>
        <line num="111" count="0" type="stmt"/>
        <line num="112" count="0" type="stmt"/>
        <line num="113" count="0" type="stmt"/>
        <line num="114" count="0" type="stmt"/>
        <line num="115" count="0" type="stmt"/>
        <line num="116" count="0" type="stmt"/>
        <line num="117" count="0" type="stmt"/>
        <line num="118" count="0" type="stmt"/>
        <line num="119" count="0" type="stmt"/>
        <line num="120" count="2" type="stmt"/>
        <line num="121" count="2" type="stmt"/>
        <line num="122" count="0" type="stmt"/>
        <line num="123" count="0" type="stmt"/>
        <line num="124" count="0" type="stmt"/>
        <line num="125" count="0" type="stmt"/>
        <line num="126" count="0" type="stmt"/>
        <line num="127" count="0" type="stmt"/>
        <line num="128" count="0" type="stmt"/>
        <line num="129" count="0" type="stmt"/>
        <line num="130" count="0" type="stmt"/>
        <line num="131" count="0" type="stmt"/>
        <line num="132" count="0" type="stmt"/>
        <line num="133" count="0" type="stmt"/>
        <line num="134" count="0" type="stmt"/>
        <line num="135" count="0" type="stmt"/>
        <line num="136" count="0" type="stmt"/>
        <line num="137" count="0" type="stmt"/>
        <line num="138" count="0" type="stmt"/>
        <line num="139" count="0" type="stmt"/>
        <line num="140" count="0" type="stmt"/>
        <line num="141" count="0" type="stmt"/>
        <line num="142" count="0" type="stmt"/>
        <line num="143" count="0" type="stmt"/>
        <line num="144" count="0" type="stmt"/>
        <line num="145" count="0" type="stmt"/>
        <line num="146" count="0" type="stmt"/>
        <line num="147" count="0" type="stmt"/>
        <line num="148" count="0" type="stmt"/>
        <line num="149" count="0" type="stmt"/>
        <line num="150" count="0" type="stmt"/>
        <line num="151" count="0" type="stmt"/>
        <line num="152" count="0" type="stmt"/>
        <line num="153" count="0" type="stmt"/>
        <line num="154" count="2" type="stmt"/>
        <line num="155" count="2" type="stmt"/>
        <line num="156" count="2" type="stmt"/>
        <line num="157" count="2" type="stmt"/>
      </file>
      <file name="shop-repository.js" path="/Users/danialkozakmetov/Desktop/Новая папка 2/admin/src/database/repository/shop-repository.js">
        <metrics statements="136" coveredstatements="24" conditionals="4" coveredconditionals="4" methods="8" coveredmethods="2"/>
        <line num="1" count="4" type="cond" truecount="2" falsecount="0"/>
        <line num="2" count="4" type="stmt"/>
        <line num="3" count="0" type="stmt"/>
        <line num="4" count="0" type="stmt"/>
        <line num="5" count="0" type="stmt"/>
        <line num="6" count="0" type="stmt"/>
        <line num="7" count="0" type="stmt"/>
        <line num="8" count="0" type="stmt"/>
        <line num="9" count="0" type="stmt"/>
        <line num="10" count="4" type="stmt"/>
        <line num="11" count="4" type="stmt"/>
        <line num="12" count="0" type="stmt"/>
        <line num="13" count="0" type="stmt"/>
        <line num="14" count="0" type="stmt"/>
        <line num="15" count="0" type="stmt"/>
        <line num="16" count="0" type="stmt"/>
        <line num="17" count="0" type="stmt"/>
        <line num="18" count="0" type="stmt"/>
        <line num="19" count="0" type="stmt"/>
        <line num="20" count="0" type="stmt"/>
        <line num="21" count="0" type="stmt"/>
        <line num="22" count="0" type="stmt"/>
        <line num="23" count="0" type="stmt"/>
        <line num="24" count="0" type="stmt"/>
        <line num="25" count="0" type="stmt"/>
        <line num="26" count="0" type="stmt"/>
        <line num="27" count="0" type="stmt"/>
        <line num="28" count="0" type="stmt"/>
        <line num="29" count="0" type="stmt"/>
        <line num="30" count="0" type="stmt"/>
        <line num="31" count="0" type="stmt"/>
        <line num="32" count="0" type="stmt"/>
        <line num="33" count="0" type="stmt"/>
        <line num="34" count="0" type="stmt"/>
        <line num="35" count="0" type="stmt"/>
        <line num="36" count="0" type="stmt"/>
        <line num="37" count="4" type="stmt"/>
        <line num="38" count="4" type="stmt"/>
        <line num="39" count="4" type="stmt"/>
        <line num="40" count="4" type="stmt"/>
        <line num="41" count="4" type="stmt"/>
        <line num="42" count="4" type="stmt"/>
        <line num="43" count="4" type="cond" truecount="1" falsecount="0"/>
        <line num="44" count="4" type="cond" truecount="1" falsecount="0"/>
        <line num="45" count="18" type="stmt"/>
        <line num="46" count="4" type="stmt"/>
        <line num="47" count="0" type="stmt"/>
        <line num="48" count="0" type="stmt"/>
        <line num="49" count="0" type="stmt"/>
        <line num="50" count="0" type="stmt"/>
        <line num="51" count="0" type="stmt"/>
        <line num="52" count="0" type="stmt"/>
        <line num="53" count="0" type="stmt"/>
        <line num="54" count="0" type="stmt"/>
        <line num="55" count="0" type="stmt"/>
        <line num="56" count="0" type="stmt"/>
        <line num="57" count="0" type="stmt"/>
        <line num="58" count="0" type="stmt"/>
        <line num="59" count="0" type="stmt"/>
        <line num="60" count="0" type="stmt"/>
        <line num="61" count="0" type="stmt"/>
        <line num="62" count="0" type="stmt"/>
        <line num="63" count="4" type="stmt"/>
        <line num="64" count="4" type="stmt"/>
        <line num="65" count="0" type="stmt"/>
        <line num="66" count="0" type="stmt"/>
        <line num="67" count="0" type="stmt"/>
        <line num="68" count="0" type="stmt"/>
        <line num="69" count="0" type="stmt"/>
        <line num="70" count="0" type="stmt"/>
        <line num="71" count="0" type="stmt"/>
        <line num="72" count="0" type="stmt"/>
        <line num="73" count="0" type="stmt"/>
        <line num="74" count="0" type="stmt"/>
        <line num="75" count="0" type="stmt"/>
        <line num="76" count="0" type="stmt"/>
        <line num="77" count="0" type="stmt"/>
        <line num="78" count="0" type="stmt"/>
        <line num="79" count="0" type="stmt"/>
        <line num="80" count="0" type="stmt"/>
        <line num="81" count="0" type="stmt"/>
        <line num="82" count="0" type="stmt"/>
        <line num="83" count="4" type="stmt"/>
        <line num="84" count="4" type="stmt"/>
        <line num="85" count="0" type="stmt"/>
        <line num="86" count="0" type="stmt"/>
        <line num="87" count="0" type="stmt"/>
        <line num="88" count="0" type="stmt"/>
        <line num="89" count="0" type="stmt"/>
        <line num="90" count="0" type="stmt"/>
        <line num="91" count="0" type="stmt"/>
        <line num="92" count="0" type="stmt"/>
        <line num="93" count="0" type="stmt"/>
        <line num="94" count="0" type="stmt"/>
        <line num="95" count="0" type="stmt"/>
        <line num="96" count="0" type="stmt"/>
        <line num="97" count="0" type="stmt"/>
        <line num="98" count="0" type="stmt"/>
        <line num="99" count="0" type="stmt"/>
        <line num="100" count="0" type="stmt"/>
        <line num="101" count="0" type="stmt"/>
        <line num="102" count="0" type="stmt"/>
        <line num="103" count="0" type="stmt"/>
        <line num="104" count="0" type="stmt"/>
        <line num="105" count="0" type="stmt"/>
        <line num="106" count="0" type="stmt"/>
        <line num="107" count="0" type="stmt"/>
        <line num="108" count="0" type="stmt"/>
        <line num="109" count="0" type="stmt"/>
        <line num="110" count="0" type="stmt"/>
        <line num="111" count="0" type="stmt"/>
        <line num="112" count="0" type="stmt"/>
        <line num="113" count="0" type="stmt"/>
        <line num="114" count="0" type="stmt"/>
        <line num="115" count="0" type="stmt"/>
        <line num="116" count="0" type="stmt"/>
        <line num="117" count="0" type="stmt"/>
        <line num="118" count="4" type="stmt"/>
        <line num="119" count="4" type="stmt"/>
        <line num="120" count="0" type="stmt"/>
        <line num="121" count="0" type="stmt"/>
        <line num="122" count="0" type="stmt"/>
        <line num="123" count="0" type="stmt"/>
        <line num="124" count="0" type="stmt"/>
        <line num="125" count="0" type="stmt"/>
        <line num="126" count="0" type="stmt"/>
        <line num="127" count="0" type="stmt"/>
        <line num="128" count="0" type="stmt"/>
        <line num="129" count="0" type="stmt"/>
        <line num="130" count="0" type="stmt"/>
        <line num="131" count="0" type="stmt"/>
        <line num="132" count="0" type="stmt"/>
        <line num="133" count="4" type="stmt"/>
        <line num="134" count="4" type="stmt"/>
        <line num="135" count="4" type="stmt"/>
        <line num="136" count="4" type="stmt"/>
      </file>
    </package>
    <package name="database.repository.mock">
      <metrics statements="66" coveredstatements="48" conditionals="14" coveredconditionals="12" methods="16" coveredmethods="8"/>
      <file name="mock-category-repository.js" path="/Users/danialkozakmetov/Desktop/Новая папка 2/admin/src/database/repository/mock/mock-category-repository.js">
        <metrics statements="33" coveredstatements="24" conditionals="7" coveredconditionals="6" methods="8" coveredmethods="4"/>
        <line num="1" count="2" type="cond" truecount="2" falsecount="0"/>
        <line num="2" count="2" type="cond" truecount="1" falsecount="0"/>
        <line num="3" count="2" type="cond" truecount="0" falsecount="1"/>
        <line num="4" count="0" type="stmt"/>
        <line num="5" count="0" type="stmt"/>
        <line num="6" count="0" type="stmt"/>
        <line num="7" count="0" type="stmt"/>
        <line num="8" count="0" type="stmt"/>
        <line num="9" count="0" type="stmt"/>
        <line num="10" count="2" type="stmt"/>
        <line num="11" count="2" type="stmt"/>
        <line num="12" count="2" type="stmt"/>
        <line num="13" count="2" type="stmt"/>
        <line num="14" count="2" type="stmt"/>
        <line num="15" count="2" type="cond" truecount="1" falsecount="0"/>
        <line num="16" count="2" type="cond" truecount="1" falsecount="0"/>
        <line num="17" count="28" type="stmt"/>
        <line num="18" count="2" type="cond" truecount="1" falsecount="0"/>
        <line num="19" count="2" type="stmt"/>
        <line num="20" count="2" type="stmt"/>
        <line num="21" count="2" type="stmt"/>
        <line num="22" count="2" type="stmt"/>
        <line num="23" count="0" type="stmt"/>
        <line num="24" count="2" type="stmt"/>
        <line num="25" count="2" type="stmt"/>
        <line num="26" count="0" type="stmt"/>
        <line num="27" count="2" type="stmt"/>
        <line num="28" count="2" type="stmt"/>
        <line num="29" count="0" type="stmt"/>
        <line num="30" count="2" type="stmt"/>
        <line num="31" count="2" type="stmt"/>
        <line num="32" count="2" type="stmt"/>
        <line num="33" count="2" type="stmt"/>
      </file>
      <file name="mock-shop-repository.js" path="/Users/danialkozakmetov/Desktop/Новая папка 2/admin/src/database/repository/mock/mock-shop-repository.js">
        <metrics statements="33" coveredstatements="24" conditionals="7" coveredconditionals="6" methods="8" coveredmethods="4"/>
        <line num="1" count="2" type="cond" truecount="2" falsecount="0"/>
        <line num="2" count="2" type="cond" truecount="1" falsecount="0"/>
        <line num="3" count="2" type="cond" truecount="0" falsecount="1"/>
        <line num="4" count="0" type="stmt"/>
        <line num="5" count="0" type="stmt"/>
        <line num="6" count="0" type="stmt"/>
        <line num="7" count="0" type="stmt"/>
        <line num="8" count="0" type="stmt"/>
        <line num="9" count="0" type="stmt"/>
        <line num="10" count="2" type="stmt"/>
        <line num="11" count="2" type="stmt"/>
        <line num="12" count="2" type="stmt"/>
        <line num="13" count="2" type="stmt"/>
        <line num="14" count="2" type="stmt"/>
        <line num="15" count="2" type="cond" truecount="1" falsecount="0"/>
        <line num="16" count="2" type="cond" truecount="1" falsecount="0"/>
        <line num="17" count="8" type="stmt"/>
        <line num="18" count="2" type="cond" truecount="1" falsecount="0"/>
        <line num="19" count="2" type="stmt"/>
        <line num="20" count="2" type="stmt"/>
        <line num="21" count="2" type="stmt"/>
        <line num="22" count="2" type="stmt"/>
        <line num="23" count="0" type="stmt"/>
        <line num="24" count="2" type="stmt"/>
        <line num="25" count="2" type="stmt"/>
        <line num="26" count="0" type="stmt"/>
        <line num="27" count="2" type="stmt"/>
        <line num="28" count="2" type="stmt"/>
        <line num="29" count="0" type="stmt"/>
        <line num="30" count="2" type="stmt"/>
        <line num="31" count="2" type="stmt"/>
        <line num="32" count="2" type="stmt"/>
        <line num="33" count="2" type="stmt"/>
      </file>
    </package>
    <package name="services">
      <metrics statements="262" coveredstatements="183" conditionals="122" coveredconditionals="87" methods="35" coveredmethods="27"/>
      <file name="category-service.js" path="/Users/danialkozakmetov/Desktop/Новая папка 2/admin/src/services/category-service.js">
        <metrics statements="143" coveredstatements="102" conditionals="66" coveredconditionals="50" methods="18" coveredmethods="15"/>
        <line num="1" count="2" type="cond" truecount="2" falsecount="0"/>
        <line num="2" count="2" type="cond" truecount="1" falsecount="0"/>
        <line num="3" count="12" type="cond" truecount="1" falsecount="1"/>
        <line num="4" count="12" type="cond" truecount="1" falsecount="0"/>
        <line num="5" count="12" type="cond" truecount="1" falsecount="1"/>
        <line num="6" count="12" type="cond" truecount="1" falsecount="0"/>
        <line num="7" count="12" type="cond" truecount="3" falsecount="0"/>
        <line num="8" count="12" type="stmt"/>
        <line num="9" count="12" type="stmt"/>
        <line num="10" count="2" type="stmt"/>
        <line num="11" count="2" type="cond" truecount="1" falsecount="0"/>
        <line num="12" count="12" type="cond" truecount="2" falsecount="0"/>
        <line num="13" count="12" type="stmt"/>
        <line num="14" count="12" type="cond" truecount="2" falsecount="0"/>
        <line num="15" count="12" type="cond" truecount="1" falsecount="0"/>
        <line num="16" count="24" type="cond" truecount="0" falsecount="1"/>
        <line num="17" count="24" type="cond" truecount="2" falsecount="1"/>
        <line num="18" count="48" type="cond" truecount="0" falsecount="3"/>
        <line num="19" count="48" type="cond" truecount="0" falsecount="1"/>
        <line num="20" count="48" type="stmt"/>
        <line num="21" count="48" type="cond" truecount="2" falsecount="0"/>
        <line num="22" count="48" type="cond" truecount="1" falsecount="0"/>
        <line num="23" count="48" type="cond" truecount="0" falsecount="1"/>
        <line num="24" count="48" type="cond" truecount="0" falsecount="1"/>
        <line num="25" count="48" type="cond" truecount="1" falsecount="0"/>
        <line num="26" count="12" type="cond" truecount="1" falsecount="1"/>
        <line num="27" count="12" type="cond" truecount="0" falsecount="2"/>
        <line num="28" count="12" type="cond" truecount="0" falsecount="1"/>
        <line num="29" count="12" type="cond" truecount="0" falsecount="1"/>
        <line num="30" count="0" type="stmt"/>
        <line num="31" count="0" type="stmt"/>
        <line num="32" count="48" type="stmt"/>
        <line num="33" count="24" type="cond" truecount="1" falsecount="0"/>
        <line num="34" count="48" type="cond" truecount="2" falsecount="0"/>
        <line num="35" count="24" type="cond" truecount="2" falsecount="1"/>
        <line num="36" count="24" type="stmt"/>
        <line num="37" count="2" type="stmt"/>
        <line num="38" count="2" type="stmt"/>
        <line num="39" count="2" type="stmt"/>
        <line num="40" count="2" type="stmt"/>
        <line num="41" count="2" type="stmt"/>
        <line num="42" count="2" type="cond" truecount="1" falsecount="0"/>
        <line num="43" count="2" type="cond" truecount="1" falsecount="0"/>
        <line num="44" count="14" type="stmt"/>
        <line num="45" count="14" type="stmt"/>
        <line num="46" count="2" type="cond" truecount="1" falsecount="0"/>
        <line num="47" count="2" type="cond" truecount="1" falsecount="0"/>
        <line num="48" count="2" type="stmt"/>
        <line num="49" count="2" type="cond" truecount="1" falsecount="0"/>
        <line num="50" count="4" type="stmt"/>
        <line num="51" count="4" type="cond" truecount="1" falsecount="0"/>
        <line num="52" count="4" type="cond" truecount="1" falsecount="0"/>
        <line num="53" count="2" type="stmt"/>
        <line num="54" count="2" type="stmt"/>
        <line num="55" count="4" type="stmt"/>
        <line num="56" count="2" type="stmt"/>
        <line num="57" count="2" type="stmt"/>
        <line num="58" count="2" type="stmt"/>
        <line num="59" count="2" type="cond" truecount="1" falsecount="0"/>
        <line num="60" count="2" type="cond" truecount="1" falsecount="0"/>
        <line num="61" count="2" type="stmt"/>
        <line num="62" count="2" type="cond" truecount="1" falsecount="0"/>
        <line num="63" count="4" type="stmt"/>
        <line num="64" count="4" type="cond" truecount="1" falsecount="0"/>
        <line num="65" count="4" type="cond" truecount="1" falsecount="0"/>
        <line num="66" count="2" type="stmt"/>
        <line num="67" count="2" type="stmt"/>
        <line num="68" count="4" type="stmt"/>
        <line num="69" count="2" type="stmt"/>
        <line num="70" count="2" type="stmt"/>
        <line num="71" count="2" type="stmt"/>
        <line num="72" count="2" type="cond" truecount="1" falsecount="0"/>
        <line num="73" count="4" type="cond" truecount="1" falsecount="0"/>
        <line num="74" count="4" type="stmt"/>
        <line num="75" count="4" type="cond" truecount="1" falsecount="0"/>
        <line num="76" count="8" type="stmt"/>
        <line num="77" count="8" type="cond" truecount="1" falsecount="0"/>
        <line num="78" count="8" type="cond" truecount="1" falsecount="0"/>
        <line num="79" count="4" type="stmt"/>
        <line num="80" count="4" type="stmt"/>
        <line num="81" count="8" type="stmt"/>
        <line num="82" count="4" type="stmt"/>
        <line num="83" count="4" type="stmt"/>
        <line num="84" count="2" type="stmt"/>
        <line num="85" count="2" type="cond" truecount="1" falsecount="0"/>
        <line num="86" count="4" type="cond" truecount="1" falsecount="0"/>
        <line num="87" count="4" type="stmt"/>
        <line num="88" count="4" type="cond" truecount="1" falsecount="0"/>
        <line num="89" count="8" type="stmt"/>
        <line num="90" count="8" type="cond" truecount="1" falsecount="0"/>
        <line num="91" count="8" type="cond" truecount="1" falsecount="0"/>
        <line num="92" count="4" type="stmt"/>
        <line num="93" count="4" type="stmt"/>
        <line num="94" count="8" type="stmt"/>
        <line num="95" count="4" type="stmt"/>
        <line num="96" count="4" type="stmt"/>
        <line num="97" count="2" type="stmt"/>
        <line num="98" count="2" type="stmt"/>
        <line num="99" count="0" type="stmt"/>
        <line num="100" count="0" type="stmt"/>
        <line num="101" count="0" type="stmt"/>
        <line num="102" count="0" type="stmt"/>
        <line num="103" count="0" type="stmt"/>
        <line num="104" count="0" type="stmt"/>
        <line num="105" count="0" type="stmt"/>
        <line num="106" count="0" type="stmt"/>
        <line num="107" count="0" type="stmt"/>
        <line num="108" count="0" type="stmt"/>
        <line num="109" count="0" type="stmt"/>
        <line num="110" count="0" type="stmt"/>
        <line num="111" count="0" type="stmt"/>
        <line num="112" count="0" type="stmt"/>
        <line num="113" count="0" type="stmt"/>
        <line num="114" count="0" type="stmt"/>
        <line num="115" count="0" type="stmt"/>
        <line num="116" count="0" type="stmt"/>
        <line num="117" count="0" type="stmt"/>
        <line num="118" count="2" type="stmt"/>
        <line num="119" count="2" type="stmt"/>
        <line num="120" count="0" type="stmt"/>
        <line num="121" count="0" type="stmt"/>
        <line num="122" count="0" type="stmt"/>
        <line num="123" count="0" type="stmt"/>
        <line num="124" count="0" type="stmt"/>
        <line num="125" count="0" type="stmt"/>
        <line num="126" count="0" type="stmt"/>
        <line num="127" count="0" type="stmt"/>
        <line num="128" count="0" type="stmt"/>
        <line num="129" count="0" type="stmt"/>
        <line num="130" count="0" type="stmt"/>
        <line num="131" count="0" type="stmt"/>
        <line num="132" count="0" type="stmt"/>
        <line num="133" count="0" type="stmt"/>
        <line num="134" count="0" type="stmt"/>
        <line num="135" count="0" type="stmt"/>
        <line num="136" count="0" type="stmt"/>
        <line num="137" count="0" type="stmt"/>
        <line num="138" count="0" type="stmt"/>
        <line num="139" count="0" type="stmt"/>
        <line num="140" count="2" type="stmt"/>
        <line num="141" count="2" type="stmt"/>
        <line num="142" count="2" type="stmt"/>
        <line num="143" count="2" type="stmt"/>
      </file>
      <file name="shop-service.js" path="/Users/danialkozakmetov/Desktop/Новая папка 2/admin/src/services/shop-service.js">
        <metrics statements="119" coveredstatements="81" conditionals="56" coveredconditionals="37" methods="17" coveredmethods="12"/>
        <line num="1" count="2" type="cond" truecount="2" falsecount="0"/>
        <line num="2" count="2" type="stmt"/>
        <line num="3" count="0" type="stmt"/>
        <line num="4" count="0" type="stmt"/>
        <line num="5" count="0" type="stmt"/>
        <line num="6" count="0" type="stmt"/>
        <line num="7" count="0" type="stmt"/>
        <line num="8" count="0" type="stmt"/>
        <line num="9" count="0" type="stmt"/>
        <line num="10" count="0" type="stmt"/>
        <line num="11" count="0" type="stmt"/>
        <line num="12" count="2" type="stmt"/>
        <line num="13" count="2" type="cond" truecount="1" falsecount="0"/>
        <line num="14" count="4" type="cond" truecount="1" falsecount="1"/>
        <line num="15" count="4" type="cond" truecount="1" falsecount="0"/>
        <line num="16" count="4" type="cond" truecount="1" falsecount="1"/>
        <line num="17" count="4" type="stmt"/>
        <line num="18" count="4" type="cond" truecount="3" falsecount="0"/>
        <line num="19" count="4" type="cond" truecount="1" falsecount="0"/>
        <line num="20" count="4" type="stmt"/>
        <line num="21" count="2" type="stmt"/>
        <line num="22" count="2" type="cond" truecount="1" falsecount="0"/>
        <line num="23" count="4" type="cond" truecount="1" falsecount="1"/>
        <line num="24" count="4" type="stmt"/>
        <line num="25" count="4" type="cond" truecount="2" falsecount="0"/>
        <line num="26" count="4" type="cond" truecount="1" falsecount="0"/>
        <line num="27" count="8" type="cond" truecount="0" falsecount="1"/>
        <line num="28" count="8" type="cond" truecount="2" falsecount="1"/>
        <line num="29" count="16" type="cond" truecount="0" falsecount="3"/>
        <line num="30" count="16" type="cond" truecount="0" falsecount="1"/>
        <line num="31" count="16" type="stmt"/>
        <line num="32" count="16" type="cond" truecount="2" falsecount="0"/>
        <line num="33" count="16" type="cond" truecount="1" falsecount="0"/>
        <line num="34" count="16" type="cond" truecount="0" falsecount="1"/>
        <line num="35" count="16" type="cond" truecount="0" falsecount="1"/>
        <line num="36" count="16" type="cond" truecount="1" falsecount="0"/>
        <line num="37" count="4" type="cond" truecount="0" falsecount="1"/>
        <line num="38" count="4" type="cond" truecount="0" falsecount="2"/>
        <line num="39" count="4" type="cond" truecount="0" falsecount="1"/>
        <line num="40" count="4" type="cond" truecount="0" falsecount="1"/>
        <line num="41" count="0" type="stmt"/>
        <line num="42" count="0" type="stmt"/>
        <line num="43" count="16" type="stmt"/>
        <line num="44" count="8" type="cond" truecount="1" falsecount="0"/>
        <line num="45" count="16" type="cond" truecount="1" falsecount="1"/>
        <line num="46" count="8" type="cond" truecount="2" falsecount="2"/>
        <line num="47" count="8" type="stmt"/>
        <line num="48" count="2" type="stmt"/>
        <line num="49" count="2" type="stmt"/>
        <line num="50" count="2" type="stmt"/>
        <line num="51" count="2" type="stmt"/>
        <line num="52" count="2" type="stmt"/>
        <line num="53" count="2" type="cond" truecount="1" falsecount="0"/>
        <line num="54" count="2" type="cond" truecount="1" falsecount="0"/>
        <line num="55" count="4" type="stmt"/>
        <line num="56" count="4" type="stmt"/>
        <line num="57" count="2" type="cond" truecount="1" falsecount="0"/>
        <line num="58" count="2" type="cond" truecount="1" falsecount="0"/>
        <line num="59" count="2" type="stmt"/>
        <line num="60" count="2" type="cond" truecount="1" falsecount="0"/>
        <line num="61" count="4" type="stmt"/>
        <line num="62" count="4" type="cond" truecount="1" falsecount="0"/>
        <line num="63" count="4" type="cond" truecount="1" falsecount="0"/>
        <line num="64" count="2" type="stmt"/>
        <line num="65" count="2" type="stmt"/>
        <line num="66" count="4" type="stmt"/>
        <line num="67" count="2" type="stmt"/>
        <line num="68" count="2" type="stmt"/>
        <line num="69" count="2" type="stmt"/>
        <line num="70" count="2" type="cond" truecount="1" falsecount="0"/>
        <line num="71" count="2" type="cond" truecount="1" falsecount="0"/>
        <line num="72" count="2" type="stmt"/>
        <line num="73" count="2" type="stmt"/>
        <line num="74" count="2" type="cond" truecount="1" falsecount="0"/>
        <line num="75" count="4" type="stmt"/>
        <line num="76" count="4" type="cond" truecount="1" falsecount="0"/>
        <line num="77" count="2" type="stmt"/>
        <line num="78" count="2" type="stmt"/>
        <line num="79" count="4" type="cond" truecount="1" falsecount="0"/>
        <line num="80" count="2" type="stmt"/>
        <line num="81" count="2" type="stmt"/>
        <line num="82" count="4" type="stmt"/>
        <line num="83" count="2" type="stmt"/>
        <line num="84" count="2" type="stmt"/>
        <line num="85" count="2" type="stmt"/>
        <line num="86" count="2" type="stmt"/>
        <line num="87" count="0" type="stmt"/>
        <line num="88" count="0" type="stmt"/>
        <line num="89" count="0" type="stmt"/>
        <line num="90" count="0" type="stmt"/>
        <line num="91" count="0" type="stmt"/>
        <line num="92" count="0" type="stmt"/>
        <line num="93" count="0" type="stmt"/>
        <line num="94" count="0" type="stmt"/>
        <line num="95" count="0" type="stmt"/>
        <line num="96" count="0" type="stmt"/>
        <line num="97" count="0" type="stmt"/>
        <line num="98" count="2" type="stmt"/>
        <line num="99" count="2" type="stmt"/>
        <line num="100" count="0" type="stmt"/>
        <line num="101" count="0" type="stmt"/>
        <line num="102" count="0" type="stmt"/>
        <line num="103" count="0" type="stmt"/>
        <line num="104" count="0" type="stmt"/>
        <line num="105" count="0" type="stmt"/>
        <line num="106" count="0" type="stmt"/>
        <line num="107" count="0" type="stmt"/>
        <line num="108" count="0" type="stmt"/>
        <line num="109" count="0" type="stmt"/>
        <line num="110" count="0" type="stmt"/>
        <line num="111" count="0" type="stmt"/>
        <line num="112" count="0" type="stmt"/>
        <line num="113" count="0" type="stmt"/>
        <line num="114" count="0" type="stmt"/>
        <line num="115" count="0" type="stmt"/>
        <line num="116" count="2" type="stmt"/>
        <line num="117" count="2" type="stmt"/>
        <line num="118" count="2" type="stmt"/>
        <line num="119" count="2" type="stmt"/>
      </file>
    </package>
    <package name="utils">
      <metrics statements="228" coveredstatements="82" conditionals="7" coveredconditionals="6" methods="14" coveredmethods="3"/>
      <file name="index.js" path="/Users/danialkozakmetov/Desktop/Новая папка 2/admin/src/utils/index.js">
        <metrics statements="218" coveredstatements="72" conditionals="4" coveredconditionals="3" methods="13" coveredmethods="2"/>
        <line num="1" count="4" type="cond" truecount="2" falsecount="0"/>
        <line num="2" count="4" type="stmt"/>
        <line num="3" count="0" type="stmt"/>
        <line num="4" count="0" type="stmt"/>
        <line num="5" count="0" type="stmt"/>
        <line num="6" count="0" type="stmt"/>
        <line num="7" count="0" type="stmt"/>
        <line num="8" count="0" type="stmt"/>
        <line num="9" count="0" type="stmt"/>
        <line num="10" count="4" type="stmt"/>
        <line num="11" count="4" type="stmt"/>
        <line num="12" count="0" type="stmt"/>
        <line num="13" count="0" type="stmt"/>
        <line num="14" count="0" type="stmt"/>
        <line num="15" count="0" type="stmt"/>
        <line num="16" count="0" type="stmt"/>
        <line num="17" count="0" type="stmt"/>
        <line num="18" count="0" type="stmt"/>
        <line num="19" count="0" type="stmt"/>
        <line num="20" count="0" type="stmt"/>
        <line num="21" count="0" type="stmt"/>
        <line num="22" count="0" type="stmt"/>
        <line num="23" count="0" type="stmt"/>
        <line num="24" count="0" type="stmt"/>
        <line num="25" count="0" type="stmt"/>
        <line num="26" count="0" type="stmt"/>
        <line num="27" count="0" type="stmt"/>
        <line num="28" count="0" type="stmt"/>
        <line num="29" count="0" type="stmt"/>
        <line num="30" count="0" type="stmt"/>
        <line num="31" count="0" type="stmt"/>
        <line num="32" count="0" type="stmt"/>
        <line num="33" count="0" type="stmt"/>
        <line num="34" count="0" type="stmt"/>
        <line num="35" count="0" type="stmt"/>
        <line num="36" count="0" type="stmt"/>
        <line num="37" count="4" type="stmt"/>
        <line num="38" count="4" type="stmt"/>
        <line num="39" count="4" type="stmt"/>
        <line num="40" count="4" type="stmt"/>
        <line num="41" count="4" type="stmt"/>
        <line num="42" count="4" type="stmt"/>
        <line num="43" count="4" type="stmt"/>
        <line num="44" count="4" type="stmt"/>
        <line num="45" count="0" type="stmt"/>
        <line num="46" count="0" type="stmt"/>
        <line num="47" count="0" type="stmt"/>
        <line num="48" count="0" type="stmt"/>
        <line num="49" count="0" type="stmt"/>
        <line num="50" count="0" type="stmt"/>
        <line num="51" count="0" type="stmt"/>
        <line num="52" count="0" type="stmt"/>
        <line num="53" count="0" type="stmt"/>
        <line num="54" count="0" type="stmt"/>
        <line num="55" count="0" type="stmt"/>
        <line num="56" count="0" type="stmt"/>
        <line num="57" count="0" type="stmt"/>
        <line num="58" count="0" type="stmt"/>
        <line num="59" count="0" type="stmt"/>
        <line num="60" count="0" type="stmt"/>
        <line num="61" count="0" type="stmt"/>
        <line num="62" count="4" type="stmt"/>
        <line num="63" count="4" type="stmt"/>
        <line num="64" count="4" type="stmt"/>
        <line num="65" count="0" type="stmt"/>
        <line num="66" count="0" type="stmt"/>
        <line num="67" count="0" type="stmt"/>
        <line num="68" count="0" type="stmt"/>
        <line num="69" count="0" type="stmt"/>
        <line num="70" count="0" type="stmt"/>
        <line num="71" count="0" type="stmt"/>
        <line num="72" count="0" type="stmt"/>
        <line num="73" count="0" type="stmt"/>
        <line num="74" count="0" type="stmt"/>
        <line num="75" count="0" type="stmt"/>
        <line num="76" count="0" type="stmt"/>
        <line num="77" count="0" type="stmt"/>
        <line num="78" count="0" type="stmt"/>
        <line num="79" count="0" type="stmt"/>
        <line num="80" count="0" type="stmt"/>
        <line num="81" count="4" type="stmt"/>
        <line num="82" count="4" type="stmt"/>
        <line num="83" count="4" type="stmt"/>
        <line num="84" count="0" type="stmt"/>
        <line num="85" count="0" type="stmt"/>
        <line num="86" count="0" type="stmt"/>
        <line num="87" count="0" type="stmt"/>
        <line num="88" count="0" type="stmt"/>
        <line num="89" count="0" type="stmt"/>
        <line num="90" count="0" type="stmt"/>
        <line num="91" count="0" type="stmt"/>
        <line num="92" count="0" type="stmt"/>
        <line num="93" count="0" type="stmt"/>
        <line num="94" count="0" type="stmt"/>
        <line num="95" count="0" type="stmt"/>
        <line num="96" count="0" type="stmt"/>
        <line num="97" count="0" type="stmt"/>
        <line num="98" count="4" type="stmt"/>
        <line num="99" count="4" type="stmt"/>
        <line num="100" count="4" type="cond" truecount="1" falsecount="0"/>
        <line num="101" count="24" type="stmt"/>
        <line num="102" count="24" type="stmt"/>
        <line num="103" count="24" type="stmt"/>
        <line num="104" count="0" type="cond" truecount="0" falsecount="1"/>
        <line num="105" count="0" type="stmt"/>
        <line num="106" count="0" type="stmt"/>
        <line num="107" count="4" type="stmt"/>
        <line num="108" count="4" type="stmt"/>
        <line num="109" count="4" type="stmt"/>
        <line num="110" count="0" type="stmt"/>
        <line num="111" count="0" type="stmt"/>
        <line num="112" count="0" type="stmt"/>
        <line num="113" count="0" type="stmt"/>
        <line num="114" count="0" type="stmt"/>
        <line num="115" count="0" type="stmt"/>
        <line num="116" count="4" type="stmt"/>
        <line num="117" count="4" type="stmt"/>
        <line num="118" count="4" type="stmt"/>
        <line num="119" count="0" type="stmt"/>
        <line num="120" count="0" type="stmt"/>
        <line num="121" count="0" type="stmt"/>
        <line num="122" count="0" type="stmt"/>
        <line num="123" count="0" type="stmt"/>
        <line num="124" count="0" type="stmt"/>
        <line num="125" count="4" type="stmt"/>
        <line num="126" count="4" type="stmt"/>
        <line num="127" count="4" type="stmt"/>
        <line num="128" count="0" type="stmt"/>
        <line num="129" count="0" type="stmt"/>
        <line num="130" count="0" type="stmt"/>
        <line num="131" count="0" type="stmt"/>
        <line num="132" count="0" type="stmt"/>
        <line num="133" count="0" type="stmt"/>
        <line num="134" count="4" type="stmt"/>
        <line num="135" count="4" type="stmt"/>
        <line num="136" count="4" type="stmt"/>
        <line num="137" count="4" type="stmt"/>
        <line num="138" count="4" type="stmt"/>
        <line num="139" count="4" type="stmt"/>
        <line num="140" count="4" type="stmt"/>
        <line num="141" count="4" type="stmt"/>
        <line num="142" count="4" type="stmt"/>
        <line num="143" count="4" type="stmt"/>
        <line num="144" count="4" type="stmt"/>
        <line num="145" count="4" type="stmt"/>
        <line num="146" count="0" type="stmt"/>
        <line num="147" count="0" type="stmt"/>
        <line num="148" count="0" type="stmt"/>
        <line num="149" count="0" type="stmt"/>
        <line num="150" count="0" type="stmt"/>
        <line num="151" count="0" type="stmt"/>
        <line num="152" count="0" type="stmt"/>
        <line num="153" count="0" type="stmt"/>
        <line num="154" count="0" type="stmt"/>
        <line num="155" count="0" type="stmt"/>
        <line num="156" count="0" type="stmt"/>
        <line num="157" count="0" type="stmt"/>
        <line num="158" count="0" type="stmt"/>
        <line num="159" count="0" type="stmt"/>
        <line num="160" count="0" type="stmt"/>
        <line num="161" count="0" type="stmt"/>
        <line num="162" count="0" type="stmt"/>
        <line num="163" count="0" type="stmt"/>
        <line num="164" count="0" type="stmt"/>
        <line num="165" count="0" type="stmt"/>
        <line num="166" count="0" type="stmt"/>
        <line num="167" count="4" type="stmt"/>
        <line num="168" count="4" type="stmt"/>
        <line num="169" count="4" type="stmt"/>
        <line num="170" count="0" type="stmt"/>
        <line num="171" count="0" type="stmt"/>
        <line num="172" count="4" type="stmt"/>
        <line num="173" count="4" type="stmt"/>
        <line num="174" count="4" type="stmt"/>
        <line num="175" count="0" type="stmt"/>
        <line num="176" count="0" type="stmt"/>
        <line num="177" count="0" type="stmt"/>
        <line num="178" count="0" type="stmt"/>
        <line num="179" count="0" type="stmt"/>
        <line num="180" count="0" type="stmt"/>
        <line num="181" count="0" type="stmt"/>
        <line num="182" count="0" type="stmt"/>
        <line num="183" count="0" type="stmt"/>
        <line num="184" count="0" type="stmt"/>
        <line num="185" count="0" type="stmt"/>
        <line num="186" count="0" type="stmt"/>
        <line num="187" count="0" type="stmt"/>
        <line num="188" count="0" type="stmt"/>
        <line num="189" count="0" type="stmt"/>
        <line num="190" count="0" type="stmt"/>
        <line num="191" count="0" type="stmt"/>
        <line num="192" count="0" type="stmt"/>
        <line num="193" count="0" type="stmt"/>
        <line num="194" count="0" type="stmt"/>
        <line num="195" count="0" type="stmt"/>
        <line num="196" count="0" type="stmt"/>
        <line num="197" count="0" type="stmt"/>
        <line num="198" count="4" type="stmt"/>
        <line num="199" count="4" type="stmt"/>
        <line num="200" count="4" type="stmt"/>
        <line num="201" count="4" type="stmt"/>
        <line num="202" count="4" type="stmt"/>
        <line num="203" count="4" type="stmt"/>
        <line num="204" count="4" type="stmt"/>
        <line num="205" count="4" type="stmt"/>
        <line num="206" count="4" type="stmt"/>
        <line num="207" count="4" type="stmt"/>
        <line num="208" count="4" type="stmt"/>
        <line num="209" count="4" type="stmt"/>
        <line num="210" count="4" type="stmt"/>
        <line num="211" count="4" type="stmt"/>
        <line num="212" count="4" type="stmt"/>
        <line num="213" count="4" type="stmt"/>
        <line num="214" count="4" type="stmt"/>
        <line num="215" count="4" type="stmt"/>
        <line num="216" count="4" type="stmt"/>
        <line num="217" count="4" type="stmt"/>
        <line num="218" count="4" type="stmt"/>
      </file>
      <file name="interfaces.js" path="/Users/danialkozakmetov/Desktop/Новая папка 2/admin/src/utils/interfaces.js">
        <metrics statements="10" coveredstatements="10" conditionals="3" coveredconditionals="3" methods="1" coveredmethods="1"/>
        <line num="1" count="4" type="cond" truecount="2" falsecount="0"/>
        <line num="2" count="4" type="stmt"/>
        <line num="3" count="4" type="stmt"/>
        <line num="4" count="4" type="stmt"/>
        <line num="5" count="4" type="cond" truecount="1" falsecount="0"/>
        <line num="6" count="4" type="stmt"/>
        <line num="7" count="4" type="stmt"/>
        <line num="8" count="4" type="stmt"/>
        <line num="9" count="4" type="stmt"/>
        <line num="10" count="4" type="stmt"/>
      </file>
    </package>
    <package name="utils.errors">
      <metrics statements="79" coveredstatements="73" conditionals="24" coveredconditionals="14" methods="11" coveredmethods="7"/>
      <file name="app-errors.js" path="/Users/danialkozakmetov/Desktop/Новая папка 2/admin/src/utils/errors/app-errors.js">
        <metrics statements="79" coveredstatements="73" conditionals="24" coveredconditionals="14" methods="11" coveredmethods="7"/>
        <line num="1" count="4" type="cond" truecount="2" falsecount="0"/>
        <line num="2" count="4" type="cond" truecount="1" falsecount="0"/>
        <line num="3" count="4" type="cond" truecount="1" falsecount="0"/>
        <line num="4" count="4" type="cond" truecount="0" falsecount="1"/>
        <line num="5" count="4" type="cond" truecount="0" falsecount="1"/>
        <line num="6" count="4" type="stmt"/>
        <line num="7" count="4" type="stmt"/>
        <line num="8" count="4" type="stmt"/>
        <line num="9" count="4" type="cond" truecount="1" falsecount="0"/>
        <line num="10" count="20" type="cond" truecount="0" falsecount="1"/>
        <line num="11" count="20" type="cond" truecount="0" falsecount="1"/>
        <line num="12" count="20" type="stmt"/>
        <line num="13" count="20" type="cond" truecount="1" falsecount="0"/>
        <line num="14" count="20" type="cond" truecount="0" falsecount="1"/>
        <line num="15" count="4" type="stmt"/>
        <line num="16" count="4" type="stmt"/>
        <line num="17" count="4" type="stmt"/>
        <line num="18" count="4" type="stmt"/>
        <line num="19" count="4" type="stmt"/>
        <line num="20" count="4" type="stmt"/>
        <line num="21" count="4" type="stmt"/>
        <line num="22" count="4" type="stmt"/>
        <line num="23" count="4" type="stmt"/>
        <line num="24" count="4" type="stmt"/>
        <line num="25" count="4" type="stmt"/>
        <line num="26" count="4" type="cond" truecount="1" falsecount="0"/>
        <line num="27" count="4" type="stmt"/>
        <line num="28" count="4" type="cond" truecount="1" falsecount="0"/>
        <line num="29" count="6" type="stmt"/>
        <line num="30" count="6" type="cond" truecount="0" falsecount="1"/>
        <line num="31" count="6" type="stmt"/>
        <line num="32" count="6" type="stmt"/>
        <line num="33" count="6" type="stmt"/>
        <line num="34" count="6" type="stmt"/>
        <line num="35" count="6" type="stmt"/>
        <line num="36" count="6" type="stmt"/>
        <line num="37" count="4" type="stmt"/>
        <line num="38" count="4" type="stmt"/>
        <line num="39" count="4" type="stmt"/>
        <line num="40" count="4" type="stmt"/>
        <line num="41" count="4" type="cond" truecount="1" falsecount="0"/>
        <line num="42" count="4" type="stmt"/>
        <line num="43" count="4" type="stmt"/>
        <line num="44" count="0" type="stmt"/>
        <line num="45" count="0" type="stmt"/>
        <line num="46" count="0" type="stmt"/>
        <line num="47" count="4" type="stmt"/>
        <line num="48" count="4" type="stmt"/>
        <line num="49" count="4" type="stmt"/>
        <line num="50" count="4" type="stmt"/>
        <line num="51" count="4" type="cond" truecount="1" falsecount="0"/>
        <line num="52" count="4" type="stmt"/>
        <line num="53" count="4" type="cond" truecount="1" falsecount="0"/>
        <line num="54" count="2" type="cond" truecount="0" falsecount="1"/>
        <line num="55" count="2" type="cond" truecount="0" falsecount="1"/>
        <line num="56" count="2" type="stmt"/>
        <line num="57" count="4" type="stmt"/>
        <line num="58" count="4" type="stmt"/>
        <line num="59" count="4" type="stmt"/>
        <line num="60" count="4" type="stmt"/>
        <line num="61" count="4" type="cond" truecount="1" falsecount="0"/>
        <line num="62" count="4" type="stmt"/>
        <line num="63" count="4" type="stmt"/>
        <line num="64" count="0" type="stmt"/>
        <line num="65" count="0" type="stmt"/>
        <line num="66" count="0" type="stmt"/>
        <line num="67" count="4" type="stmt"/>
        <line num="68" count="4" type="stmt"/>
        <line num="69" count="4" type="stmt"/>
        <line num="70" count="4" type="stmt"/>
        <line num="71" count="4" type="cond" truecount="1" falsecount="0"/>
        <line num="72" count="4" type="stmt"/>
        <line num="73" count="4" type="cond" truecount="1" falsecount="0"/>
        <line num="74" count="4" type="cond" truecount="0" falsecount="1"/>
        <line num="75" count="4" type="cond" truecount="0" falsecount="1"/>
        <line num="76" count="4" type="stmt"/>
        <line num="77" count="4" type="stmt"/>
        <line num="78" count="4" type="stmt"/>
        <line num="79" count="4" type="stmt"/>
      </file>
    </package>
  </project>
</coverage>
