{"/Users/danialkozakmetov/Desktop/Новая папка 2/admin/src/config/index.js": {"path":"/Users/danialkozakmetov/Desktop/Новая папка 2/admin/src/config/index.js","all":false,"statementMap":{"0":{"start":{"line":1,"column":0},"end":{"line":1,"column":13}},"1":{"start":{"line":2,"column":0},"end":{"line":2,"column":62}},"2":{"start":{"line":3,"column":0},"end":{"line":3,"column":275}},"3":{"start":{"line":4,"column":0},"end":{"line":4,"column":25}},"4":{"start":{"line":5,"column":0},"end":{"line":5,"column":41}},"5":{"start":{"line":6,"column":0},"end":{"line":6,"column":63}},"6":{"start":{"line":7,"column":0},"end":{"line":7,"column":61}},"7":{"start":{"line":8,"column":0},"end":{"line":8,"column":44}},"8":{"start":{"line":9,"column":0},"end":{"line":9,"column":50}},"9":{"start":{"line":10,"column":0},"end":{"line":10,"column":50}},"10":{"start":{"line":11,"column":0},"end":{"line":11,"column":46}},"11":{"start":{"line":12,"column":0},"end":{"line":12,"column":44}},"12":{"start":{"line":13,"column":0},"end":{"line":13,"column":38}},"13":{"start":{"line":14,"column":0},"end":{"line":14,"column":40}},"14":{"start":{"line":15,"column":0},"end":{"line":15,"column":56}}},"s":{"0":4,"1":4,"2":4,"3":4,"4":4,"5":4,"6":4,"7":4,"8":4,"9":4,"10":4,"11":4,"12":4,"13":4,"14":4},"branchMap":{"0":{"type":"branch","line":1,"loc":{"start":{"line":1,"column":0},"end":{"line":15,"column":56}},"locations":[{"start":{"line":1,"column":0},"end":{"line":15,"column":56}}]},"1":{"type":"branch","line":1,"loc":{"start":{"line":1,"column":0},"end":{"line":15,"column":56}},"locations":[{"start":{"line":1,"column":0},"end":{"line":15,"column":56}}]}},"b":{"0":[4],"1":[4]},"fnMap":{"0":{"name":"Object.<anonymous>","decl":{"start":{"line":1,"column":0},"end":{"line":15,"column":56}},"loc":{"start":{"line":1,"column":0},"end":{"line":15,"column":56}},"line":1}},"f":{"0":4}}
,"/Users/danialkozakmetov/Desktop/Новая папка 2/admin/src/database/models/Category.js": {"path":"/Users/danialkozakmetov/Desktop/Новая папка 2/admin/src/database/models/Category.js","all":false,"statementMap":{"0":{"start":{"line":1,"column":0},"end":{"line":1,"column":13}},"1":{"start":{"line":2,"column":0},"end":{"line":2,"column":62}},"2":{"start":{"line":3,"column":0},"end":{"line":3,"column":37}},"3":{"start":{"line":4,"column":0},"end":{"line":4,"column":44}},"4":{"start":{"line":5,"column":0},"end":{"line":5,"column":43}},"5":{"start":{"line":6,"column":0},"end":{"line":6,"column":15}},"6":{"start":{"line":7,"column":0},"end":{"line":7,"column":9}},"7":{"start":{"line":8,"column":0},"end":{"line":8,"column":49}},"8":{"start":{"line":9,"column":0},"end":{"line":9,"column":19}},"9":{"start":{"line":10,"column":0},"end":{"line":10,"column":29}},"10":{"start":{"line":11,"column":0},"end":{"line":11,"column":31}},"11":{"start":{"line":12,"column":0},"end":{"line":12,"column":14}},"12":{"start":{"line":13,"column":0},"end":{"line":13,"column":22}},"13":{"start":{"line":14,"column":0},"end":{"line":14,"column":29}},"14":{"start":{"line":15,"column":0},"end":{"line":15,"column":31}},"15":{"start":{"line":16,"column":0},"end":{"line":16,"column":14}},"16":{"start":{"line":17,"column":0},"end":{"line":17,"column":26}},"17":{"start":{"line":18,"column":0},"end":{"line":18,"column":29}},"18":{"start":{"line":19,"column":0},"end":{"line":19,"column":31}},"19":{"start":{"line":20,"column":0},"end":{"line":20,"column":14}},"20":{"start":{"line":21,"column":0},"end":{"line":21,"column":26}},"21":{"start":{"line":22,"column":0},"end":{"line":22,"column":29}},"22":{"start":{"line":23,"column":0},"end":{"line":23,"column":31}},"23":{"start":{"line":24,"column":0},"end":{"line":24,"column":14}},"24":{"start":{"line":25,"column":0},"end":{"line":25,"column":25}},"25":{"start":{"line":26,"column":0},"end":{"line":26,"column":29}},"26":{"start":{"line":27,"column":0},"end":{"line":27,"column":31}},"27":{"start":{"line":28,"column":0},"end":{"line":28,"column":14}},"28":{"start":{"line":29,"column":0},"end":{"line":29,"column":23}},"29":{"start":{"line":30,"column":0},"end":{"line":30,"column":29}},"30":{"start":{"line":31,"column":0},"end":{"line":31,"column":31}},"31":{"start":{"line":32,"column":0},"end":{"line":32,"column":14}},"32":{"start":{"line":33,"column":0},"end":{"line":33,"column":10}},"33":{"start":{"line":34,"column":0},"end":{"line":34,"column":6}},"34":{"start":{"line":35,"column":0},"end":{"line":35,"column":12}},"35":{"start":{"line":36,"column":0},"end":{"line":36,"column":9}},"36":{"start":{"line":37,"column":0},"end":{"line":37,"column":51}},"37":{"start":{"line":38,"column":0},"end":{"line":38,"column":28}},"38":{"start":{"line":39,"column":0},"end":{"line":39,"column":10}},"39":{"start":{"line":40,"column":0},"end":{"line":40,"column":6}},"40":{"start":{"line":41,"column":0},"end":{"line":41,"column":3}},"41":{"start":{"line":42,"column":0},"end":{"line":42,"column":60}},"42":{"start":{"line":43,"column":0},"end":{"line":43,"column":62}}},"s":{"0":2,"1":2,"2":2,"3":2,"4":2,"5":2,"6":2,"7":2,"8":2,"9":2,"10":2,"11":2,"12":2,"13":2,"14":2,"15":2,"16":2,"17":2,"18":2,"19":2,"20":2,"21":2,"22":2,"23":2,"24":2,"25":2,"26":2,"27":2,"28":2,"29":2,"30":2,"31":2,"32":2,"33":2,"34":2,"35":2,"36":2,"37":2,"38":2,"39":2,"40":2,"41":2,"42":2},"branchMap":{"0":{"type":"branch","line":1,"loc":{"start":{"line":1,"column":0},"end":{"line":43,"column":62}},"locations":[{"start":{"line":1,"column":0},"end":{"line":43,"column":62}}]},"1":{"type":"branch","line":1,"loc":{"start":{"line":1,"column":0},"end":{"line":43,"column":62}},"locations":[{"start":{"line":1,"column":0},"end":{"line":43,"column":62}}]}},"b":{"0":[2],"1":[2]},"fnMap":{"0":{"name":"Object.<anonymous>","decl":{"start":{"line":1,"column":0},"end":{"line":43,"column":62}},"loc":{"start":{"line":1,"column":0},"end":{"line":43,"column":62}},"line":1}},"f":{"0":2}}
,"/Users/danialkozakmetov/Desktop/Новая папка 2/admin/src/database/models/Shop.js": {"path":"/Users/danialkozakmetov/Desktop/Новая папка 2/admin/src/database/models/Shop.js","all":false,"statementMap":{"0":{"start":{"line":1,"column":0},"end":{"line":1,"column":13}},"1":{"start":{"line":2,"column":0},"end":{"line":2,"column":90}},"2":{"start":{"line":3,"column":0},"end":{"line":3,"column":112}},"3":{"start":{"line":4,"column":0},"end":{"line":4,"column":64}},"4":{"start":{"line":5,"column":0},"end":{"line":5,"column":99}},"5":{"start":{"line":6,"column":0},"end":{"line":6,"column":102}},"6":{"start":{"line":7,"column":0},"end":{"line":7,"column":118}},"7":{"start":{"line":8,"column":0},"end":{"line":8,"column":78}},"8":{"start":{"line":9,"column":0},"end":{"line":9,"column":7}},"9":{"start":{"line":10,"column":0},"end":{"line":10,"column":2}},"10":{"start":{"line":11,"column":0},"end":{"line":11,"column":74}},"11":{"start":{"line":12,"column":0},"end":{"line":12,"column":117}},"12":{"start":{"line":13,"column":0},"end":{"line":13,"column":157}},"13":{"start":{"line":14,"column":0},"end":{"line":14,"column":70}},"14":{"start":{"line":15,"column":0},"end":{"line":15,"column":23}},"15":{"start":{"line":16,"column":0},"end":{"line":16,"column":70}},"16":{"start":{"line":17,"column":0},"end":{"line":17,"column":55}},"17":{"start":{"line":18,"column":0},"end":{"line":18,"column":169}},"18":{"start":{"line":19,"column":0},"end":{"line":19,"column":52}},"19":{"start":{"line":20,"column":0},"end":{"line":20,"column":28}},"20":{"start":{"line":21,"column":0},"end":{"line":21,"column":46}},"21":{"start":{"line":22,"column":0},"end":{"line":22,"column":72}},"22":{"start":{"line":23,"column":0},"end":{"line":23,"column":65}},"23":{"start":{"line":24,"column":0},"end":{"line":24,"column":65}},"24":{"start":{"line":25,"column":0},"end":{"line":25,"column":24}},"25":{"start":{"line":26,"column":0},"end":{"line":26,"column":128}},"26":{"start":{"line":27,"column":0},"end":{"line":27,"column":106}},"27":{"start":{"line":28,"column":0},"end":{"line":28,"column":89}},"28":{"start":{"line":29,"column":0},"end":{"line":29,"column":87}},"29":{"start":{"line":30,"column":0},"end":{"line":30,"column":42}},"30":{"start":{"line":31,"column":0},"end":{"line":31,"column":43}},"31":{"start":{"line":32,"column":0},"end":{"line":32,"column":13}},"32":{"start":{"line":33,"column":0},"end":{"line":33,"column":39}},"33":{"start":{"line":34,"column":0},"end":{"line":34,"column":66}},"34":{"start":{"line":35,"column":0},"end":{"line":35,"column":89}},"35":{"start":{"line":36,"column":0},"end":{"line":36,"column":5}},"36":{"start":{"line":37,"column":0},"end":{"line":37,"column":2}},"37":{"start":{"line":38,"column":0},"end":{"line":38,"column":62}},"38":{"start":{"line":39,"column":0},"end":{"line":39,"column":37}},"39":{"start":{"line":40,"column":0},"end":{"line":40,"column":31}},"40":{"start":{"line":41,"column":0},"end":{"line":41,"column":40}},"41":{"start":{"line":42,"column":0},"end":{"line":42,"column":17}},"42":{"start":{"line":43,"column":0},"end":{"line":43,"column":17}},"43":{"start":{"line":44,"column":0},"end":{"line":44,"column":9}},"44":{"start":{"line":45,"column":0},"end":{"line":45,"column":59}},"45":{"start":{"line":46,"column":0},"end":{"line":46,"column":33}},"46":{"start":{"line":47,"column":0},"end":{"line":47,"column":10}},"47":{"start":{"line":48,"column":0},"end":{"line":48,"column":6}},"48":{"start":{"line":49,"column":0},"end":{"line":49,"column":15}},"49":{"start":{"line":50,"column":0},"end":{"line":50,"column":9}},"50":{"start":{"line":51,"column":0},"end":{"line":51,"column":49}},"51":{"start":{"line":52,"column":0},"end":{"line":52,"column":19}},"52":{"start":{"line":53,"column":0},"end":{"line":53,"column":29}},"53":{"start":{"line":54,"column":0},"end":{"line":54,"column":31}},"54":{"start":{"line":55,"column":0},"end":{"line":55,"column":14}},"55":{"start":{"line":56,"column":0},"end":{"line":56,"column":22}},"56":{"start":{"line":57,"column":0},"end":{"line":57,"column":29}},"57":{"start":{"line":58,"column":0},"end":{"line":58,"column":31}},"58":{"start":{"line":59,"column":0},"end":{"line":59,"column":14}},"59":{"start":{"line":60,"column":0},"end":{"line":60,"column":26}},"60":{"start":{"line":61,"column":0},"end":{"line":61,"column":29}},"61":{"start":{"line":62,"column":0},"end":{"line":62,"column":31}},"62":{"start":{"line":63,"column":0},"end":{"line":63,"column":14}},"63":{"start":{"line":64,"column":0},"end":{"line":64,"column":26}},"64":{"start":{"line":65,"column":0},"end":{"line":65,"column":29}},"65":{"start":{"line":66,"column":0},"end":{"line":66,"column":31}},"66":{"start":{"line":67,"column":0},"end":{"line":67,"column":14}},"67":{"start":{"line":68,"column":0},"end":{"line":68,"column":25}},"68":{"start":{"line":69,"column":0},"end":{"line":69,"column":29}},"69":{"start":{"line":70,"column":0},"end":{"line":70,"column":31}},"70":{"start":{"line":71,"column":0},"end":{"line":71,"column":14}},"71":{"start":{"line":72,"column":0},"end":{"line":72,"column":23}},"72":{"start":{"line":73,"column":0},"end":{"line":73,"column":29}},"73":{"start":{"line":74,"column":0},"end":{"line":74,"column":31}},"74":{"start":{"line":75,"column":0},"end":{"line":75,"column":14}},"75":{"start":{"line":76,"column":0},"end":{"line":76,"column":10}},"76":{"start":{"line":77,"column":0},"end":{"line":77,"column":6}},"77":{"start":{"line":78,"column":0},"end":{"line":78,"column":89}},"78":{"start":{"line":79,"column":0},"end":{"line":79,"column":3}},"79":{"start":{"line":80,"column":0},"end":{"line":80,"column":53}},"80":{"start":{"line":81,"column":0},"end":{"line":81,"column":56}},"81":{"start":{"line":82,"column":0},"end":{"line":82,"column":18}},"82":{"start":{"line":83,"column":0},"end":{"line":83,"column":48}},"83":{"start":{"line":84,"column":0},"end":{"line":84,"column":31}},"84":{"start":{"line":85,"column":0},"end":{"line":85,"column":23}},"85":{"start":{"line":86,"column":0},"end":{"line":86,"column":46}},"86":{"start":{"line":87,"column":0},"end":{"line":87,"column":52}},"87":{"start":{"line":88,"column":0},"end":{"line":88,"column":88}},"88":{"start":{"line":89,"column":0},"end":{"line":89,"column":23}},"89":{"start":{"line":90,"column":0},"end":{"line":90,"column":52}},"90":{"start":{"line":91,"column":0},"end":{"line":91,"column":30}},"91":{"start":{"line":92,"column":0},"end":{"line":92,"column":45}},"92":{"start":{"line":93,"column":0},"end":{"line":93,"column":59}},"93":{"start":{"line":94,"column":0},"end":{"line":94,"column":23}},"94":{"start":{"line":95,"column":0},"end":{"line":95,"column":45}},"95":{"start":{"line":96,"column":0},"end":{"line":96,"column":30}},"96":{"start":{"line":97,"column":0},"end":{"line":97,"column":44}},"97":{"start":{"line":98,"column":0},"end":{"line":98,"column":23}},"98":{"start":{"line":99,"column":0},"end":{"line":99,"column":38}},"99":{"start":{"line":100,"column":0},"end":{"line":100,"column":43}},"100":{"start":{"line":101,"column":0},"end":{"line":101,"column":46}},"101":{"start":{"line":102,"column":0},"end":{"line":102,"column":13}},"102":{"start":{"line":103,"column":0},"end":{"line":103,"column":11}},"103":{"start":{"line":104,"column":0},"end":{"line":104,"column":7}},"104":{"start":{"line":105,"column":0},"end":{"line":105,"column":2}},"105":{"start":{"line":106,"column":0},"end":{"line":106,"column":56}},"106":{"start":{"line":107,"column":0},"end":{"line":107,"column":54}}},"s":{"0":4,"1":4,"2":0,"3":0,"4":0,"5":0,"6":0,"7":0,"8":0,"9":4,"10":4,"11":0,"12":0,"13":0,"14":0,"15":0,"16":0,"17":0,"18":0,"19":0,"20":0,"21":0,"22":0,"23":0,"24":0,"25":0,"26":0,"27":0,"28":0,"29":0,"30":0,"31":0,"32":0,"33":0,"34":0,"35":0,"36":4,"37":4,"38":4,"39":4,"40":4,"41":4,"42":4,"43":4,"44":4,"45":4,"46":4,"47":4,"48":4,"49":4,"50":4,"51":4,"52":4,"53":4,"54":4,"55":4,"56":4,"57":4,"58":4,"59":4,"60":4,"61":4,"62":4,"63":4,"64":4,"65":4,"66":4,"67":4,"68":4,"69":4,"70":4,"71":4,"72":4,"73":4,"74":4,"75":4,"76":4,"77":4,"78":4,"79":4,"80":0,"81":0,"82":0,"83":0,"84":0,"85":0,"86":0,"87":0,"88":0,"89":0,"90":0,"91":0,"92":0,"93":0,"94":0,"95":0,"96":0,"97":0,"98":0,"99":0,"100":0,"101":0,"102":0,"103":0,"104":4,"105":4,"106":4},"branchMap":{"0":{"type":"branch","line":1,"loc":{"start":{"line":1,"column":0},"end":{"line":107,"column":54}},"locations":[{"start":{"line":1,"column":0},"end":{"line":107,"column":54}}]},"1":{"type":"branch","line":1,"loc":{"start":{"line":1,"column":0},"end":{"line":107,"column":54}},"locations":[{"start":{"line":1,"column":0},"end":{"line":107,"column":54}}]}},"b":{"0":[4],"1":[4]},"fnMap":{"0":{"name":"Object.<anonymous>","decl":{"start":{"line":1,"column":0},"end":{"line":107,"column":54}},"loc":{"start":{"line":1,"column":0},"end":{"line":107,"column":54}},"line":1},"1":{"name":"Object.<anonymous>.__awaiter","decl":{"start":{"line":2,"column":44},"end":{"line":10,"column":1}},"loc":{"start":{"line":2,"column":44},"end":{"line":10,"column":1}},"line":2},"2":{"name":"Object.<anonymous>.__generator","decl":{"start":{"line":11,"column":48},"end":{"line":37,"column":1}},"loc":{"start":{"line":11,"column":48},"end":{"line":37,"column":1}},"line":11},"3":{"name":"Object.<anonymous>.shopSchema.methods.deleteShopAndUsers","decl":{"start":{"line":80,"column":40},"end":{"line":105,"column":1}},"loc":{"start":{"line":80,"column":40},"end":{"line":105,"column":1}},"line":80}},"f":{"0":4,"1":0,"2":0,"3":0}}
,"/Users/danialkozakmetov/Desktop/Новая папка 2/admin/src/database/models/User.js": {"path":"/Users/danialkozakmetov/Desktop/Новая папка 2/admin/src/database/models/User.js","all":false,"statementMap":{"0":{"start":{"line":1,"column":0},"end":{"line":1,"column":13}},"1":{"start":{"line":2,"column":0},"end":{"line":2,"column":62}},"2":{"start":{"line":3,"column":0},"end":{"line":3,"column":37}},"3":{"start":{"line":4,"column":0},"end":{"line":4,"column":53}},"4":{"start":{"line":5,"column":0},"end":{"line":5,"column":39}},"5":{"start":{"line":6,"column":0},"end":{"line":6,"column":31}},"6":{"start":{"line":7,"column":0},"end":{"line":7,"column":29}},"7":{"start":{"line":8,"column":0},"end":{"line":8,"column":12}},"8":{"start":{"line":9,"column":0},"end":{"line":9,"column":21}},"9":{"start":{"line":10,"column":0},"end":{"line":10,"column":21}},"10":{"start":{"line":11,"column":0},"end":{"line":11,"column":23}},"11":{"start":{"line":12,"column":0},"end":{"line":12,"column":6}},"12":{"start":{"line":13,"column":0},"end":{"line":13,"column":14}},"13":{"start":{"line":14,"column":0},"end":{"line":14,"column":21}},"14":{"start":{"line":15,"column":0},"end":{"line":15,"column":23}},"15":{"start":{"line":16,"column":0},"end":{"line":16,"column":6}},"16":{"start":{"line":17,"column":0},"end":{"line":17,"column":15}},"17":{"start":{"line":18,"column":0},"end":{"line":18,"column":21}},"18":{"start":{"line":19,"column":0},"end":{"line":19,"column":23}},"19":{"start":{"line":20,"column":0},"end":{"line":20,"column":6}},"20":{"start":{"line":21,"column":0},"end":{"line":21,"column":17}},"21":{"start":{"line":22,"column":0},"end":{"line":22,"column":21}},"22":{"start":{"line":23,"column":0},"end":{"line":23,"column":23}},"23":{"start":{"line":24,"column":0},"end":{"line":24,"column":6}},"24":{"start":{"line":25,"column":0},"end":{"line":25,"column":16}},"25":{"start":{"line":26,"column":0},"end":{"line":26,"column":21}},"26":{"start":{"line":27,"column":0},"end":{"line":27,"column":23}},"27":{"start":{"line":28,"column":0},"end":{"line":28,"column":6}},"28":{"start":{"line":29,"column":0},"end":{"line":29,"column":11}},"29":{"start":{"line":30,"column":0},"end":{"line":30,"column":21}},"30":{"start":{"line":31,"column":0},"end":{"line":31,"column":23}},"31":{"start":{"line":32,"column":0},"end":{"line":32,"column":6}},"32":{"start":{"line":33,"column":0},"end":{"line":33,"column":18}},"33":{"start":{"line":34,"column":0},"end":{"line":34,"column":22}},"34":{"start":{"line":35,"column":0},"end":{"line":35,"column":23}},"35":{"start":{"line":36,"column":0},"end":{"line":36,"column":6}},"36":{"start":{"line":37,"column":0},"end":{"line":37,"column":24}},"37":{"start":{"line":38,"column":0},"end":{"line":38,"column":21}},"38":{"start":{"line":39,"column":0},"end":{"line":39,"column":59}},"39":{"start":{"line":40,"column":0},"end":{"line":40,"column":6}},"40":{"start":{"line":41,"column":0},"end":{"line":41,"column":19}},"41":{"start":{"line":42,"column":0},"end":{"line":42,"column":19}},"42":{"start":{"line":43,"column":0},"end":{"line":43,"column":65}},"43":{"start":{"line":44,"column":0},"end":{"line":44,"column":6}},"44":{"start":{"line":45,"column":0},"end":{"line":45,"column":22}},"45":{"start":{"line":46,"column":0},"end":{"line":46,"column":21}},"46":{"start":{"line":47,"column":0},"end":{"line":47,"column":49}},"47":{"start":{"line":48,"column":0},"end":{"line":48,"column":6}},"48":{"start":{"line":49,"column":0},"end":{"line":49,"column":19}},"49":{"start":{"line":50,"column":0},"end":{"line":50,"column":67}},"50":{"start":{"line":51,"column":0},"end":{"line":51,"column":22}},"51":{"start":{"line":52,"column":0},"end":{"line":52,"column":6}},"52":{"start":{"line":53,"column":0},"end":{"line":53,"column":11}},"53":{"start":{"line":54,"column":0},"end":{"line":54,"column":55}},"54":{"start":{"line":55,"column":0},"end":{"line":55,"column":25}},"55":{"start":{"line":56,"column":0},"end":{"line":56,"column":19}},"56":{"start":{"line":57,"column":0},"end":{"line":57,"column":41}},"57":{"start":{"line":58,"column":0},"end":{"line":58,"column":79}},"58":{"start":{"line":59,"column":0},"end":{"line":59,"column":74}},"59":{"start":{"line":60,"column":0},"end":{"line":60,"column":33}},"60":{"start":{"line":61,"column":0},"end":{"line":61,"column":17}},"61":{"start":{"line":62,"column":0},"end":{"line":62,"column":28}},"62":{"start":{"line":63,"column":0},"end":{"line":63,"column":14}},"63":{"start":{"line":64,"column":0},"end":{"line":64,"column":61}},"64":{"start":{"line":65,"column":0},"end":{"line":65,"column":10}},"65":{"start":{"line":66,"column":0},"end":{"line":66,"column":31}},"66":{"start":{"line":67,"column":0},"end":{"line":67,"column":70}},"67":{"start":{"line":68,"column":0},"end":{"line":68,"column":61}},"68":{"start":{"line":69,"column":0},"end":{"line":69,"column":10}},"69":{"start":{"line":70,"column":0},"end":{"line":70,"column":6}},"70":{"start":{"line":71,"column":0},"end":{"line":71,"column":11}},"71":{"start":{"line":72,"column":0},"end":{"line":72,"column":21}},"72":{"start":{"line":73,"column":0},"end":{"line":73,"column":51}},"73":{"start":{"line":74,"column":0},"end":{"line":74,"column":44}},"74":{"start":{"line":75,"column":0},"end":{"line":75,"column":23}},"75":{"start":{"line":76,"column":0},"end":{"line":76,"column":6}},"76":{"start":{"line":77,"column":0},"end":{"line":77,"column":25}},"77":{"start":{"line":78,"column":0},"end":{"line":78,"column":56}},"78":{"start":{"line":79,"column":0},"end":{"line":79,"column":54}}},"s":{"0":4,"1":4,"2":4,"3":4,"4":4,"5":4,"6":4,"7":4,"8":4,"9":4,"10":4,"11":4,"12":4,"13":4,"14":4,"15":4,"16":4,"17":4,"18":4,"19":4,"20":4,"21":4,"22":4,"23":4,"24":4,"25":4,"26":4,"27":4,"28":4,"29":4,"30":4,"31":4,"32":4,"33":4,"34":4,"35":4,"36":4,"37":4,"38":4,"39":4,"40":4,"41":4,"42":4,"43":4,"44":4,"45":4,"46":4,"47":4,"48":4,"49":4,"50":4,"51":4,"52":4,"53":4,"54":4,"55":4,"56":4,"57":0,"58":0,"59":0,"60":0,"61":0,"62":4,"63":4,"64":4,"65":4,"66":0,"67":0,"68":4,"69":4,"70":4,"71":4,"72":4,"73":4,"74":4,"75":4,"76":4,"77":4,"78":4},"branchMap":{"0":{"type":"branch","line":1,"loc":{"start":{"line":1,"column":0},"end":{"line":79,"column":54}},"locations":[{"start":{"line":1,"column":0},"end":{"line":79,"column":54}}]},"1":{"type":"branch","line":1,"loc":{"start":{"line":1,"column":0},"end":{"line":79,"column":54}},"locations":[{"start":{"line":1,"column":0},"end":{"line":79,"column":54}}]}},"b":{"0":[4],"1":[4]},"fnMap":{"0":{"name":"Object.<anonymous>","decl":{"start":{"line":1,"column":0},"end":{"line":79,"column":54}},"loc":{"start":{"line":1,"column":0},"end":{"line":79,"column":54}},"line":1},"1":{"name":"validator","decl":{"start":{"line":57,"column":23},"end":{"line":63,"column":13}},"loc":{"start":{"line":57,"column":23},"end":{"line":63,"column":13}},"line":57},"2":{"name":"required","decl":{"start":{"line":66,"column":18},"end":{"line":69,"column":9}},"loc":{"start":{"line":66,"column":18},"end":{"line":69,"column":9}},"line":66}},"f":{"0":4,"1":0,"2":0}}
,"/Users/danialkozakmetov/Desktop/Новая папка 2/admin/src/database/repository/category-repository.js": {"path":"/Users/danialkozakmetov/Desktop/Новая папка 2/admin/src/database/repository/category-repository.js","all":false,"statementMap":{"0":{"start":{"line":1,"column":0},"end":{"line":1,"column":13}},"1":{"start":{"line":2,"column":0},"end":{"line":2,"column":90}},"2":{"start":{"line":3,"column":0},"end":{"line":3,"column":112}},"3":{"start":{"line":4,"column":0},"end":{"line":4,"column":64}},"4":{"start":{"line":5,"column":0},"end":{"line":5,"column":99}},"5":{"start":{"line":6,"column":0},"end":{"line":6,"column":102}},"6":{"start":{"line":7,"column":0},"end":{"line":7,"column":118}},"7":{"start":{"line":8,"column":0},"end":{"line":8,"column":78}},"8":{"start":{"line":9,"column":0},"end":{"line":9,"column":7}},"9":{"start":{"line":10,"column":0},"end":{"line":10,"column":2}},"10":{"start":{"line":11,"column":0},"end":{"line":11,"column":74}},"11":{"start":{"line":12,"column":0},"end":{"line":12,"column":117}},"12":{"start":{"line":13,"column":0},"end":{"line":13,"column":157}},"13":{"start":{"line":14,"column":0},"end":{"line":14,"column":70}},"14":{"start":{"line":15,"column":0},"end":{"line":15,"column":23}},"15":{"start":{"line":16,"column":0},"end":{"line":16,"column":70}},"16":{"start":{"line":17,"column":0},"end":{"line":17,"column":55}},"17":{"start":{"line":18,"column":0},"end":{"line":18,"column":169}},"18":{"start":{"line":19,"column":0},"end":{"line":19,"column":52}},"19":{"start":{"line":20,"column":0},"end":{"line":20,"column":28}},"20":{"start":{"line":21,"column":0},"end":{"line":21,"column":46}},"21":{"start":{"line":22,"column":0},"end":{"line":22,"column":72}},"22":{"start":{"line":23,"column":0},"end":{"line":23,"column":65}},"23":{"start":{"line":24,"column":0},"end":{"line":24,"column":65}},"24":{"start":{"line":25,"column":0},"end":{"line":25,"column":24}},"25":{"start":{"line":26,"column":0},"end":{"line":26,"column":128}},"26":{"start":{"line":27,"column":0},"end":{"line":27,"column":106}},"27":{"start":{"line":28,"column":0},"end":{"line":28,"column":89}},"28":{"start":{"line":29,"column":0},"end":{"line":29,"column":87}},"29":{"start":{"line":30,"column":0},"end":{"line":30,"column":42}},"30":{"start":{"line":31,"column":0},"end":{"line":31,"column":43}},"31":{"start":{"line":32,"column":0},"end":{"line":32,"column":13}},"32":{"start":{"line":33,"column":0},"end":{"line":33,"column":39}},"33":{"start":{"line":34,"column":0},"end":{"line":34,"column":66}},"34":{"start":{"line":35,"column":0},"end":{"line":35,"column":89}},"35":{"start":{"line":36,"column":0},"end":{"line":36,"column":5}},"36":{"start":{"line":37,"column":0},"end":{"line":37,"column":2}},"37":{"start":{"line":38,"column":0},"end":{"line":38,"column":62}},"38":{"start":{"line":39,"column":0},"end":{"line":39,"column":36}},"39":{"start":{"line":40,"column":0},"end":{"line":40,"column":37}},"40":{"start":{"line":41,"column":0},"end":{"line":41,"column":47}},"41":{"start":{"line":42,"column":0},"end":{"line":42,"column":60}},"42":{"start":{"line":43,"column":0},"end":{"line":43,"column":53}},"43":{"start":{"line":44,"column":0},"end":{"line":44,"column":53}},"44":{"start":{"line":45,"column":0},"end":{"line":45,"column":35}},"45":{"start":{"line":46,"column":0},"end":{"line":46,"column":69}},"46":{"start":{"line":47,"column":0},"end":{"line":47,"column":5}},"47":{"start":{"line":48,"column":0},"end":{"line":48,"column":65}},"48":{"start":{"line":49,"column":0},"end":{"line":49,"column":65}},"49":{"start":{"line":50,"column":0},"end":{"line":50,"column":44}},"50":{"start":{"line":51,"column":0},"end":{"line":51,"column":31}},"51":{"start":{"line":52,"column":0},"end":{"line":52,"column":52}},"52":{"start":{"line":53,"column":0},"end":{"line":53,"column":35}},"53":{"start":{"line":54,"column":0},"end":{"line":54,"column":27}},"54":{"start":{"line":55,"column":0},"end":{"line":55,"column":62}},"55":{"start":{"line":56,"column":0},"end":{"line":56,"column":39}},"56":{"start":{"line":57,"column":0},"end":{"line":57,"column":27}},"57":{"start":{"line":58,"column":0},"end":{"line":58,"column":65}},"58":{"start":{"line":59,"column":0},"end":{"line":59,"column":27}},"59":{"start":{"line":60,"column":0},"end":{"line":60,"column":51}},"60":{"start":{"line":61,"column":0},"end":{"line":61,"column":62}},"61":{"start":{"line":62,"column":0},"end":{"line":62,"column":17}},"62":{"start":{"line":63,"column":0},"end":{"line":63,"column":15}},"63":{"start":{"line":64,"column":0},"end":{"line":64,"column":11}},"64":{"start":{"line":65,"column":0},"end":{"line":65,"column":6}},"65":{"start":{"line":66,"column":0},"end":{"line":66,"column":64}},"66":{"start":{"line":67,"column":0},"end":{"line":67,"column":65}},"67":{"start":{"line":68,"column":0},"end":{"line":68,"column":69}},"68":{"start":{"line":69,"column":0},"end":{"line":69,"column":49}},"69":{"start":{"line":70,"column":0},"end":{"line":70,"column":52}},"70":{"start":{"line":71,"column":0},"end":{"line":71,"column":35}},"71":{"start":{"line":72,"column":0},"end":{"line":72,"column":86}},"72":{"start":{"line":73,"column":0},"end":{"line":73,"column":27}},"73":{"start":{"line":74,"column":0},"end":{"line":74,"column":51}},"74":{"start":{"line":75,"column":0},"end":{"line":75,"column":71}},"75":{"start":{"line":76,"column":0},"end":{"line":76,"column":50}},"76":{"start":{"line":77,"column":0},"end":{"line":77,"column":48}},"77":{"start":{"line":78,"column":0},"end":{"line":78,"column":46}},"78":{"start":{"line":79,"column":0},"end":{"line":79,"column":54}},"79":{"start":{"line":80,"column":0},"end":{"line":80,"column":25}},"80":{"start":{"line":81,"column":0},"end":{"line":81,"column":39}},"81":{"start":{"line":82,"column":0},"end":{"line":82,"column":37}},"82":{"start":{"line":83,"column":0},"end":{"line":83,"column":54}},"83":{"start":{"line":84,"column":0},"end":{"line":84,"column":25}},"84":{"start":{"line":85,"column":0},"end":{"line":85,"column":70}},"85":{"start":{"line":86,"column":0},"end":{"line":86,"column":43}},"86":{"start":{"line":87,"column":0},"end":{"line":87,"column":45}},"87":{"start":{"line":88,"column":0},"end":{"line":88,"column":52}},"88":{"start":{"line":89,"column":0},"end":{"line":89,"column":27}},"89":{"start":{"line":90,"column":0},"end":{"line":90,"column":55}},"90":{"start":{"line":91,"column":0},"end":{"line":91,"column":47}},"91":{"start":{"line":92,"column":0},"end":{"line":92,"column":57}},"92":{"start":{"line":93,"column":0},"end":{"line":93,"column":50}},"93":{"start":{"line":94,"column":0},"end":{"line":94,"column":55}},"94":{"start":{"line":95,"column":0},"end":{"line":95,"column":63}},"95":{"start":{"line":96,"column":0},"end":{"line":96,"column":31}},"96":{"start":{"line":97,"column":0},"end":{"line":97,"column":17}},"97":{"start":{"line":98,"column":0},"end":{"line":98,"column":15}},"98":{"start":{"line":99,"column":0},"end":{"line":99,"column":11}},"99":{"start":{"line":100,"column":0},"end":{"line":100,"column":6}},"100":{"start":{"line":101,"column":0},"end":{"line":101,"column":66}},"101":{"start":{"line":102,"column":0},"end":{"line":102,"column":60}},"102":{"start":{"line":103,"column":0},"end":{"line":103,"column":33}},"103":{"start":{"line":104,"column":0},"end":{"line":104,"column":52}},"104":{"start":{"line":105,"column":0},"end":{"line":105,"column":35}},"105":{"start":{"line":106,"column":0},"end":{"line":106,"column":27}},"106":{"start":{"line":107,"column":0},"end":{"line":107,"column":70}},"107":{"start":{"line":108,"column":0},"end":{"line":108,"column":83}},"108":{"start":{"line":109,"column":0},"end":{"line":109,"column":25}},"109":{"start":{"line":110,"column":0},"end":{"line":110,"column":78}},"110":{"start":{"line":111,"column":0},"end":{"line":111,"column":27}},"111":{"start":{"line":112,"column":0},"end":{"line":112,"column":53}},"112":{"start":{"line":113,"column":0},"end":{"line":113,"column":48}},"113":{"start":{"line":114,"column":0},"end":{"line":114,"column":87}},"114":{"start":{"line":115,"column":0},"end":{"line":115,"column":25}},"115":{"start":{"line":116,"column":0},"end":{"line":116,"column":64}},"116":{"start":{"line":117,"column":0},"end":{"line":117,"column":17}},"117":{"start":{"line":118,"column":0},"end":{"line":118,"column":15}},"118":{"start":{"line":119,"column":0},"end":{"line":119,"column":11}},"119":{"start":{"line":120,"column":0},"end":{"line":120,"column":6}},"120":{"start":{"line":121,"column":0},"end":{"line":121,"column":71}},"121":{"start":{"line":122,"column":0},"end":{"line":122,"column":69}},"122":{"start":{"line":123,"column":0},"end":{"line":123,"column":46}},"123":{"start":{"line":124,"column":0},"end":{"line":124,"column":47}},"124":{"start":{"line":125,"column":0},"end":{"line":125,"column":52}},"125":{"start":{"line":126,"column":0},"end":{"line":126,"column":35}},"126":{"start":{"line":127,"column":0},"end":{"line":127,"column":75}},"127":{"start":{"line":128,"column":0},"end":{"line":128,"column":27}},"128":{"start":{"line":129,"column":0},"end":{"line":129,"column":53}},"129":{"start":{"line":130,"column":0},"end":{"line":130,"column":59}},"130":{"start":{"line":131,"column":0},"end":{"line":131,"column":84}},"131":{"start":{"line":132,"column":0},"end":{"line":132,"column":27}},"132":{"start":{"line":133,"column":0},"end":{"line":133,"column":48}},"133":{"start":{"line":134,"column":0},"end":{"line":134,"column":60}},"134":{"start":{"line":135,"column":0},"end":{"line":135,"column":80}},"135":{"start":{"line":136,"column":0},"end":{"line":136,"column":73}},"136":{"start":{"line":137,"column":0},"end":{"line":137,"column":25}},"137":{"start":{"line":138,"column":0},"end":{"line":138,"column":85}},"138":{"start":{"line":139,"column":0},"end":{"line":139,"column":78}},"139":{"start":{"line":140,"column":0},"end":{"line":140,"column":25}},"140":{"start":{"line":141,"column":0},"end":{"line":141,"column":65}},"141":{"start":{"line":142,"column":0},"end":{"line":142,"column":27}},"142":{"start":{"line":143,"column":0},"end":{"line":143,"column":34}},"143":{"start":{"line":144,"column":0},"end":{"line":144,"column":37}},"144":{"start":{"line":145,"column":0},"end":{"line":145,"column":27}},"145":{"start":{"line":146,"column":0},"end":{"line":146,"column":53}},"146":{"start":{"line":147,"column":0},"end":{"line":147,"column":70}},"147":{"start":{"line":148,"column":0},"end":{"line":148,"column":27}},"148":{"start":{"line":149,"column":0},"end":{"line":149,"column":34}},"149":{"start":{"line":150,"column":0},"end":{"line":150,"column":64}},"150":{"start":{"line":151,"column":0},"end":{"line":151,"column":17}},"151":{"start":{"line":152,"column":0},"end":{"line":152,"column":15}},"152":{"start":{"line":153,"column":0},"end":{"line":153,"column":11}},"153":{"start":{"line":154,"column":0},"end":{"line":154,"column":6}},"154":{"start":{"line":155,"column":0},"end":{"line":155,"column":30}},"155":{"start":{"line":156,"column":0},"end":{"line":156,"column":5}},"156":{"start":{"line":157,"column":0},"end":{"line":157,"column":48}}},"s":{"0":2,"1":2,"2":0,"3":0,"4":0,"5":0,"6":0,"7":0,"8":0,"9":2,"10":2,"11":0,"12":0,"13":0,"14":0,"15":0,"16":0,"17":0,"18":0,"19":0,"20":0,"21":0,"22":0,"23":0,"24":0,"25":0,"26":0,"27":0,"28":0,"29":0,"30":0,"31":0,"32":0,"33":0,"34":0,"35":0,"36":2,"37":2,"38":2,"39":2,"40":2,"41":2,"42":2,"43":2,"44":2,"45":14,"46":14,"47":2,"48":0,"49":0,"50":0,"51":0,"52":0,"53":0,"54":0,"55":0,"56":0,"57":0,"58":0,"59":0,"60":0,"61":0,"62":0,"63":0,"64":2,"65":2,"66":0,"67":0,"68":0,"69":0,"70":0,"71":0,"72":0,"73":0,"74":0,"75":0,"76":0,"77":0,"78":0,"79":0,"80":0,"81":0,"82":0,"83":0,"84":0,"85":0,"86":0,"87":0,"88":0,"89":0,"90":0,"91":0,"92":0,"93":0,"94":0,"95":0,"96":0,"97":0,"98":0,"99":2,"100":2,"101":0,"102":0,"103":0,"104":0,"105":0,"106":0,"107":0,"108":0,"109":0,"110":0,"111":0,"112":0,"113":0,"114":0,"115":0,"116":0,"117":0,"118":0,"119":2,"120":2,"121":0,"122":0,"123":0,"124":0,"125":0,"126":0,"127":0,"128":0,"129":0,"130":0,"131":0,"132":0,"133":0,"134":0,"135":0,"136":0,"137":0,"138":0,"139":0,"140":0,"141":0,"142":0,"143":0,"144":0,"145":0,"146":0,"147":0,"148":0,"149":0,"150":0,"151":0,"152":0,"153":2,"154":2,"155":2,"156":2},"branchMap":{"0":{"type":"branch","line":1,"loc":{"start":{"line":1,"column":0},"end":{"line":157,"column":48}},"locations":[{"start":{"line":1,"column":0},"end":{"line":157,"column":48}}]},"1":{"type":"branch","line":1,"loc":{"start":{"line":1,"column":0},"end":{"line":157,"column":48}},"locations":[{"start":{"line":1,"column":0},"end":{"line":157,"column":48}}]},"2":{"type":"branch","line":44,"loc":{"start":{"line":44,"column":40},"end":{"line":156,"column":1}},"locations":[{"start":{"line":44,"column":40},"end":{"line":156,"column":1}}]},"3":{"type":"branch","line":45,"loc":{"start":{"line":45,"column":4},"end":{"line":47,"column":5}},"locations":[{"start":{"line":45,"column":4},"end":{"line":47,"column":5}}]}},"b":{"0":[2],"1":[2],"2":[2],"3":[14]},"fnMap":{"0":{"name":"Object.<anonymous>","decl":{"start":{"line":1,"column":0},"end":{"line":157,"column":48}},"loc":{"start":{"line":1,"column":0},"end":{"line":157,"column":48}},"line":1},"1":{"name":"Object.<anonymous>.__awaiter","decl":{"start":{"line":2,"column":44},"end":{"line":10,"column":1}},"loc":{"start":{"line":2,"column":44},"end":{"line":10,"column":1}},"line":2},"2":{"name":"Object.<anonymous>.__generator","decl":{"start":{"line":11,"column":48},"end":{"line":37,"column":1}},"loc":{"start":{"line":11,"column":48},"end":{"line":37,"column":1}},"line":11},"3":{"name":"CategoryRepository","decl":{"start":{"line":45,"column":4},"end":{"line":47,"column":5}},"loc":{"start":{"line":45,"column":4},"end":{"line":47,"column":5}},"line":45},"4":{"name":"Object.<anonymous>.CategoryRepository.CreateCategory","decl":{"start":{"line":48,"column":50},"end":{"line":65,"column":5}},"loc":{"start":{"line":48,"column":50},"end":{"line":65,"column":5}},"line":48},"5":{"name":"Object.<anonymous>.CategoryRepository.GetCategories","decl":{"start":{"line":66,"column":49},"end":{"line":100,"column":5}},"loc":{"start":{"line":66,"column":49},"end":{"line":100,"column":5}},"line":66},"6":{"name":"Object.<anonymous>.CategoryRepository.GetCategoryById","decl":{"start":{"line":101,"column":51},"end":{"line":120,"column":5}},"loc":{"start":{"line":101,"column":51},"end":{"line":120,"column":5}},"line":101},"7":{"name":"Object.<anonymous>.CategoryRepository.UpdateCategory","decl":{"start":{"line":121,"column":50},"end":{"line":154,"column":5}},"loc":{"start":{"line":121,"column":50},"end":{"line":154,"column":5}},"line":121}},"f":{"0":2,"1":0,"2":0,"3":14,"4":0,"5":0,"6":0,"7":0}}
,"/Users/danialkozakmetov/Desktop/Новая папка 2/admin/src/database/repository/shop-repository.js": {"path":"/Users/danialkozakmetov/Desktop/Новая папка 2/admin/src/database/repository/shop-repository.js","all":false,"statementMap":{"0":{"start":{"line":1,"column":0},"end":{"line":1,"column":13}},"1":{"start":{"line":2,"column":0},"end":{"line":2,"column":90}},"2":{"start":{"line":3,"column":0},"end":{"line":3,"column":112}},"3":{"start":{"line":4,"column":0},"end":{"line":4,"column":64}},"4":{"start":{"line":5,"column":0},"end":{"line":5,"column":99}},"5":{"start":{"line":6,"column":0},"end":{"line":6,"column":102}},"6":{"start":{"line":7,"column":0},"end":{"line":7,"column":118}},"7":{"start":{"line":8,"column":0},"end":{"line":8,"column":78}},"8":{"start":{"line":9,"column":0},"end":{"line":9,"column":7}},"9":{"start":{"line":10,"column":0},"end":{"line":10,"column":2}},"10":{"start":{"line":11,"column":0},"end":{"line":11,"column":74}},"11":{"start":{"line":12,"column":0},"end":{"line":12,"column":117}},"12":{"start":{"line":13,"column":0},"end":{"line":13,"column":157}},"13":{"start":{"line":14,"column":0},"end":{"line":14,"column":70}},"14":{"start":{"line":15,"column":0},"end":{"line":15,"column":23}},"15":{"start":{"line":16,"column":0},"end":{"line":16,"column":70}},"16":{"start":{"line":17,"column":0},"end":{"line":17,"column":55}},"17":{"start":{"line":18,"column":0},"end":{"line":18,"column":169}},"18":{"start":{"line":19,"column":0},"end":{"line":19,"column":52}},"19":{"start":{"line":20,"column":0},"end":{"line":20,"column":28}},"20":{"start":{"line":21,"column":0},"end":{"line":21,"column":46}},"21":{"start":{"line":22,"column":0},"end":{"line":22,"column":72}},"22":{"start":{"line":23,"column":0},"end":{"line":23,"column":65}},"23":{"start":{"line":24,"column":0},"end":{"line":24,"column":65}},"24":{"start":{"line":25,"column":0},"end":{"line":25,"column":24}},"25":{"start":{"line":26,"column":0},"end":{"line":26,"column":128}},"26":{"start":{"line":27,"column":0},"end":{"line":27,"column":106}},"27":{"start":{"line":28,"column":0},"end":{"line":28,"column":89}},"28":{"start":{"line":29,"column":0},"end":{"line":29,"column":87}},"29":{"start":{"line":30,"column":0},"end":{"line":30,"column":42}},"30":{"start":{"line":31,"column":0},"end":{"line":31,"column":43}},"31":{"start":{"line":32,"column":0},"end":{"line":32,"column":13}},"32":{"start":{"line":33,"column":0},"end":{"line":33,"column":39}},"33":{"start":{"line":34,"column":0},"end":{"line":34,"column":66}},"34":{"start":{"line":35,"column":0},"end":{"line":35,"column":89}},"35":{"start":{"line":36,"column":0},"end":{"line":36,"column":5}},"36":{"start":{"line":37,"column":0},"end":{"line":37,"column":2}},"37":{"start":{"line":38,"column":0},"end":{"line":38,"column":62}},"38":{"start":{"line":39,"column":0},"end":{"line":39,"column":32}},"39":{"start":{"line":40,"column":0},"end":{"line":40,"column":37}},"40":{"start":{"line":41,"column":0},"end":{"line":41,"column":39}},"41":{"start":{"line":42,"column":0},"end":{"line":42,"column":60}},"42":{"start":{"line":43,"column":0},"end":{"line":43,"column":49}},"43":{"start":{"line":44,"column":0},"end":{"line":44,"column":31}},"44":{"start":{"line":45,"column":0},"end":{"line":45,"column":5}},"45":{"start":{"line":46,"column":0},"end":{"line":46,"column":57}},"46":{"start":{"line":47,"column":0},"end":{"line":47,"column":65}},"47":{"start":{"line":48,"column":0},"end":{"line":48,"column":37}},"48":{"start":{"line":49,"column":0},"end":{"line":49,"column":31}},"49":{"start":{"line":50,"column":0},"end":{"line":50,"column":52}},"50":{"start":{"line":51,"column":0},"end":{"line":51,"column":35}},"51":{"start":{"line":52,"column":0},"end":{"line":52,"column":27}},"52":{"start":{"line":53,"column":0},"end":{"line":53,"column":55}},"53":{"start":{"line":54,"column":0},"end":{"line":54,"column":39}},"54":{"start":{"line":55,"column":0},"end":{"line":55,"column":27}},"55":{"start":{"line":56,"column":0},"end":{"line":56,"column":62}},"56":{"start":{"line":57,"column":0},"end":{"line":57,"column":27}},"57":{"start":{"line":58,"column":0},"end":{"line":58,"column":47}},"58":{"start":{"line":59,"column":0},"end":{"line":59,"column":58}},"59":{"start":{"line":60,"column":0},"end":{"line":60,"column":17}},"60":{"start":{"line":61,"column":0},"end":{"line":61,"column":15}},"61":{"start":{"line":62,"column":0},"end":{"line":62,"column":11}},"62":{"start":{"line":63,"column":0},"end":{"line":63,"column":6}},"63":{"start":{"line":64,"column":0},"end":{"line":64,"column":58}},"64":{"start":{"line":65,"column":0},"end":{"line":65,"column":60}},"65":{"start":{"line":66,"column":0},"end":{"line":66,"column":29}},"66":{"start":{"line":67,"column":0},"end":{"line":67,"column":52}},"67":{"start":{"line":68,"column":0},"end":{"line":68,"column":35}},"68":{"start":{"line":69,"column":0},"end":{"line":69,"column":27}},"69":{"start":{"line":70,"column":0},"end":{"line":70,"column":70}},"70":{"start":{"line":71,"column":0},"end":{"line":71,"column":83}},"71":{"start":{"line":72,"column":0},"end":{"line":72,"column":25}},"72":{"start":{"line":73,"column":0},"end":{"line":73,"column":74}},"73":{"start":{"line":74,"column":0},"end":{"line":74,"column":27}},"74":{"start":{"line":75,"column":0},"end":{"line":75,"column":49}},"75":{"start":{"line":76,"column":0},"end":{"line":76,"column":44}},"76":{"start":{"line":77,"column":0},"end":{"line":77,"column":83}},"77":{"start":{"line":78,"column":0},"end":{"line":78,"column":25}},"78":{"start":{"line":79,"column":0},"end":{"line":79,"column":60}},"79":{"start":{"line":80,"column":0},"end":{"line":80,"column":17}},"80":{"start":{"line":81,"column":0},"end":{"line":81,"column":15}},"81":{"start":{"line":82,"column":0},"end":{"line":82,"column":11}},"82":{"start":{"line":83,"column":0},"end":{"line":83,"column":6}},"83":{"start":{"line":84,"column":0},"end":{"line":84,"column":55}},"84":{"start":{"line":85,"column":0},"end":{"line":85,"column":65}},"85":{"start":{"line":86,"column":0},"end":{"line":86,"column":64}},"86":{"start":{"line":87,"column":0},"end":{"line":87,"column":49}},"87":{"start":{"line":88,"column":0},"end":{"line":88,"column":52}},"88":{"start":{"line":89,"column":0},"end":{"line":89,"column":35}},"89":{"start":{"line":90,"column":0},"end":{"line":90,"column":82}},"90":{"start":{"line":91,"column":0},"end":{"line":91,"column":27}},"91":{"start":{"line":92,"column":0},"end":{"line":92,"column":51}},"92":{"start":{"line":93,"column":0},"end":{"line":93,"column":71}},"93":{"start":{"line":94,"column":0},"end":{"line":94,"column":50}},"94":{"start":{"line":95,"column":0},"end":{"line":95,"column":48}},"95":{"start":{"line":96,"column":0},"end":{"line":96,"column":46}},"96":{"start":{"line":97,"column":0},"end":{"line":97,"column":54}},"97":{"start":{"line":98,"column":0},"end":{"line":98,"column":25}},"98":{"start":{"line":99,"column":0},"end":{"line":99,"column":39}},"99":{"start":{"line":100,"column":0},"end":{"line":100,"column":37}},"100":{"start":{"line":101,"column":0},"end":{"line":101,"column":54}},"101":{"start":{"line":102,"column":0},"end":{"line":102,"column":25}},"102":{"start":{"line":103,"column":0},"end":{"line":103,"column":66}},"103":{"start":{"line":104,"column":0},"end":{"line":104,"column":43}},"104":{"start":{"line":105,"column":0},"end":{"line":105,"column":45}},"105":{"start":{"line":106,"column":0},"end":{"line":106,"column":57}},"106":{"start":{"line":107,"column":0},"end":{"line":107,"column":27}},"107":{"start":{"line":108,"column":0},"end":{"line":108,"column":50}},"108":{"start":{"line":109,"column":0},"end":{"line":109,"column":47}},"109":{"start":{"line":110,"column":0},"end":{"line":110,"column":52}},"110":{"start":{"line":111,"column":0},"end":{"line":111,"column":50}},"111":{"start":{"line":112,"column":0},"end":{"line":112,"column":55}},"112":{"start":{"line":113,"column":0},"end":{"line":113,"column":63}},"113":{"start":{"line":114,"column":0},"end":{"line":114,"column":31}},"114":{"start":{"line":115,"column":0},"end":{"line":115,"column":17}},"115":{"start":{"line":116,"column":0},"end":{"line":116,"column":15}},"116":{"start":{"line":117,"column":0},"end":{"line":117,"column":11}},"117":{"start":{"line":118,"column":0},"end":{"line":118,"column":6}},"118":{"start":{"line":119,"column":0},"end":{"line":119,"column":63}},"119":{"start":{"line":120,"column":0},"end":{"line":120,"column":60}},"120":{"start":{"line":121,"column":0},"end":{"line":121,"column":28}},"121":{"start":{"line":122,"column":0},"end":{"line":122,"column":52}},"122":{"start":{"line":123,"column":0},"end":{"line":123,"column":35}},"123":{"start":{"line":124,"column":0},"end":{"line":124,"column":71}},"124":{"start":{"line":125,"column":0},"end":{"line":125,"column":27}},"125":{"start":{"line":126,"column":0},"end":{"line":126,"column":48}},"126":{"start":{"line":127,"column":0},"end":{"line":127,"column":53}},"127":{"start":{"line":128,"column":0},"end":{"line":128,"column":43}},"128":{"start":{"line":129,"column":0},"end":{"line":129,"column":59}},"129":{"start":{"line":130,"column":0},"end":{"line":130,"column":17}},"130":{"start":{"line":131,"column":0},"end":{"line":131,"column":15}},"131":{"start":{"line":132,"column":0},"end":{"line":132,"column":11}},"132":{"start":{"line":133,"column":0},"end":{"line":133,"column":6}},"133":{"start":{"line":134,"column":0},"end":{"line":134,"column":26}},"134":{"start":{"line":135,"column":0},"end":{"line":135,"column":5}},"135":{"start":{"line":136,"column":0},"end":{"line":136,"column":40}}},"s":{"0":4,"1":4,"2":0,"3":0,"4":0,"5":0,"6":0,"7":0,"8":0,"9":4,"10":4,"11":0,"12":0,"13":0,"14":0,"15":0,"16":0,"17":0,"18":0,"19":0,"20":0,"21":0,"22":0,"23":0,"24":0,"25":0,"26":0,"27":0,"28":0,"29":0,"30":0,"31":0,"32":0,"33":0,"34":0,"35":0,"36":4,"37":4,"38":4,"39":4,"40":4,"41":4,"42":4,"43":4,"44":18,"45":4,"46":0,"47":0,"48":0,"49":0,"50":0,"51":0,"52":0,"53":0,"54":0,"55":0,"56":0,"57":0,"58":0,"59":0,"60":0,"61":0,"62":4,"63":4,"64":0,"65":0,"66":0,"67":0,"68":0,"69":0,"70":0,"71":0,"72":0,"73":0,"74":0,"75":0,"76":0,"77":0,"78":0,"79":0,"80":0,"81":0,"82":4,"83":4,"84":0,"85":0,"86":0,"87":0,"88":0,"89":0,"90":0,"91":0,"92":0,"93":0,"94":0,"95":0,"96":0,"97":0,"98":0,"99":0,"100":0,"101":0,"102":0,"103":0,"104":0,"105":0,"106":0,"107":0,"108":0,"109":0,"110":0,"111":0,"112":0,"113":0,"114":0,"115":0,"116":0,"117":4,"118":4,"119":0,"120":0,"121":0,"122":0,"123":0,"124":0,"125":0,"126":0,"127":0,"128":0,"129":0,"130":0,"131":0,"132":4,"133":4,"134":4,"135":4},"branchMap":{"0":{"type":"branch","line":1,"loc":{"start":{"line":1,"column":0},"end":{"line":136,"column":40}},"locations":[{"start":{"line":1,"column":0},"end":{"line":136,"column":40}}]},"1":{"type":"branch","line":1,"loc":{"start":{"line":1,"column":0},"end":{"line":136,"column":40}},"locations":[{"start":{"line":1,"column":0},"end":{"line":136,"column":40}}]},"2":{"type":"branch","line":43,"loc":{"start":{"line":43,"column":36},"end":{"line":135,"column":1}},"locations":[{"start":{"line":43,"column":36},"end":{"line":135,"column":1}}]},"3":{"type":"branch","line":44,"loc":{"start":{"line":44,"column":4},"end":{"line":45,"column":5}},"locations":[{"start":{"line":44,"column":4},"end":{"line":45,"column":5}}]}},"b":{"0":[4],"1":[4],"2":[4],"3":[18]},"fnMap":{"0":{"name":"Object.<anonymous>","decl":{"start":{"line":1,"column":0},"end":{"line":136,"column":40}},"loc":{"start":{"line":1,"column":0},"end":{"line":136,"column":40}},"line":1},"1":{"name":"Object.<anonymous>.__awaiter","decl":{"start":{"line":2,"column":44},"end":{"line":10,"column":1}},"loc":{"start":{"line":2,"column":44},"end":{"line":10,"column":1}},"line":2},"2":{"name":"Object.<anonymous>.__generator","decl":{"start":{"line":11,"column":48},"end":{"line":37,"column":1}},"loc":{"start":{"line":11,"column":48},"end":{"line":37,"column":1}},"line":11},"3":{"name":"ShopRepository","decl":{"start":{"line":44,"column":4},"end":{"line":45,"column":5}},"loc":{"start":{"line":44,"column":4},"end":{"line":45,"column":5}},"line":44},"4":{"name":"Object.<anonymous>.ShopRepository.CreateShop","decl":{"start":{"line":46,"column":42},"end":{"line":63,"column":5}},"loc":{"start":{"line":46,"column":42},"end":{"line":63,"column":5}},"line":46},"5":{"name":"Object.<anonymous>.ShopRepository.GetShopById","decl":{"start":{"line":64,"column":43},"end":{"line":83,"column":5}},"loc":{"start":{"line":64,"column":43},"end":{"line":83,"column":5}},"line":64},"6":{"name":"Object.<anonymous>.ShopRepository.GetShops","decl":{"start":{"line":84,"column":40},"end":{"line":118,"column":5}},"loc":{"start":{"line":84,"column":40},"end":{"line":118,"column":5}},"line":84},"7":{"name":"Object.<anonymous>.ShopRepository.UpdateShop","decl":{"start":{"line":119,"column":42},"end":{"line":133,"column":5}},"loc":{"start":{"line":119,"column":42},"end":{"line":133,"column":5}},"line":119}},"f":{"0":4,"1":0,"2":0,"3":18,"4":0,"5":0,"6":0,"7":0}}
,"/Users/danialkozakmetov/Desktop/Новая папка 2/admin/src/database/repository/mock/mock-category-repository.js": {"path":"/Users/danialkozakmetov/Desktop/Новая папка 2/admin/src/database/repository/mock/mock-category-repository.js","all":false,"statementMap":{"0":{"start":{"line":1,"column":0},"end":{"line":1,"column":13}},"1":{"start":{"line":2,"column":0},"end":{"line":2,"column":55}},"2":{"start":{"line":3,"column":0},"end":{"line":3,"column":45}},"3":{"start":{"line":4,"column":0},"end":{"line":4,"column":62}},"4":{"start":{"line":5,"column":0},"end":{"line":5,"column":29}},"5":{"start":{"line":6,"column":0},"end":{"line":6,"column":76}},"6":{"start":{"line":7,"column":0},"end":{"line":7,"column":28}},"7":{"start":{"line":8,"column":0},"end":{"line":8,"column":9}},"8":{"start":{"line":9,"column":0},"end":{"line":9,"column":17}},"9":{"start":{"line":10,"column":0},"end":{"line":10,"column":6}},"10":{"start":{"line":11,"column":0},"end":{"line":11,"column":43}},"11":{"start":{"line":12,"column":0},"end":{"line":12,"column":2}},"12":{"start":{"line":13,"column":0},"end":{"line":13,"column":62}},"13":{"start":{"line":14,"column":0},"end":{"line":14,"column":40}},"14":{"start":{"line":15,"column":0},"end":{"line":15,"column":57}},"15":{"start":{"line":16,"column":0},"end":{"line":16,"column":39}},"16":{"start":{"line":17,"column":0},"end":{"line":17,"column":5}},"17":{"start":{"line":18,"column":0},"end":{"line":18,"column":71}},"18":{"start":{"line":19,"column":0},"end":{"line":19,"column":56}},"19":{"start":{"line":20,"column":0},"end":{"line":20,"column":45}},"20":{"start":{"line":21,"column":0},"end":{"line":21,"column":6}},"21":{"start":{"line":22,"column":0},"end":{"line":22,"column":70}},"22":{"start":{"line":23,"column":0},"end":{"line":23,"column":35}},"23":{"start":{"line":24,"column":0},"end":{"line":24,"column":6}},"24":{"start":{"line":25,"column":0},"end":{"line":25,"column":70}},"25":{"start":{"line":26,"column":0},"end":{"line":26,"column":35}},"26":{"start":{"line":27,"column":0},"end":{"line":27,"column":6}},"27":{"start":{"line":28,"column":0},"end":{"line":28,"column":75}},"28":{"start":{"line":29,"column":0},"end":{"line":29,"column":35}},"29":{"start":{"line":30,"column":0},"end":{"line":30,"column":6}},"30":{"start":{"line":31,"column":0},"end":{"line":31,"column":34}},"31":{"start":{"line":32,"column":0},"end":{"line":32,"column":5}},"32":{"start":{"line":33,"column":0},"end":{"line":33,"column":56}}},"s":{"0":2,"1":2,"2":2,"3":0,"4":0,"5":0,"6":0,"7":0,"8":0,"9":2,"10":2,"11":2,"12":2,"13":2,"14":2,"15":2,"16":28,"17":2,"18":2,"19":2,"20":2,"21":2,"22":0,"23":2,"24":2,"25":0,"26":2,"27":2,"28":0,"29":2,"30":2,"31":2,"32":2},"branchMap":{"0":{"type":"branch","line":1,"loc":{"start":{"line":1,"column":0},"end":{"line":33,"column":56}},"locations":[{"start":{"line":1,"column":0},"end":{"line":33,"column":56}}]},"1":{"type":"branch","line":1,"loc":{"start":{"line":1,"column":0},"end":{"line":33,"column":56}},"locations":[{"start":{"line":1,"column":0},"end":{"line":33,"column":56}}]},"2":{"type":"branch","line":2,"loc":{"start":{"line":2,"column":42},"end":{"line":12,"column":1}},"locations":[{"start":{"line":2,"column":42},"end":{"line":12,"column":1}}]},"3":{"type":"branch","line":3,"loc":{"start":{"line":3,"column":29},"end":{"line":10,"column":5}},"locations":[{"start":{"line":3,"column":29},"end":{"line":10,"column":5}}]},"4":{"type":"branch","line":15,"loc":{"start":{"line":15,"column":44},"end":{"line":32,"column":1}},"locations":[{"start":{"line":15,"column":44},"end":{"line":32,"column":1}}]},"5":{"type":"branch","line":16,"loc":{"start":{"line":16,"column":4},"end":{"line":17,"column":5}},"locations":[{"start":{"line":16,"column":4},"end":{"line":17,"column":5}}]},"6":{"type":"branch","line":18,"loc":{"start":{"line":18,"column":54},"end":{"line":21,"column":5}},"locations":[{"start":{"line":18,"column":54},"end":{"line":21,"column":5}}]}},"b":{"0":[2],"1":[2],"2":[2],"3":[0],"4":[2],"5":[28],"6":[2]},"fnMap":{"0":{"name":"Object.<anonymous>","decl":{"start":{"line":1,"column":0},"end":{"line":33,"column":56}},"loc":{"start":{"line":1,"column":0},"end":{"line":33,"column":56}},"line":1},"1":{"name":"Object.<anonymous>.__assign","decl":{"start":{"line":2,"column":42},"end":{"line":12,"column":1}},"loc":{"start":{"line":2,"column":42},"end":{"line":12,"column":1}},"line":2},"2":{"name":"__assign","decl":{"start":{"line":3,"column":32},"end":{"line":10,"column":5}},"loc":{"start":{"line":3,"column":32},"end":{"line":10,"column":5}},"line":3},"3":{"name":"MockCategoryRepository","decl":{"start":{"line":16,"column":4},"end":{"line":17,"column":5}},"loc":{"start":{"line":16,"column":4},"end":{"line":17,"column":5}},"line":16},"4":{"name":"Object.<anonymous>.MockCategoryRepository.CreateCategory","decl":{"start":{"line":18,"column":54},"end":{"line":21,"column":5}},"loc":{"start":{"line":18,"column":54},"end":{"line":21,"column":5}},"line":18},"5":{"name":"Object.<anonymous>.MockCategoryRepository.GetCategories","decl":{"start":{"line":22,"column":53},"end":{"line":24,"column":5}},"loc":{"start":{"line":22,"column":53},"end":{"line":24,"column":5}},"line":22},"6":{"name":"Object.<anonymous>.MockCategoryRepository.GetCategoryById","decl":{"start":{"line":25,"column":55},"end":{"line":27,"column":5}},"loc":{"start":{"line":25,"column":55},"end":{"line":27,"column":5}},"line":25},"7":{"name":"Object.<anonymous>.MockCategoryRepository.UpdateCategory","decl":{"start":{"line":28,"column":54},"end":{"line":30,"column":5}},"loc":{"start":{"line":28,"column":54},"end":{"line":30,"column":5}},"line":28}},"f":{"0":2,"1":2,"2":0,"3":28,"4":2,"5":0,"6":0,"7":0}}
,"/Users/danialkozakmetov/Desktop/Новая папка 2/admin/src/database/repository/mock/mock-shop-repository.js": {"path":"/Users/danialkozakmetov/Desktop/Новая папка 2/admin/src/database/repository/mock/mock-shop-repository.js","all":false,"statementMap":{"0":{"start":{"line":1,"column":0},"end":{"line":1,"column":13}},"1":{"start":{"line":2,"column":0},"end":{"line":2,"column":55}},"2":{"start":{"line":3,"column":0},"end":{"line":3,"column":45}},"3":{"start":{"line":4,"column":0},"end":{"line":4,"column":62}},"4":{"start":{"line":5,"column":0},"end":{"line":5,"column":29}},"5":{"start":{"line":6,"column":0},"end":{"line":6,"column":76}},"6":{"start":{"line":7,"column":0},"end":{"line":7,"column":28}},"7":{"start":{"line":8,"column":0},"end":{"line":8,"column":9}},"8":{"start":{"line":9,"column":0},"end":{"line":9,"column":17}},"9":{"start":{"line":10,"column":0},"end":{"line":10,"column":6}},"10":{"start":{"line":11,"column":0},"end":{"line":11,"column":43}},"11":{"start":{"line":12,"column":0},"end":{"line":12,"column":2}},"12":{"start":{"line":13,"column":0},"end":{"line":13,"column":62}},"13":{"start":{"line":14,"column":0},"end":{"line":14,"column":36}},"14":{"start":{"line":15,"column":0},"end":{"line":15,"column":53}},"15":{"start":{"line":16,"column":0},"end":{"line":16,"column":35}},"16":{"start":{"line":17,"column":0},"end":{"line":17,"column":5}},"17":{"start":{"line":18,"column":0},"end":{"line":18,"column":63}},"18":{"start":{"line":19,"column":0},"end":{"line":19,"column":52}},"19":{"start":{"line":20,"column":0},"end":{"line":20,"column":41}},"20":{"start":{"line":21,"column":0},"end":{"line":21,"column":6}},"21":{"start":{"line":22,"column":0},"end":{"line":22,"column":61}},"22":{"start":{"line":23,"column":0},"end":{"line":23,"column":37}},"23":{"start":{"line":24,"column":0},"end":{"line":24,"column":6}},"24":{"start":{"line":25,"column":0},"end":{"line":25,"column":62}},"25":{"start":{"line":26,"column":0},"end":{"line":26,"column":35}},"26":{"start":{"line":27,"column":0},"end":{"line":27,"column":6}},"27":{"start":{"line":28,"column":0},"end":{"line":28,"column":67}},"28":{"start":{"line":29,"column":0},"end":{"line":29,"column":35}},"29":{"start":{"line":30,"column":0},"end":{"line":30,"column":6}},"30":{"start":{"line":31,"column":0},"end":{"line":31,"column":30}},"31":{"start":{"line":32,"column":0},"end":{"line":32,"column":5}},"32":{"start":{"line":33,"column":0},"end":{"line":33,"column":48}}},"s":{"0":2,"1":2,"2":2,"3":0,"4":0,"5":0,"6":0,"7":0,"8":0,"9":2,"10":2,"11":2,"12":2,"13":2,"14":2,"15":2,"16":8,"17":2,"18":2,"19":2,"20":2,"21":2,"22":0,"23":2,"24":2,"25":0,"26":2,"27":2,"28":0,"29":2,"30":2,"31":2,"32":2},"branchMap":{"0":{"type":"branch","line":1,"loc":{"start":{"line":1,"column":0},"end":{"line":33,"column":48}},"locations":[{"start":{"line":1,"column":0},"end":{"line":33,"column":48}}]},"1":{"type":"branch","line":1,"loc":{"start":{"line":1,"column":0},"end":{"line":33,"column":48}},"locations":[{"start":{"line":1,"column":0},"end":{"line":33,"column":48}}]},"2":{"type":"branch","line":2,"loc":{"start":{"line":2,"column":42},"end":{"line":12,"column":1}},"locations":[{"start":{"line":2,"column":42},"end":{"line":12,"column":1}}]},"3":{"type":"branch","line":3,"loc":{"start":{"line":3,"column":29},"end":{"line":10,"column":5}},"locations":[{"start":{"line":3,"column":29},"end":{"line":10,"column":5}}]},"4":{"type":"branch","line":15,"loc":{"start":{"line":15,"column":40},"end":{"line":32,"column":1}},"locations":[{"start":{"line":15,"column":40},"end":{"line":32,"column":1}}]},"5":{"type":"branch","line":16,"loc":{"start":{"line":16,"column":4},"end":{"line":17,"column":5}},"locations":[{"start":{"line":16,"column":4},"end":{"line":17,"column":5}}]},"6":{"type":"branch","line":18,"loc":{"start":{"line":18,"column":46},"end":{"line":21,"column":5}},"locations":[{"start":{"line":18,"column":46},"end":{"line":21,"column":5}}]}},"b":{"0":[2],"1":[2],"2":[2],"3":[0],"4":[2],"5":[8],"6":[2]},"fnMap":{"0":{"name":"Object.<anonymous>","decl":{"start":{"line":1,"column":0},"end":{"line":33,"column":48}},"loc":{"start":{"line":1,"column":0},"end":{"line":33,"column":48}},"line":1},"1":{"name":"Object.<anonymous>.__assign","decl":{"start":{"line":2,"column":42},"end":{"line":12,"column":1}},"loc":{"start":{"line":2,"column":42},"end":{"line":12,"column":1}},"line":2},"2":{"name":"__assign","decl":{"start":{"line":3,"column":32},"end":{"line":10,"column":5}},"loc":{"start":{"line":3,"column":32},"end":{"line":10,"column":5}},"line":3},"3":{"name":"MockShopRepository","decl":{"start":{"line":16,"column":4},"end":{"line":17,"column":5}},"loc":{"start":{"line":16,"column":4},"end":{"line":17,"column":5}},"line":16},"4":{"name":"Object.<anonymous>.MockShopRepository.CreateShop","decl":{"start":{"line":18,"column":46},"end":{"line":21,"column":5}},"loc":{"start":{"line":18,"column":46},"end":{"line":21,"column":5}},"line":18},"5":{"name":"Object.<anonymous>.MockShopRepository.GetShops","decl":{"start":{"line":22,"column":44},"end":{"line":24,"column":5}},"loc":{"start":{"line":22,"column":44},"end":{"line":24,"column":5}},"line":22},"6":{"name":"Object.<anonymous>.MockShopRepository.GetShopById","decl":{"start":{"line":25,"column":47},"end":{"line":27,"column":5}},"loc":{"start":{"line":25,"column":47},"end":{"line":27,"column":5}},"line":25},"7":{"name":"Object.<anonymous>.MockShopRepository.UpdateShop","decl":{"start":{"line":28,"column":46},"end":{"line":30,"column":5}},"loc":{"start":{"line":28,"column":46},"end":{"line":30,"column":5}},"line":28}},"f":{"0":2,"1":2,"2":0,"3":8,"4":2,"5":0,"6":0,"7":0}}
,"/Users/danialkozakmetov/Desktop/Новая папка 2/admin/src/services/category-service.js": {"path":"/Users/danialkozakmetov/Desktop/Новая папка 2/admin/src/services/category-service.js","all":false,"statementMap":{"0":{"start":{"line":1,"column":0},"end":{"line":1,"column":13}},"1":{"start":{"line":2,"column":0},"end":{"line":2,"column":90}},"2":{"start":{"line":3,"column":0},"end":{"line":3,"column":112}},"3":{"start":{"line":4,"column":0},"end":{"line":4,"column":64}},"4":{"start":{"line":5,"column":0},"end":{"line":5,"column":99}},"5":{"start":{"line":6,"column":0},"end":{"line":6,"column":102}},"6":{"start":{"line":7,"column":0},"end":{"line":7,"column":118}},"7":{"start":{"line":8,"column":0},"end":{"line":8,"column":78}},"8":{"start":{"line":9,"column":0},"end":{"line":9,"column":7}},"9":{"start":{"line":10,"column":0},"end":{"line":10,"column":2}},"10":{"start":{"line":11,"column":0},"end":{"line":11,"column":74}},"11":{"start":{"line":12,"column":0},"end":{"line":12,"column":117}},"12":{"start":{"line":13,"column":0},"end":{"line":13,"column":157}},"13":{"start":{"line":14,"column":0},"end":{"line":14,"column":70}},"14":{"start":{"line":15,"column":0},"end":{"line":15,"column":23}},"15":{"start":{"line":16,"column":0},"end":{"line":16,"column":70}},"16":{"start":{"line":17,"column":0},"end":{"line":17,"column":55}},"17":{"start":{"line":18,"column":0},"end":{"line":18,"column":169}},"18":{"start":{"line":19,"column":0},"end":{"line":19,"column":52}},"19":{"start":{"line":20,"column":0},"end":{"line":20,"column":28}},"20":{"start":{"line":21,"column":0},"end":{"line":21,"column":46}},"21":{"start":{"line":22,"column":0},"end":{"line":22,"column":72}},"22":{"start":{"line":23,"column":0},"end":{"line":23,"column":65}},"23":{"start":{"line":24,"column":0},"end":{"line":24,"column":65}},"24":{"start":{"line":25,"column":0},"end":{"line":25,"column":24}},"25":{"start":{"line":26,"column":0},"end":{"line":26,"column":128}},"26":{"start":{"line":27,"column":0},"end":{"line":27,"column":106}},"27":{"start":{"line":28,"column":0},"end":{"line":28,"column":89}},"28":{"start":{"line":29,"column":0},"end":{"line":29,"column":87}},"29":{"start":{"line":30,"column":0},"end":{"line":30,"column":42}},"30":{"start":{"line":31,"column":0},"end":{"line":31,"column":43}},"31":{"start":{"line":32,"column":0},"end":{"line":32,"column":13}},"32":{"start":{"line":33,"column":0},"end":{"line":33,"column":39}},"33":{"start":{"line":34,"column":0},"end":{"line":34,"column":66}},"34":{"start":{"line":35,"column":0},"end":{"line":35,"column":89}},"35":{"start":{"line":36,"column":0},"end":{"line":36,"column":5}},"36":{"start":{"line":37,"column":0},"end":{"line":37,"column":2}},"37":{"start":{"line":38,"column":0},"end":{"line":38,"column":62}},"38":{"start":{"line":39,"column":0},"end":{"line":39,"column":33}},"39":{"start":{"line":40,"column":0},"end":{"line":40,"column":82}},"40":{"start":{"line":41,"column":0},"end":{"line":41,"column":34}},"41":{"start":{"line":42,"column":0},"end":{"line":42,"column":50}},"42":{"start":{"line":43,"column":0},"end":{"line":43,"column":32}},"43":{"start":{"line":44,"column":0},"end":{"line":44,"column":81}},"44":{"start":{"line":45,"column":0},"end":{"line":45,"column":5}},"45":{"start":{"line":46,"column":0},"end":{"line":46,"column":64}},"46":{"start":{"line":47,"column":0},"end":{"line":47,"column":60}},"47":{"start":{"line":48,"column":0},"end":{"line":48,"column":31}},"48":{"start":{"line":49,"column":0},"end":{"line":49,"column":52}},"49":{"start":{"line":50,"column":0},"end":{"line":50,"column":35}},"50":{"start":{"line":51,"column":0},"end":{"line":51,"column":95}},"51":{"start":{"line":52,"column":0},"end":{"line":52,"column":27}},"52":{"start":{"line":53,"column":0},"end":{"line":53,"column":51}},"53":{"start":{"line":54,"column":0},"end":{"line":54,"column":98}},"54":{"start":{"line":55,"column":0},"end":{"line":55,"column":17}},"55":{"start":{"line":56,"column":0},"end":{"line":56,"column":15}},"56":{"start":{"line":57,"column":0},"end":{"line":57,"column":11}},"57":{"start":{"line":58,"column":0},"end":{"line":58,"column":6}},"58":{"start":{"line":59,"column":0},"end":{"line":59,"column":63}},"59":{"start":{"line":60,"column":0},"end":{"line":60,"column":60}},"60":{"start":{"line":61,"column":0},"end":{"line":61,"column":35}},"61":{"start":{"line":62,"column":0},"end":{"line":62,"column":52}},"62":{"start":{"line":63,"column":0},"end":{"line":63,"column":35}},"63":{"start":{"line":64,"column":0},"end":{"line":64,"column":94}},"64":{"start":{"line":65,"column":0},"end":{"line":65,"column":27}},"65":{"start":{"line":66,"column":0},"end":{"line":66,"column":55}},"66":{"start":{"line":67,"column":0},"end":{"line":67,"column":92}},"67":{"start":{"line":68,"column":0},"end":{"line":68,"column":17}},"68":{"start":{"line":69,"column":0},"end":{"line":69,"column":15}},"69":{"start":{"line":70,"column":0},"end":{"line":70,"column":11}},"70":{"start":{"line":71,"column":0},"end":{"line":71,"column":6}},"71":{"start":{"line":72,"column":0},"end":{"line":72,"column":63}},"72":{"start":{"line":73,"column":0},"end":{"line":73,"column":60}},"73":{"start":{"line":74,"column":0},"end":{"line":74,"column":33}},"74":{"start":{"line":75,"column":0},"end":{"line":75,"column":52}},"75":{"start":{"line":76,"column":0},"end":{"line":76,"column":35}},"76":{"start":{"line":77,"column":0},"end":{"line":77,"column":94}},"77":{"start":{"line":78,"column":0},"end":{"line":78,"column":27}},"78":{"start":{"line":79,"column":0},"end":{"line":79,"column":53}},"79":{"start":{"line":80,"column":0},"end":{"line":80,"column":100}},"80":{"start":{"line":81,"column":0},"end":{"line":81,"column":17}},"81":{"start":{"line":82,"column":0},"end":{"line":82,"column":15}},"82":{"start":{"line":83,"column":0},"end":{"line":83,"column":11}},"83":{"start":{"line":84,"column":0},"end":{"line":84,"column":6}},"84":{"start":{"line":85,"column":0},"end":{"line":85,"column":68}},"85":{"start":{"line":86,"column":0},"end":{"line":86,"column":60}},"86":{"start":{"line":87,"column":0},"end":{"line":87,"column":32}},"87":{"start":{"line":88,"column":0},"end":{"line":88,"column":52}},"88":{"start":{"line":89,"column":0},"end":{"line":89,"column":35}},"89":{"start":{"line":90,"column":0},"end":{"line":90,"column":99}},"90":{"start":{"line":91,"column":0},"end":{"line":91,"column":27}},"91":{"start":{"line":92,"column":0},"end":{"line":92,"column":52}},"92":{"start":{"line":93,"column":0},"end":{"line":93,"column":99}},"93":{"start":{"line":94,"column":0},"end":{"line":94,"column":17}},"94":{"start":{"line":95,"column":0},"end":{"line":95,"column":15}},"95":{"start":{"line":96,"column":0},"end":{"line":96,"column":11}},"96":{"start":{"line":97,"column":0},"end":{"line":97,"column":6}},"97":{"start":{"line":98,"column":0},"end":{"line":98,"column":82}},"98":{"start":{"line":99,"column":0},"end":{"line":99,"column":60}},"99":{"start":{"line":100,"column":0},"end":{"line":100,"column":24}},"100":{"start":{"line":101,"column":0},"end":{"line":101,"column":52}},"101":{"start":{"line":102,"column":0},"end":{"line":102,"column":31}},"102":{"start":{"line":103,"column":0},"end":{"line":103,"column":31}},"103":{"start":{"line":104,"column":0},"end":{"line":104,"column":37}},"104":{"start":{"line":105,"column":0},"end":{"line":105,"column":31}},"105":{"start":{"line":106,"column":0},"end":{"line":106,"column":70}},"106":{"start":{"line":107,"column":0},"end":{"line":107,"column":53}},"107":{"start":{"line":108,"column":0},"end":{"line":108,"column":26}},"108":{"start":{"line":109,"column":0},"end":{"line":109,"column":22}},"109":{"start":{"line":110,"column":0},"end":{"line":110,"column":51}},"110":{"start":{"line":111,"column":0},"end":{"line":111,"column":17}},"111":{"start":{"line":112,"column":0},"end":{"line":112,"column":22}},"112":{"start":{"line":113,"column":0},"end":{"line":113,"column":104}},"113":{"start":{"line":114,"column":0},"end":{"line":114,"column":17}},"114":{"start":{"line":115,"column":0},"end":{"line":115,"column":38}},"115":{"start":{"line":116,"column":0},"end":{"line":116,"column":15}},"116":{"start":{"line":117,"column":0},"end":{"line":117,"column":11}},"117":{"start":{"line":118,"column":0},"end":{"line":118,"column":6}},"118":{"start":{"line":119,"column":0},"end":{"line":119,"column":91}},"119":{"start":{"line":120,"column":0},"end":{"line":120,"column":60}},"120":{"start":{"line":121,"column":0},"end":{"line":121,"column":24}},"121":{"start":{"line":122,"column":0},"end":{"line":122,"column":52}},"122":{"start":{"line":123,"column":0},"end":{"line":123,"column":31}},"123":{"start":{"line":124,"column":0},"end":{"line":124,"column":31}},"124":{"start":{"line":125,"column":0},"end":{"line":125,"column":37}},"125":{"start":{"line":126,"column":0},"end":{"line":126,"column":31}},"126":{"start":{"line":127,"column":0},"end":{"line":127,"column":70}},"127":{"start":{"line":128,"column":0},"end":{"line":128,"column":45}},"128":{"start":{"line":129,"column":0},"end":{"line":129,"column":53}},"129":{"start":{"line":130,"column":0},"end":{"line":130,"column":26}},"130":{"start":{"line":131,"column":0},"end":{"line":131,"column":22}},"131":{"start":{"line":132,"column":0},"end":{"line":132,"column":51}},"132":{"start":{"line":133,"column":0},"end":{"line":133,"column":17}},"133":{"start":{"line":134,"column":0},"end":{"line":134,"column":22}},"134":{"start":{"line":135,"column":0},"end":{"line":135,"column":104}},"135":{"start":{"line":136,"column":0},"end":{"line":136,"column":17}},"136":{"start":{"line":137,"column":0},"end":{"line":137,"column":38}},"137":{"start":{"line":138,"column":0},"end":{"line":138,"column":15}},"138":{"start":{"line":139,"column":0},"end":{"line":139,"column":11}},"139":{"start":{"line":140,"column":0},"end":{"line":140,"column":6}},"140":{"start":{"line":141,"column":0},"end":{"line":141,"column":27}},"141":{"start":{"line":142,"column":0},"end":{"line":142,"column":5}},"142":{"start":{"line":143,"column":0},"end":{"line":143,"column":42}}},"s":{"0":2,"1":2,"2":12,"3":12,"4":12,"5":12,"6":12,"7":12,"8":12,"9":2,"10":2,"11":12,"12":12,"13":12,"14":12,"15":24,"16":24,"17":48,"18":48,"19":48,"20":48,"21":48,"22":48,"23":48,"24":48,"25":12,"26":12,"27":12,"28":12,"29":0,"30":0,"31":48,"32":24,"33":48,"34":24,"35":24,"36":2,"37":2,"38":2,"39":2,"40":2,"41":2,"42":2,"43":14,"44":14,"45":2,"46":2,"47":2,"48":2,"49":4,"50":4,"51":4,"52":2,"53":2,"54":4,"55":2,"56":2,"57":2,"58":2,"59":2,"60":2,"61":2,"62":4,"63":4,"64":4,"65":2,"66":2,"67":4,"68":2,"69":2,"70":2,"71":2,"72":4,"73":4,"74":4,"75":8,"76":8,"77":8,"78":4,"79":4,"80":8,"81":4,"82":4,"83":2,"84":2,"85":4,"86":4,"87":4,"88":8,"89":8,"90":8,"91":4,"92":4,"93":8,"94":4,"95":4,"96":2,"97":2,"98":0,"99":0,"100":0,"101":0,"102":0,"103":0,"104":0,"105":0,"106":0,"107":0,"108":0,"109":0,"110":0,"111":0,"112":0,"113":0,"114":0,"115":0,"116":0,"117":2,"118":2,"119":0,"120":0,"121":0,"122":0,"123":0,"124":0,"125":0,"126":0,"127":0,"128":0,"129":0,"130":0,"131":0,"132":0,"133":0,"134":0,"135":0,"136":0,"137":0,"138":0,"139":2,"140":2,"141":2,"142":2},"branchMap":{"0":{"type":"branch","line":1,"loc":{"start":{"line":1,"column":0},"end":{"line":143,"column":42}},"locations":[{"start":{"line":1,"column":0},"end":{"line":143,"column":42}}]},"1":{"type":"branch","line":1,"loc":{"start":{"line":1,"column":0},"end":{"line":143,"column":42}},"locations":[{"start":{"line":1,"column":0},"end":{"line":143,"column":42}}]},"2":{"type":"branch","line":2,"loc":{"start":{"line":2,"column":44},"end":{"line":10,"column":1}},"locations":[{"start":{"line":2,"column":44},"end":{"line":10,"column":1}}]},"3":{"type":"branch","line":3,"loc":{"start":{"line":3,"column":4},"end":{"line":3,"column":112}},"locations":[{"start":{"line":3,"column":4},"end":{"line":3,"column":112}}]},"4":{"type":"branch","line":3,"loc":{"start":{"line":3,"column":62},"end":{"line":3,"column":109}},"locations":[{"start":{"line":3,"column":62},"end":{"line":3,"column":109}}]},"5":{"type":"branch","line":4,"loc":{"start":{"line":4,"column":36},"end":{"line":9,"column":5}},"locations":[{"start":{"line":4,"column":36},"end":{"line":9,"column":5}}]},"6":{"type":"branch","line":5,"loc":{"start":{"line":5,"column":8},"end":{"line":5,"column":99}},"locations":[{"start":{"line":5,"column":8},"end":{"line":5,"column":99}}]},"7":{"type":"branch","line":5,"loc":{"start":{"line":5,"column":73},"end":{"line":5,"column":97}},"locations":[{"start":{"line":5,"column":73},"end":{"line":5,"column":97}}]},"8":{"type":"branch","line":6,"loc":{"start":{"line":6,"column":8},"end":{"line":6,"column":102}},"locations":[{"start":{"line":6,"column":8},"end":{"line":6,"column":102}}]},"9":{"type":"branch","line":7,"loc":{"start":{"line":7,"column":8},"end":{"line":7,"column":118}},"locations":[{"start":{"line":7,"column":8},"end":{"line":7,"column":118}}]},"10":{"type":"branch","line":7,"loc":{"start":{"line":7,"column":44},"end":{"line":7,"column":67}},"locations":[{"start":{"line":7,"column":44},"end":{"line":7,"column":67}}]},"11":{"type":"branch","line":7,"loc":{"start":{"line":7,"column":68},"end":{"line":7,"column":115}},"locations":[{"start":{"line":7,"column":68},"end":{"line":7,"column":115}}]},"12":{"type":"branch","line":11,"loc":{"start":{"line":11,"column":48},"end":{"line":37,"column":1}},"locations":[{"start":{"line":11,"column":48},"end":{"line":37,"column":1}}]},"13":{"type":"branch","line":12,"loc":{"start":{"line":12,"column":30},"end":{"line":12,"column":83}},"locations":[{"start":{"line":12,"column":30},"end":{"line":12,"column":83}}]},"14":{"type":"branch","line":12,"loc":{"start":{"line":12,"column":57},"end":{"line":12,"column":82}},"locations":[{"start":{"line":12,"column":57},"end":{"line":12,"column":82}}]},"15":{"type":"branch","line":14,"loc":{"start":{"line":14,"column":4},"end":{"line":14,"column":70}},"locations":[{"start":{"line":14,"column":4},"end":{"line":14,"column":70}}]},"16":{"type":"branch","line":14,"loc":{"start":{"line":14,"column":30},"end":{"line":14,"column":67}},"locations":[{"start":{"line":14,"column":30},"end":{"line":14,"column":67}}]},"17":{"type":"branch","line":15,"loc":{"start":{"line":15,"column":4},"end":{"line":36,"column":5}},"locations":[{"start":{"line":15,"column":4},"end":{"line":36,"column":5}}]},"18":{"type":"branch","line":16,"loc":{"start":{"line":16,"column":15},"end":{"line":16,"column":70}},"locations":[{"start":{"line":16,"column":15},"end":{"line":16,"column":70}}]},"19":{"type":"branch","line":17,"loc":{"start":{"line":17,"column":17},"end":{"line":17,"column":45}},"locations":[{"start":{"line":17,"column":17},"end":{"line":17,"column":45}}]},"20":{"type":"branch","line":17,"loc":{"start":{"line":17,"column":34},"end":{"line":17,"column":44}},"locations":[{"start":{"line":17,"column":34},"end":{"line":17,"column":44}}]},"21":{"type":"branch","line":17,"loc":{"start":{"line":17,"column":50},"end":{"line":34,"column":66}},"locations":[{"start":{"line":17,"column":50},"end":{"line":34,"column":66}}]},"22":{"type":"branch","line":18,"loc":{"start":{"line":18,"column":25},"end":{"line":18,"column":126}},"locations":[{"start":{"line":18,"column":25},"end":{"line":18,"column":126}}]},"23":{"type":"branch","line":18,"loc":{"start":{"line":18,"column":127},"end":{"line":18,"column":158}},"locations":[{"start":{"line":18,"column":127},"end":{"line":18,"column":158}}]},"24":{"type":"branch","line":18,"loc":{"start":{"line":18,"column":160},"end":{"line":18,"column":169}},"locations":[{"start":{"line":18,"column":160},"end":{"line":18,"column":169}}]},"25":{"type":"branch","line":19,"loc":{"start":{"line":19,"column":26},"end":{"line":19,"column":52}},"locations":[{"start":{"line":19,"column":26},"end":{"line":19,"column":52}}]},"26":{"type":"branch","line":21,"loc":{"start":{"line":21,"column":16},"end":{"line":21,"column":23}},"locations":[{"start":{"line":21,"column":16},"end":{"line":21,"column":23}}]},"27":{"type":"branch","line":21,"loc":{"start":{"line":21,"column":24},"end":{"line":21,"column":46}},"locations":[{"start":{"line":21,"column":24},"end":{"line":21,"column":46}}]},"28":{"type":"branch","line":22,"loc":{"start":{"line":22,"column":16},"end":{"line":22,"column":72}},"locations":[{"start":{"line":22,"column":16},"end":{"line":22,"column":72}}]},"29":{"type":"branch","line":23,"loc":{"start":{"line":23,"column":16},"end":{"line":23,"column":65}},"locations":[{"start":{"line":23,"column":16},"end":{"line":23,"column":65}}]},"30":{"type":"branch","line":24,"loc":{"start":{"line":24,"column":16},"end":{"line":24,"column":65}},"locations":[{"start":{"line":24,"column":16},"end":{"line":24,"column":65}}]},"31":{"type":"branch","line":25,"loc":{"start":{"line":25,"column":16},"end":{"line":31,"column":43}},"locations":[{"start":{"line":25,"column":16},"end":{"line":31,"column":43}}]},"32":{"type":"branch","line":26,"loc":{"start":{"line":26,"column":55},"end":{"line":26,"column":73}},"locations":[{"start":{"line":26,"column":55},"end":{"line":26,"column":73}}]},"33":{"type":"branch","line":26,"loc":{"start":{"line":26,"column":91},"end":{"line":26,"column":105}},"locations":[{"start":{"line":26,"column":91},"end":{"line":26,"column":105}}]},"34":{"type":"branch","line":27,"loc":{"start":{"line":27,"column":-1},"end":{"line":27,"column":77}},"locations":[{"start":{"line":27,"column":-1},"end":{"line":27,"column":77}}]},"35":{"type":"branch","line":27,"loc":{"start":{"line":27,"column":79},"end":{"line":28,"column":53}},"locations":[{"start":{"line":27,"column":79},"end":{"line":28,"column":53}}]},"36":{"type":"branch","line":28,"loc":{"start":{"line":28,"column":55},"end":{"line":29,"column":43}},"locations":[{"start":{"line":28,"column":55},"end":{"line":29,"column":43}}]},"37":{"type":"branch","line":29,"loc":{"start":{"line":29,"column":45},"end":{"line":31,"column":43}},"locations":[{"start":{"line":29,"column":45},"end":{"line":31,"column":43}}]},"38":{"type":"branch","line":33,"loc":{"start":{"line":33,"column":-1},"end":{"line":34,"column":10}},"locations":[{"start":{"line":33,"column":-1},"end":{"line":34,"column":10}}]},"39":{"type":"branch","line":34,"loc":{"start":{"line":34,"column":10},"end":{"line":34,"column":43}},"locations":[{"start":{"line":34,"column":10},"end":{"line":34,"column":43}}]},"40":{"type":"branch","line":34,"loc":{"start":{"line":34,"column":43},"end":{"line":34,"column":44}},"locations":[{"start":{"line":34,"column":43},"end":{"line":34,"column":44}}]},"41":{"type":"branch","line":35,"loc":{"start":{"line":35,"column":-1},"end":{"line":35,"column":23}},"locations":[{"start":{"line":35,"column":-1},"end":{"line":35,"column":23}}]},"42":{"type":"branch","line":35,"loc":{"start":{"line":35,"
[...]
8,"column":0},"end":{"line":208,"column":27}},"208":{"start":{"line":209,"column":0},"end":{"line":209,"column":66}},"209":{"start":{"line":210,"column":0},"end":{"line":210,"column":59}},"210":{"start":{"line":211,"column":0},"end":{"line":211,"column":10}},"211":{"start":{"line":212,"column":0},"end":{"line":212,"column":37}},"212":{"start":{"line":213,"column":0},"end":{"line":213,"column":9}},"213":{"start":{"line":214,"column":0},"end":{"line":214,"column":8}},"214":{"start":{"line":215,"column":0},"end":{"line":215,"column":21}},"215":{"start":{"line":216,"column":0},"end":{"line":216,"column":8}},"216":{"start":{"line":217,"column":0},"end":{"line":217,"column":7}},"217":{"start":{"line":218,"column":0},"end":{"line":218,"column":5}}},"s":{"0":4,"1":4,"2":0,"3":0,"4":0,"5":0,"6":0,"7":0,"8":0,"9":4,"10":4,"11":0,"12":0,"13":0,"14":0,"15":0,"16":0,"17":0,"18":0,"19":0,"20":0,"21":0,"22":0,"23":0,"24":0,"25":0,"26":0,"27":0,"28":0,"29":0,"30":0,"31":0,"32":0,"33":0,"34":0,"35":0,"36":4,"37":4,"38":4,"39":4,"40":4,"41":4,"42":4,"43":4,"44":0,"45":0,"46":0,"47":0,"48":0,"49":0,"50":0,"51":0,"52":0,"53":0,"54":0,"55":0,"56":0,"57":0,"58":0,"59":0,"60":0,"61":4,"62":4,"63":4,"64":0,"65":0,"66":0,"67":0,"68":0,"69":0,"70":0,"71":0,"72":0,"73":0,"74":0,"75":0,"76":0,"77":0,"78":0,"79":0,"80":4,"81":4,"82":4,"83":0,"84":0,"85":0,"86":0,"87":0,"88":0,"89":0,"90":0,"91":0,"92":0,"93":0,"94":0,"95":0,"96":0,"97":4,"98":4,"99":4,"100":24,"101":24,"102":24,"103":0,"104":0,"105":0,"106":4,"107":4,"108":4,"109":0,"110":0,"111":0,"112":0,"113":0,"114":0,"115":4,"116":4,"117":4,"118":0,"119":0,"120":0,"121":0,"122":0,"123":0,"124":4,"125":4,"126":4,"127":0,"128":0,"129":0,"130":0,"131":0,"132":0,"133":4,"134":4,"135":4,"136":4,"137":4,"138":4,"139":4,"140":4,"141":4,"142":4,"143":4,"144":4,"145":0,"146":0,"147":0,"148":0,"149":0,"150":0,"151":0,"152":0,"153":0,"154":0,"155":0,"156":0,"157":0,"158":0,"159":0,"160":0,"161":0,"162":0,"163":0,"164":0,"165":0,"166":4,"167":4,"168":4,"169":0,"170":0,"171":4,"172":4,"173":4,"174":0,"175":0,"176":0,"177":0,"178":0,"179":0,"180":0,"181":0,"182":0,"183":0,"184":0,"185":0,"186":0,"187":0,"188":0,"189":0,"190":0,"191":0,"192":0,"193":0,"194":0,"195":0,"196":0,"197":4,"198":4,"199":4,"200":4,"201":4,"202":4,"203":4,"204":4,"205":4,"206":4,"207":4,"208":4,"209":4,"210":4,"211":4,"212":4,"213":4,"214":4,"215":4,"216":4,"217":4},"branchMap":{"0":{"type":"branch","line":1,"loc":{"start":{"line":1,"column":0},"end":{"line":218,"column":5}},"locations":[{"start":{"line":1,"column":0},"end":{"line":218,"column":5}}]},"1":{"type":"branch","line":1,"loc":{"start":{"line":1,"column":0},"end":{"line":218,"column":5}},"locations":[{"start":{"line":1,"column":0},"end":{"line":218,"column":5}}]},"2":{"type":"branch","line":100,"loc":{"start":{"line":100,"column":18},"end":{"line":107,"column":1}},"locations":[{"start":{"line":100,"column":18},"end":{"line":107,"column":1}}]},"3":{"type":"branch","line":104,"loc":{"start":{"line":104,"column":-1},"end":{"line":106,"column":5}},"locations":[{"start":{"line":104,"column":-1},"end":{"line":106,"column":5}}]}},"b":{"0":[4],"1":[4],"2":[24],"3":[0]},"fnMap":{"0":{"name":"Object.<anonymous>","decl":{"start":{"line":1,"column":0},"end":{"line":218,"column":5}},"loc":{"start":{"line":1,"column":0},"end":{"line":218,"column":5}},"line":1},"1":{"name":"Object.<anonymous>.__awaiter","decl":{"start":{"line":2,"column":44},"end":{"line":10,"column":1}},"loc":{"start":{"line":2,"column":44},"end":{"line":10,"column":1}},"line":2},"2":{"name":"Object.<anonymous>.__generator","decl":{"start":{"line":11,"column":48},"end":{"line":37,"column":1}},"loc":{"start":{"line":11,"column":48},"end":{"line":37,"column":1}},"line":11},"3":{"name":"ValidateSignatureCookie","decl":{"start":{"line":44,"column":30},"end":{"line":62,"column":1}},"loc":{"start":{"line":44,"column":30},"end":{"line":62,"column":1}},"line":44},"4":{"name":"ValidateSignatureJWT","decl":{"start":{"line":64,"column":27},"end":{"line":81,"column":1}},"loc":{"start":{"line":64,"column":27},"end":{"line":81,"column":1}},"line":64},"5":{"name":"ValidateSignatureRefresh","decl":{"start":{"line":83,"column":31},"end":{"line":98,"column":1}},"loc":{"start":{"line":83,"column":31},"end":{"line":98,"column":1}},"line":83},"6":{"name":"FormateData","decl":{"start":{"line":100,"column":18},"end":{"line":107,"column":1}},"loc":{"start":{"line":100,"column":18},"end":{"line":107,"column":1}},"line":100},"7":{"name":"GenerateSalt","decl":{"start":{"line":109,"column":19},"end":{"line":116,"column":5}},"loc":{"start":{"line":109,"column":19},"end":{"line":116,"column":5}},"line":109},"8":{"name":"GeneratePassword","decl":{"start":{"line":118,"column":23},"end":{"line":125,"column":5}},"loc":{"start":{"line":118,"column":23},"end":{"line":125,"column":5}},"line":118},"9":{"name":"ValidatePassword","decl":{"start":{"line":127,"column":23},"end":{"line":134,"column":5}},"loc":{"start":{"line":127,"column":23},"end":{"line":134,"column":5}},"line":127},"10":{"name":"CreateChannel","decl":{"start":{"line":145,"column":20},"end":{"line":167,"column":5}},"loc":{"start":{"line":145,"column":20},"end":{"line":167,"column":5}},"line":145},"11":{"name":"PublishMessage","decl":{"start":{"line":169,"column":21},"end":{"line":172,"column":1}},"loc":{"start":{"line":169,"column":21},"end":{"line":172,"column":1}},"line":169},"12":{"name":"SubscribeMessage","decl":{"start":{"line":174,"column":23},"end":{"line":198,"column":5}},"loc":{"start":{"line":174,"column":23},"end":{"line":198,"column":5}},"line":174}},"f":{"0":4,"1":0,"2":0,"3":0,"4":0,"5":0,"6":24,"7":0,"8":0,"9":0,"10":0,"11":0,"12":0}}
,"/Users/danialkozakmetov/Desktop/Новая папка 2/admin/src/utils/interfaces.js": {"path":"/Users/danialkozakmetov/Desktop/Новая папка 2/admin/src/utils/interfaces.js","all":false,"statementMap":{"0":{"start":{"line":1,"column":0},"end":{"line":1,"column":13}},"1":{"start":{"line":2,"column":0},"end":{"line":2,"column":62}},"2":{"start":{"line":3,"column":0},"end":{"line":3,"column":26}},"3":{"start":{"line":4,"column":0},"end":{"line":4,"column":13}},"4":{"start":{"line":5,"column":0},"end":{"line":5,"column":22}},"5":{"start":{"line":6,"column":0},"end":{"line":6,"column":32}},"6":{"start":{"line":7,"column":0},"end":{"line":7,"column":30}},"7":{"start":{"line":8,"column":0},"end":{"line":8,"column":34}},"8":{"start":{"line":9,"column":0},"end":{"line":9,"column":32}},"9":{"start":{"line":10,"column":0},"end":{"line":10,"column":51}}},"s":{"0":4,"1":4,"2":4,"3":4,"4":4,"5":4,"6":4,"7":4,"8":4,"9":4},"branchMap":{"0":{"type":"branch","line":1,"loc":{"start":{"line":1,"column":0},"end":{"line":10,"column":51}},"locations":[{"start":{"line":1,"column":0},"end":{"line":10,"column":51}}]},"1":{"type":"branch","line":1,"loc":{"start":{"line":1,"column":0},"end":{"line":10,"column":51}},"locations":[{"start":{"line":1,"column":0},"end":{"line":10,"column":51}}]},"2":{"type":"branch","line":5,"loc":{"start":{"line":5,"column":1},"end":{"line":10,"column":1}},"locations":[{"start":{"line":5,"column":1},"end":{"line":10,"column":1}}]}},"b":{"0":[4],"1":[4],"2":[4]},"fnMap":{"0":{"name":"Object.<anonymous>","decl":{"start":{"line":1,"column":0},"end":{"line":10,"column":51}},"loc":{"start":{"line":1,"column":0},"end":{"line":10,"column":51}},"line":1}},"f":{"0":4}}
,"/Users/danialkozakmetov/Desktop/Новая папка 2/admin/src/utils/errors/app-errors.js": {"path":"/Users/danialkozakmetov/Desktop/Новая папка 2/admin/src/utils/errors/app-errors.js","all":false,"statementMap":{"0":{"start":{"line":1,"column":0},"end":{"line":1,"column":13}},"1":{"start":{"line":2,"column":0},"end":{"line":2,"column":58}},"2":{"start":{"line":3,"column":0},"end":{"line":3,"column":41}},"3":{"start":{"line":4,"column":0},"end":{"line":4,"column":48}},"4":{"start":{"line":5,"column":0},"end":{"line":5,"column":91}},"5":{"start":{"line":6,"column":0},"end":{"line":6,"column":110}},"6":{"start":{"line":7,"column":0},"end":{"line":7,"column":35}},"7":{"start":{"line":8,"column":0},"end":{"line":8,"column":6}},"8":{"start":{"line":9,"column":0},"end":{"line":9,"column":28}},"9":{"start":{"line":10,"column":0},"end":{"line":10,"column":50}},"10":{"start":{"line":11,"column":0},"end":{"line":11,"column":102}},"11":{"start":{"line":12,"column":0},"end":{"line":12,"column":28}},"12":{"start":{"line":13,"column":0},"end":{"line":13,"column":47}},"13":{"start":{"line":14,"column":0},"end":{"line":14,"column":93}},"14":{"start":{"line":15,"column":0},"end":{"line":15,"column":6}},"15":{"start":{"line":16,"column":0},"end":{"line":16,"column":5}},"16":{"start":{"line":17,"column":0},"end":{"line":17,"column":62}},"17":{"start":{"line":18,"column":0},"end":{"line":18,"column":144}},"18":{"start":{"line":19,"column":0},"end":{"line":19,"column":24}},"19":{"start":{"line":20,"column":0},"end":{"line":20,"column":12}},"20":{"start":{"line":21,"column":0},"end":{"line":21,"column":21}},"21":{"start":{"line":22,"column":0},"end":{"line":22,"column":23}},"22":{"start":{"line":23,"column":0},"end":{"line":23,"column":19}},"23":{"start":{"line":24,"column":0},"end":{"line":24,"column":24}},"24":{"start":{"line":25,"column":0},"end":{"line":25,"column":2}},"25":{"start":{"line":26,"column":0},"end":{"line":26,"column":50}},"26":{"start":{"line":27,"column":0},"end":{"line":27,"column":33}},"27":{"start":{"line":28,"column":0},"end":{"line":28,"column":55}},"28":{"start":{"line":29,"column":0},"end":{"line":29,"column":42}},"29":{"start":{"line":30,"column":0},"end":{"line":30,"column":59}},"30":{"start":{"line":31,"column":0},"end":{"line":31,"column":59}},"31":{"start":{"line":32,"column":0},"end":{"line":32,"column":26}},"32":{"start":{"line":33,"column":0},"end":{"line":33,"column":38}},"33":{"start":{"line":34,"column":0},"end":{"line":34,"column":39}},"34":{"start":{"line":35,"column":0},"end":{"line":35,"column":21}},"35":{"start":{"line":36,"column":0},"end":{"line":36,"column":5}},"36":{"start":{"line":37,"column":0},"end":{"line":37,"column":21}},"37":{"start":{"line":38,"column":0},"end":{"line":38,"column":10}},"38":{"start":{"line":39,"column":0},"end":{"line":39,"column":30}},"39":{"start":{"line":40,"column":0},"end":{"line":40,"column":21}},"40":{"start":{"line":41,"column":0},"end":{"line":41,"column":49}},"41":{"start":{"line":42,"column":0},"end":{"line":42,"column":32}},"42":{"start":{"line":43,"column":0},"end":{"line":43,"column":36}},"43":{"start":{"line":44,"column":0},"end":{"line":44,"column":66}},"44":{"start":{"line":45,"column":0},"end":{"line":45,"column":120}},"45":{"start":{"line":46,"column":0},"end":{"line":46,"column":5}},"46":{"start":{"line":47,"column":0},"end":{"line":47,"column":20}},"47":{"start":{"line":48,"column":0},"end":{"line":48,"column":14}},"48":{"start":{"line":49,"column":0},"end":{"line":49,"column":28}},"49":{"start":{"line":50,"column":0},"end":{"line":50,"column":23}},"50":{"start":{"line":51,"column":0},"end":{"line":51,"column":56}},"51":{"start":{"line":52,"column":0},"end":{"line":52,"column":39}},"52":{"start":{"line":53,"column":0},"end":{"line":53,"column":43}},"53":{"start":{"line":54,"column":0},"end":{"line":54,"column":68}},"54":{"start":{"line":55,"column":0},"end":{"line":55,"column":103}},"55":{"start":{"line":56,"column":0},"end":{"line":56,"column":5}},"56":{"start":{"line":57,"column":0},"end":{"line":57,"column":27}},"57":{"start":{"line":58,"column":0},"end":{"line":58,"column":14}},"58":{"start":{"line":59,"column":0},"end":{"line":59,"column":42}},"59":{"start":{"line":60,"column":0},"end":{"line":60,"column":22}},"60":{"start":{"line":61,"column":0},"end":{"line":61,"column":55}},"61":{"start":{"line":62,"column":0},"end":{"line":62,"column":38}},"62":{"start":{"line":63,"column":0},"end":{"line":63,"column":42}},"63":{"start":{"line":64,"column":0},"end":{"line":64,"column":70}},"64":{"start":{"line":65,"column":0},"end":{"line":65,"column":107}},"65":{"start":{"line":66,"column":0},"end":{"line":66,"column":5}},"66":{"start":{"line":67,"column":0},"end":{"line":67,"column":26}},"67":{"start":{"line":68,"column":0},"end":{"line":68,"column":14}},"68":{"start":{"line":69,"column":0},"end":{"line":69,"column":40}},"69":{"start":{"line":70,"column":0},"end":{"line":70,"column":16}},"70":{"start":{"line":71,"column":0},"end":{"line":71,"column":54}},"71":{"start":{"line":72,"column":0},"end":{"line":72,"column":37}},"72":{"start":{"line":73,"column":0},"end":{"line":73,"column":41}},"73":{"start":{"line":74,"column":0},"end":{"line":74,"column":66}},"74":{"start":{"line":75,"column":0},"end":{"line":75,"column":99}},"75":{"start":{"line":76,"column":0},"end":{"line":76,"column":5}},"76":{"start":{"line":77,"column":0},"end":{"line":77,"column":25}},"77":{"start":{"line":78,"column":0},"end":{"line":78,"column":14}},"78":{"start":{"line":79,"column":0},"end":{"line":79,"column":38}}},"s":{"0":4,"1":4,"2":4,"3":4,"4":4,"5":4,"6":4,"7":4,"8":4,"9":20,"10":20,"11":20,"12":20,"13":20,"14":4,"15":4,"16":4,"17":4,"18":4,"19":4,"20":4,"21":4,"22":4,"23":4,"24":4,"25":4,"26":4,"27":4,"28":6,"29":6,"30":6,"31":6,"32":6,"33":6,"34":6,"35":6,"36":4,"37":4,"38":4,"39":4,"40":4,"41":4,"42":4,"43":0,"44":0,"45":0,"46":4,"47":4,"48":4,"49":4,"50":4,"51":4,"52":4,"53":2,"54":2,"55":2,"56":4,"57":4,"58":4,"59":4,"60":4,"61":4,"62":4,"63":0,"64":0,"65":0,"66":4,"67":4,"68":4,"69":4,"70":4,"71":4,"72":4,"73":4,"74":4,"75":4,"76":4,"77":4,"78":4},"branchMap":{"0":{"type":"branch","line":1,"loc":{"start":{"line":1,"column":0},"end":{"line":79,"column":38}},"locations":[{"start":{"line":1,"column":0},"end":{"line":79,"column":38}}]},"1":{"type":"branch","line":1,"loc":{"start":{"line":1,"column":0},"end":{"line":79,"column":38}},"locations":[{"start":{"line":1,"column":0},"end":{"line":79,"column":38}}]},"2":{"type":"branch","line":2,"loc":{"start":{"line":2,"column":45},"end":{"line":16,"column":1}},"locations":[{"start":{"line":2,"column":45},"end":{"line":16,"column":1}}]},"3":{"type":"branch","line":3,"loc":{"start":{"line":3,"column":24},"end":{"line":8,"column":5}},"locations":[{"start":{"line":3,"column":24},"end":{"line":8,"column":5}}]},"4":{"type":"branch","line":4,"loc":{"start":{"line":4,"column":46},"end":{"line":5,"column":88}},"locations":[{"start":{"line":4,"column":46},"end":{"line":5,"column":88}}]},"5":{"type":"branch","line":5,"loc":{"start":{"line":5,"column":89},"end":{"line":6,"column":109}},"locations":[{"start":{"line":5,"column":89},"end":{"line":6,"column":109}}]},"6":{"type":"branch","line":9,"loc":{"start":{"line":9,"column":11},"end":{"line":15,"column":5}},"locations":[{"start":{"line":9,"column":11},"end":{"line":15,"column":5}}]},"7":{"type":"branch","line":10,"loc":{"start":{"line":10,"column":36},"end":{"line":10,"column":49}},"locations":[{"start":{"line":10,"column":36},"end":{"line":10,"column":49}}]},"8":{"type":"branch","line":11,"loc":{"start":{"line":11,"column":12},"end":{"line":11,"column":102}},"locations":[{"start":{"line":11,"column":12},"end":{"line":11,"column":102}}]},"9":{"type":"branch","line":14,"loc":{"start":{"line":14,"column":33},"end":{"line":14,"column":51}},"locations":[{"start":{"line":14,"column":33},"end":{"line":14,"column":51}}]},"10":{"type":"branch","line":13,"loc":{"start":{"line":13,"column":8},"end":{"line":13,"column":47}},"locations":[{"start":{"line":13,"column":8},"end":{"line":13,"column":47}}]},"11":{"type":"branch","line":26,"loc":{"start":{"line":26,"column":31},"end":{"line":38,"column":1}},"locations":[{"start":{"line":26,"column":31},"end":{"line":38,"column":1}}]},"12":{"type":"branch","line":28,"loc":{"start":{"line":28,"column":4},"end":{"line":36,"column":5}},"locations":[{"start":{"line":28,"column":4},"end":{"line":36,"column":5}}]},"13":{"type":"branch","line":30,"loc":{"start":{"line":30,"column":51},"end":{"line":30,"column":58}},"locations":[{"start":{"line":30,"column":51},"end":{"line":30,"column":58}}]},"14":{"type":"branch","line":41,"loc":{"start":{"line":41,"column":30},"end":{"line":48,"column":1}},"locations":[{"start":{"line":41,"column":30},"end":{"line":48,"column":1}}]},"15":{"type":"branch","line":51,"loc":{"start":{"line":51,"column":37},"end":{"line":58,"column":1}},"locations":[{"start":{"line":51,"column":37},"end":{"line":58,"column":1}}]},"16":{"type":"branch","line":53,"loc":{"start":{"line":53,"column":4},"end":{"line":56,"column":5}},"locations":[{"start":{"line":53,"column":4},"end":{"line":56,"column":5}}]},"17":{"type":"branch","line":54,"loc":{"start":{"line":54,"column":36},"end":{"line":54,"column":68}},"locations":[{"start":{"line":54,"column":36},"end":{"line":54,"column":68}}]},"18":{"type":"branch","line":55,"loc":{"start":{"line":55,"column":95},"end":{"line":55,"column":102}},"locations":[{"start":{"line":55,"column":95},"end":{"line":55,"column":102}}]},"19":{"type":"branch","line":61,"loc":{"start":{"line":61,"column":36},"end":{"line":68,"column":1}},"locations":[{"start":{"line":61,"column":36},"end":{"line":68,"column":1}}]},"20":{"type":"branch","line":71,"loc":{"start":{"line":71,"column":35},"end":{"line":78,"column":1}},"locations":[{"start":{"line":71,"column":35},"end":{"line":78,"column":1}}]},"21":{"type":"branch","line":73,"loc":{"start":{"line":73,"column":4},"end":{"line":76,"column":5}},"locations":[{"start":{"line":73,"column":4},"end":{"line":76,"column":5}}]},"22":{"type":"branch","line":74,"loc":{"start":{"line":74,"column":36},"end":{"line":74,"column":66}},"locations":[{"start":{"line":74,"column":36},"end":{"line":74,"column":66}}]},"23":{"type":"branch","line":75,"loc":{"start":{"line":75,"column":91},"end":{"line":75,"column":98}},"locations":[{"start":{"line":75,"column":91},"end":{"line":75,"column":98}}]}},"b":{"0":[4],"1":[4],"2":[4],"3":[4],"4":[0],"5":[0],"6":[20],"7":[0],"8":[0],"9":[0],"10":[20],"11":[4],"12":[6],"13":[0],"14":[4],"15":[4],"16":[2],"17":[0],"18":[0],"19":[4],"20":[4],"21":[4],"22":[0],"23":[0]},"fnMap":{"0":{"name":"Object.<anonymous>","decl":{"start":{"line":1,"column":0},"end":{"line":79,"column":38}},"loc":{"start":{"line":1,"column":0},"end":{"line":79,"column":38}},"line":1},"1":{"name":"extendStatics","decl":{"start":{"line":3,"column":24},"end":{"line":8,"column":5}},"loc":{"start":{"line":3,"column":24},"end":{"line":8,"column":5}},"line":3},"2":{"name":"extendStatics","decl":{"start":{"line":5,"column":51},"end":{"line":5,"column":87}},"loc":{"start":{"line":5,"column":51},"end":{"line":5,"column":87}},"line":5},"3":{"name":"extendStatics","decl":{"start":{"line":6,"column":12},"end":{"line":6,"column":109}},"loc":{"start":{"line":6,"column":12},"end":{"line":6,"column":109}},"line":6},"4":{"name":"Object.<anonymous>.__extends","decl":{"start":{"line":9,"column":11},"end":{"line":15,"column":5}},"loc":{"start":{"line":9,"column":11},"end":{"line":15,"column":5}},"line":9},"5":{"name":"__","decl":{"start":{"line":13,"column":8},"end":{"line":13,"column":47}},"loc":{"start":{"line":13,"column":8},"end":{"line":13,"column":47}},"line":13},"6":{"name":"BaseError","decl":{"start":{"line":28,"column":4},"end":{"line":36,"column":5}},"loc":{"start":{"line":28,"column":4},"end":{"line":36,"column":5}},"line":28},"7":{"name":"APIError","decl":{"start":{"line":43,"column":4},"end":{"line":46,"column":5}},"loc":{"start":{"line":43,"column":4},"end":{"line":46,"column":5}},"line":43},"8":{"name":"ValidationError","decl":{"start":{"line":53,"column":4},"end":{"line":56,"column":5}},"loc":{"start":{"line":53,"column":4},"end":{"line":56,"column":5}},"line":53},"9":{"name":"AuthorizeError","decl":{"start":{"line":63,"column":4},"end":{"line":66,"column":5}},"loc":{"start":{"line":63,"column":4},"end":{"line":66,"column":5}},"line":63},"10":{"name":"NotFoundError","decl":{"start":{"line":73,"column":4},"end":{"line":76,"column":5}},"loc":{"start":{"line":73,"column":4},"end":{"line":76,"column":5}},"line":73}},"f":{"0":4,"1":4,"2":0,"3":0,"4":20,"5":20,"6":6,"7":0,"8":2,"9":0,"10":4}}
}
