TN:
SF:src/config/index.js
FN:1,Object.<anonymous>
FNF:1
FNH:1
FNDA:4,Object.<anonymous>
DA:1,4
DA:2,4
DA:3,4
DA:4,4
DA:5,4
DA:6,4
DA:7,4
DA:8,4
DA:9,4
DA:10,4
DA:11,4
DA:12,4
DA:13,4
DA:14,4
DA:15,4
LF:15
LH:15
BRDA:1,0,0,4
BRDA:1,1,0,4
BRF:2
BRH:2
end_of_record
TN:
SF:src/database/models/Category.js
FN:1,Object.<anonymous>
FNF:1
FNH:1
FNDA:2,Object.<anonymous>
DA:1,2
DA:2,2
DA:3,2
DA:4,2
DA:5,2
DA:6,2
DA:7,2
DA:8,2
DA:9,2
DA:10,2
DA:11,2
DA:12,2
DA:13,2
DA:14,2
DA:15,2
DA:16,2
DA:17,2
DA:18,2
DA:19,2
DA:20,2
DA:21,2
DA:22,2
DA:23,2
DA:24,2
DA:25,2
DA:26,2
DA:27,2
DA:28,2
DA:29,2
DA:30,2
DA:31,2
DA:32,2
DA:33,2
DA:34,2
DA:35,2
DA:36,2
DA:37,2
DA:38,2
DA:39,2
DA:40,2
DA:41,2
DA:42,2
DA:43,2
LF:43
LH:43
BRDA:1,0,0,2
BRDA:1,1,0,2
BRF:2
BRH:2
end_of_record
TN:
SF:src/database/models/Shop.js
FN:1,Object.<anonymous>
FN:2,Object.<anonymous>.__awaiter
FN:11,Object.<anonymous>.__generator
FN:80,Object.<anonymous>.shopSchema.methods.deleteShopAndUsers
FNF:4
FNH:1
FNDA:4,Object.<anonymous>
FNDA:0,Object.<anonymous>.__awaiter
FNDA:0,Object.<anonymous>.__generator
FNDA:0,Object.<anonymous>.shopSchema.methods.deleteShopAndUsers
DA:1,4
DA:2,4
DA:3,0
DA:4,0
DA:5,0
DA:6,0
DA:7,0
DA:8,0
DA:9,0
DA:10,4
DA:11,4
DA:12,0
DA:13,0
DA:14,0
DA:15,0
DA:16,0
DA:17,0
DA:18,0
DA:19,0
DA:20,0
DA:21,0
DA:22,0
DA:23,0
DA:24,0
DA:25,0
DA:26,0
DA:27,0
DA:28,0
DA:29,0
DA:30,0
DA:31,0
DA:32,0
DA:33,0
DA:34,0
DA:35,0
DA:36,0
DA:37,4
DA:38,4
DA:39,4
DA:40,4
DA:41,4
DA:42,4
DA:43,4
DA:44,4
DA:45,4
DA:46,4
DA:47,4
DA:48,4
DA:49,4
DA:50,4
DA:51,4
DA:52,4
DA:53,4
DA:54,4
DA:55,4
DA:56,4
DA:57,4
DA:58,4
DA:59,4
DA:60,4
DA:61,4
DA:62,4
DA:63,4
DA:64,4
DA:65,4
DA:66,4
DA:67,4
DA:68,4
DA:69,4
DA:70,4
DA:71,4
DA:72,4
DA:73,4
DA:74,4
DA:75,4
DA:76,4
DA:77,4
DA:78,4
DA:79,4
DA:80,4
DA:81,0
DA:82,0
DA:83,0
DA:84,0
DA:85,0
DA:86,0
DA:87,0
DA:88,0
DA:89,0
DA:90,0
DA:91,0
DA:92,0
DA:93,0
DA:94,0
DA:95,0
DA:96,0
DA:97,0
DA:98,0
DA:99,0
DA:100,0
DA:101,0
DA:102,0
DA:103,0
DA:104,0
DA:105,4
DA:106,4
DA:107,4
LF:107
LH:51
BRDA:1,0,0,4
BRDA:1,1,0,4
BRF:2
BRH:2
end_of_record
TN:
SF:src/database/models/User.js
FN:1,Object.<anonymous>
FN:57,validator
FN:66,required
FNF:3
FNH:1
FNDA:4,Object.<anonymous>
FNDA:0,validator
FNDA:0,required
DA:1,4
DA:2,4
DA:3,4
DA:4,4
DA:5,4
DA:6,4
DA:7,4
DA:8,4
DA:9,4
DA:10,4
DA:11,4
DA:12,4
DA:13,4
DA:14,4
DA:15,4
DA:16,4
DA:17,4
DA:18,4
DA:19,4
DA:20,4
DA:21,4
DA:22,4
DA:23,4
DA:24,4
DA:25,4
DA:26,4
DA:27,4
DA:28,4
DA:29,4
DA:30,4
DA:31,4
DA:32,4
DA:33,4
DA:34,4
DA:35,4
DA:36,4
DA:37,4
DA:38,4
DA:39,4
DA:40,4
DA:41,4
DA:42,4
DA:43,4
DA:44,4
DA:45,4
DA:46,4
DA:47,4
DA:48,4
DA:49,4
DA:50,4
DA:51,4
DA:52,4
DA:53,4
DA:54,4
DA:55,4
DA:56,4
DA:57,4
DA:58,0
DA:59,0
DA:60,0
DA:61,0
DA:62,0
DA:63,4
DA:64,4
DA:65,4
DA:66,4
DA:67,0
DA:68,0
DA:69,4
DA:70,4
DA:71,4
DA:72,4
DA:73,4
DA:74,4
DA:75,4
DA:76,4
DA:77,4
DA:78,4
DA:79,4
LF:79
LH:72
BRDA:1,0,0,4
BRDA:1,1,0,4
BRF:2
BRH:2
end_of_record
TN:
SF:src/database/repository/category-repository.js
FN:1,Object.<anonymous>
FN:2,Object.<anonymous>.__awaiter
FN:11,Object.<anonymous>.__generator
FN:45,CategoryRepository
FN:48,Object.<anonymous>.CategoryRepository.CreateCategory
FN:66,Object.<anonymous>.CategoryRepository.GetCategories
FN:101,Object.<anonymous>.CategoryRepository.GetCategoryById
FN:121,Object.<anonymous>.CategoryRepository.UpdateCategory
FNF:8
FNH:2
FNDA:2,Object.<anonymous>
FNDA:0,Object.<anonymous>.__awaiter
FNDA:0,Object.<anonymous>.__generator
FNDA:14,CategoryRepository
FNDA:0,Object.<anonymous>.CategoryRepository.CreateCategory
FNDA:0,Object.<anonymous>.CategoryRepository.GetCategories
FNDA:0,Object.<anonymous>.CategoryRepository.GetCategoryById
FNDA:0,Object.<anonymous>.CategoryRepository.UpdateCategory
DA:1,2
DA:2,2
DA:3,0
DA:4,0
DA:5,0
DA:6,0
DA:7,0
DA:8,0
DA:9,0
DA:10,2
DA:11,2
DA:12,0
DA:13,0
DA:14,0
DA:15,0
DA:16,0
DA:17,0
DA:18,0
DA:19,0
DA:20,0
DA:21,0
DA:22,0
DA:23,0
DA:24,0
DA:25,0
DA:26,0
DA:27,0
DA:28,0
DA:29,0
DA:30,0
DA:31,0
DA:32,0
DA:33,0
DA:34,0
DA:35,0
DA:36,0
DA:37,2
DA:38,2
DA:39,2
DA:40,2
DA:41,2
DA:42,2
DA:43,2
DA:44,2
DA:45,2
DA:46,14
DA:47,14
DA:48,2
DA:49,0
DA:50,0
DA:51,0
DA:52,0
DA:53,0
DA:54,0
DA:55,0
DA:56,0
DA:57,0
DA:58,0
DA:59,0
DA:60,0
DA:61,0
DA:62,0
DA:63,0
DA:64,0
DA:65,2
DA:66,2
DA:67,0
DA:68,0
DA:69,0
DA:70,0
DA:71,0
DA:72,0
DA:73,0
DA:74,0
DA:75,0
DA:76,0
DA:77,0
DA:78,0
DA:79,0
DA:80,0
DA:81,0
DA:82,0
DA:83,0
DA:84,0
DA:85,0
DA:86,0
DA:87,0
DA:88,0
DA:89,0
DA:90,0
DA:91,0
DA:92,0
DA:93,0
DA:94,0
DA:95,0
DA:96,0
DA:97,0
DA:98,0
DA:99,0
DA:100,2
DA:101,2
DA:102,0
DA:103,0
DA:104,0
DA:105,0
DA:106,0
DA:107,0
DA:108,0
DA:109,0
DA:110,0
DA:111,0
DA:112,0
DA:113,0
DA:114,0
DA:115,0
DA:116,0
DA:117,0
DA:118,0
DA:119,0
DA:120,2
DA:121,2
DA:122,0
DA:123,0
DA:124,0
DA:125,0
DA:126,0
DA:127,0
DA:128,0
DA:129,0
DA:130,0
DA:131,0
DA:132,0
DA:133,0
DA:134,0
DA:135,0
DA:136,0
DA:137,0
DA:138,0
DA:139,0
DA:140,0
DA:141,0
DA:142,0
DA:143,0
DA:144,0
DA:145,0
DA:146,0
DA:147,0
DA:148,0
DA:149,0
DA:150,0
DA:151,0
DA:152,0
DA:153,0
DA:154,2
DA:155,2
DA:156,2
DA:157,2
LF:157
LH:26
BRDA:1,0,0,2
BRDA:1,1,0,2
BRDA:44,2,0,2
BRDA:45,3,0,14
BRF:4
BRH:4
end_of_record
TN:
SF:src/database/repository/shop-repository.js
FN:1,Object.<anonymous>
FN:2,Object.<anonymous>.__awaiter
FN:11,Object.<anonymous>.__generator
FN:44,ShopRepository
FN:46,Object.<anonymous>.ShopRepository.CreateShop
FN:64,Object.<anonymous>.ShopRepository.GetShopById
FN:84,Object.<anonymous>.ShopRepository.GetShops
FN:119,Object.<anonymous>.ShopRepository.UpdateShop
FNF:8
FNH:2
FNDA:4,Object.<anonymous>
FNDA:0,Object.<anonymous>.__awaiter
FNDA:0,Object.<anonymous>.__generator
FNDA:18,ShopRepository
FNDA:0,Object.<anonymous>.ShopRepository.CreateShop
FNDA:0,Object.<anonymous>.ShopRepository.GetShopById
FNDA:0,Object.<anonymous>.ShopRepository.GetShops
FNDA:0,Object.<anonymous>.ShopRepository.UpdateShop
DA:1,4
DA:2,4
DA:3,0
DA:4,0
DA:5,0
DA:6,0
DA:7,0
DA:8,0
DA:9,0
DA:10,4
DA:11,4
DA:12,0
DA:13,0
DA:14,0
DA:15,0
DA:16,0
DA:17,0
DA:18,0
DA:19,0
DA:20,0
DA:21,0
DA:22,0
DA:23,0
DA:24,0
DA:25,0
DA:26,0
DA:27,0
DA:28,0
DA:29,0
DA:30,0
DA:31,0
DA:32,0
DA:33,0
DA:34,0
DA:35,0
DA:36,0
DA:37,4
DA:38,4
DA:39,4
DA:40,4
DA:41,4
DA:42,4
DA:43,4
DA:44,4
DA:45,18
DA:46,4
DA:47,0
DA:48,0
DA:49,0
DA:50,0
DA:51,0
DA:52,0
DA:53,0
DA:54,0
DA:55,0
DA:56,0
DA:57,0
DA:58,0
DA:59,0
DA:60,0
DA:61,0
DA:62,0
DA:63,4
DA:64,4
DA:65,0
DA:66,0
DA:67,0
DA:68,0
DA:69,0
DA:70,0
DA:71,0
DA:72,0
DA:73,0
DA:74,0
DA:75,0
DA:76,0
DA:77,0
DA:78,0
DA:79,0
DA:80,0
DA:81,0
DA:82,0
DA:83,4
DA:84,4
DA:85,0
DA:86,0
DA:87,0
DA:88,0
DA:89,0
DA:90,0
DA:91,0
DA:92,0
DA:93,0
DA:94,0
DA:95,0
DA:96,0
DA:97,0
DA:98,0
DA:99,0
DA:100,0
DA:101,0
DA:102,0
DA:103,0
DA:104,0
DA:105,0
DA:106,0
DA:107,0
DA:108,0
DA:109,0
DA:110,0
DA:111,0
DA:112,0
DA:113,0
DA:114,0
DA:115,0
DA:116,0
DA:117,0
DA:118,4
DA:119,4
DA:120,0
DA:121,0
DA:122,0
DA:123,0
DA:124,0
DA:125,0
DA:126,0
DA:127,0
DA:128,0
DA:129,0
DA:130,0
DA:131,0
DA:132,0
DA:133,4
DA:134,4
DA:135,4
DA:136,4
LF:136
LH:24
BRDA:1,0,0,4
BRDA:1,1,0,4
BRDA:43,2,0,4
BRDA:44,3,0,18
BRF:4
BRH:4
end_of_record
TN:
SF:src/database/repository/mock/mock-category-repository.js
FN:1,Object.<anonymous>
FN:2,Object.<anonymous>.__assign
FN:3,__assign
FN:16,MockCategoryRepository
FN:18,Object.<anonymous>.MockCategoryRepository.CreateCategory
FN:22,Object.<anonymous>.MockCategoryRepository.GetCategories
FN:25,Object.<anonymous>.MockCategoryRepository.GetCategoryById
FN:28,Object.<anonymous>.MockCategoryRepository.UpdateCategory
FNF:8
FNH:4
FNDA:2,Object.<anonymous>
FNDA:2,Object.<anonymous>.__assign
FNDA:0,__assign
FNDA:28,MockCategoryRepository
FNDA:2,Object.<anonymous>.MockCategoryRepository.CreateCategory
FNDA:0,Object.<anonymous>.MockCategoryRepository.GetCategories
FNDA:0,Object.<anonymous>.MockCategoryRepository.GetCategoryById
FNDA:0,Object.<anonymous>.MockCategoryRepository.UpdateCategory
DA:1,2
DA:2,2
DA:3,2
DA:4,0
DA:5,0
DA:6,0
DA:7,0
DA:8,0
DA:9,0
DA:10,2
DA:11,2
DA:12,2
DA:13,2
DA:14,2
DA:15,2
DA:16,2
DA:17,28
DA:18,2
DA:19,2
DA:20,2
DA:21,2
DA:22,2
DA:23,0
DA:24,2
DA:25,2
DA:26,0
DA:27,2
DA:28,2
DA:29,0
DA:30,2
DA:31,2
DA:32,2
DA:33,2
LF:33
LH:24
BRDA:1,0,0,2
BRDA:1,1,0,2
BRDA:2,2,0,2
BRDA:3,3,0,0
BRDA:15,4,0,2
BRDA:16,5,0,28
BRDA:18,6,0,2
BRF:7
BRH:6
end_of_record
TN:
SF:src/database/repository/mock/mock-shop-repository.js
FN:1,Object.<anonymous>
FN:2,Object.<anonymous>.__assign
FN:3,__assign
FN:16,MockShopRepository
FN:18,Object.<anonymous>.MockShopRepository.CreateShop
FN:22,Object.<anonymous>.MockShopRepository.GetShops
FN:25,Object.<anonymous>.MockShopRepository.GetShopById
FN:28,Object.<anonymous>.MockShopRepository.UpdateShop
FNF:8
FNH:4
FNDA:2,Object.<anonymous>
FNDA:2,Object.<anonymous>.__assign
FNDA:0,__assign
FNDA:8,MockShopRepository
FNDA:2,Object.<anonymous>.MockShopRepository.CreateShop
FNDA:0,Object.<anonymous>.MockShopRepository.GetShops
FNDA:0,Object.<anonymous>.MockShopRepository.GetShopById
FNDA:0,Object.<anonymous>.MockShopRepository.UpdateShop
DA:1,2
DA:2,2
DA:3,2
DA:4,0
DA:5,0
DA:6,0
DA:7,0
DA:8,0
DA:9,0
DA:10,2
DA:11,2
DA:12,2
DA:13,2
DA:14,2
DA:15,2
DA:16,2
DA:17,8
DA:18,2
DA:19,2
DA:20,2
DA:21,2
DA:22,2
DA:23,0
DA:24,2
DA:25,2
DA:26,0
DA:27,2
DA:28,2
DA:29,0
DA:30,2
DA:31,2
DA:32,2
DA:33,2
LF:33
LH:24
BRDA:1,0,0,2
BRDA:1,1,0,2
BRDA:2,2,0,2
BRDA:3,3,0,0
BRDA:15,4,0,2
BRDA:16,5,0,8
BRDA:18,6,0,2
BRF:7
BRH:6
end_of_record
TN:
SF:src/services/category-service.js
FN:1,Object.<anonymous>
FN:2,Object.<anonymous>.__awaiter
FN:3,adopt
FN:5,fulfilled
FN:6,rejected
FN:7,step
FN:11,Object.<anonymous>.__generator
FN:12,sent
FN:13,g.<computed>
FN:14,verb
FN:15,step
FN:43,CategoryService
FN:46,Object.<anonymous>.CategoryService.CreateCategory
FN:59,Object.<anonymous>.CategoryService.GetCategories
FN:72,Object.<anonymous>.CategoryService.GetCategoryByID
FN:85,Object.<anonymous>.CategoryService.UpdateCategory
FN:98,Object.<anonymous>.CategoryService.CreateCategoryPayload
FN:119,Object.<anonymous>.CategoryService.UpdateCategoryPayload
FNF:18
FNH:15
FNDA:2,Object.<anonymous>
FNDA:12,Object.<anonymous>.__awaiter
FNDA:12,adopt
FNDA:6,fulfilled
FNDA:6,rejected
FNDA:18,step
FNDA:12,Object.<anonymous>.__generator
FNDA:12,sent
FNDA:0,g.<computed>
FNDA:36,verb
FNDA:24,step
FNDA:14,CategoryService
FNDA:2,Object.<anonymous>.CategoryService.CreateCategory
FNDA:2,Object.<anonymous>.CategoryService.GetCategories
FNDA:4,Object.<anonymous>.CategoryService.GetCategoryByID
FNDA:4,Object.<anonymous>.CategoryService.UpdateCategory
FNDA:0,Object.<anonymous>.CategoryService.CreateCategoryPayload
FNDA:0,Object.<anonymous>.CategoryService.UpdateCategoryPayload
DA:1,2
DA:2,2
DA:3,12
DA:4,12
DA:5,12
DA:6,12
DA:7,12
DA:8,12
DA:9,12
DA:10,2
DA:11,2
DA:12,12
DA:13,12
DA:14,12
DA:15,12
DA:16,24
DA:17,24
DA:18,48
DA:19,48
DA:20,48
DA:21,48
DA:22,48
DA:23,48
DA:24,48
DA:25,48
DA:26,12
DA:27,12
DA:28,12
DA:29,12
DA:30,0
DA:31,0
DA:32,48
DA:33,24
DA:34,48
DA:35,24
DA:36,24
DA:37,2
DA:38,2
DA:39,2
DA:40,2
DA:41,2
DA:42,2
DA:43,2
DA:44,14
DA:45,14
DA:46,2
DA:47,2
DA:48,2
DA:49,2
DA:50,4
DA:51,4
DA:52,4
DA:53,2
DA:54,2
DA:55,4
DA:56,2
DA:57,2
DA:58,2
DA:59,2
DA:60,2
DA:61,2
DA:62,2
DA:63,4
DA:64,4
DA:65,4
DA:66,2
DA:67,2
DA:68,4
DA:69,2
DA:70,2
DA:71,2
DA:72,2
DA:73,4
DA:74,4
DA:75,4
DA:76,8
DA:77,8
DA:78,8
DA:79,4
DA:80,4
DA:81,8
DA:82,4
DA:83,4
DA:84,2
DA:85,2
DA:86,4
DA:87,4
DA:88,4
DA:89,8
DA:90,8
DA:91,8
DA:92,4
DA:93,4
DA:94,8
DA:95,4
DA:96,4
DA:97,2
DA:98,2
DA:99,0
DA:100,0
DA:101,0
DA:102,0
DA:103,0
DA:104,0
DA:105,0
DA:106,0
DA:107,0
DA:108,0
DA:109,0
DA:110,0
DA:111,0
DA:112,0
DA:113,0
DA:114,0
DA:115,0
DA:116,0
DA:117,0
DA:118,2
DA:119,2
DA:120,0
DA:121,0
DA:122,0
DA:123,0
DA:124,0
DA:125,0
DA:126,0
DA:127,0
DA:128,0
DA:129,0
DA:130,0
DA:131,0
DA:132,0
DA:133,0
DA:134,0
DA:135,0
DA:136,0
DA:137,0
DA:138,0
DA:139,0
DA:140,2
DA:141,2
DA:142,2
DA:143,2
LF:143
LH:102
BRDA:1,0,0,2
BRDA:1,1,0,2
BRDA:2,2,0,12
BRDA:3,3,0,12
BRDA:3,4,0,0
BRDA:4,5,0,12
BRDA:5,6,0,6
BRDA:5,7,0,0
BRDA:6,8,0,6
BRDA:7,9,0,18
BRDA:7,10,0,6
BRDA:7,11,0,12
BRDA:11,12,0,12
BRDA:12,13,0,12
BRDA:12,14,0,6
BRDA:14,15,0,36
BRDA:14,16,0,24
BRDA:15,17,0,24
BRDA:16,18,0,0
BRDA:17,19,0,12
BRDA:17,20,0,0
BRDA:17,21,0,48
BRDA:18,22,0,0
BRDA:18,23,0,0
BRDA:18,24,0,0
BRDA:19,25,0,0
BRDA:21,26,0,18
BRDA:21,27,0,24
BRDA:22,28,0,12
BRDA:23,29,0,0
BRDA:24,30,0,0
BRDA:25,31,0,12
BRDA:26,32,0,0
BRDA:26,33,0,6
BRDA:27,34,0,0
BRDA:27,35,0,0
BRDA:28,36,0,0
BRDA:29,37,0,0
BRDA:33,38,0,24
BRDA:34,39,0,6
BRDA:34,40,0,24
BRDA:35,41,0,12
BRDA:35,42,0,6
BRDA:35,43,0,0
BRDA:42,44,0,2
BRDA:43,45,0,14
BRDA:46,46,0,2
BRDA:47,47,0,2
BRDA:49,48,0,4
BRDA:51,49,0,2
BRDA:52,50,0,2
BRDA:59,51,0,2
BRDA:60,52,0,2
BRDA:62,53,0,4
BRDA:64,54,0,2
BRDA:65,55,0,2
BRDA:72,56,0,4
BRDA:73,57,0,4
BRDA:75,58,0,8
BRDA:77,59,0,4
BRDA:78,60,0,4
BRDA:85,61,0,4
BRDA:86,62,0,4
BRDA:88,63,0,8
BRDA:90,64,0,4
BRDA:91,65,0,4
BRF:66
BRH:50
end_of_record
TN:
SF:src/services/shop-service.js
FN:1,Object.<anonymous>
FN:2,Object.<anonymous>.__assign
FN:13,Object.<anonymous>.__awaiter
FN:14,adopt
FN:16,fulfilled
FN:17,rejected
FN:18,step
FN:22,Object.<anonymous>.__generator
FN:23,sent
FN:24,g.<computed>
FN:25,verb
FN:26,step
FN:54,ShopService
FN:57,Object.<anonymous>.ShopService.GetAllShops
FN:70,Object.<anonymous>.ShopService.CreateShop
FN:86,Object.<anonymous>.ShopService.UpdateShop
FN:99,Object.<anonymous>.ShopService.CreateShopPayload
FNF:17
FNH:12
FNDA:2,Object.<anonymous>
FNDA:0,Object.<anonymous>.__assign
FNDA:4,Object.<anonymous>.__awaiter
FNDA:4,adopt
FNDA:4,fulfilled
FNDA:0,rejected
FNDA:8,step
FNDA:4,Object.<anonymous>.__generator
FNDA:4,sent
FNDA:0,g.<computed>
FNDA:12,verb
FNDA:8,step
FNDA:4,ShopService
FNDA:2,Object.<anonymous>.ShopService.GetAllShops
FNDA:2,Object.<anonymous>.ShopService.CreateShop
FNDA:0,Object.<anonymous>.ShopService.UpdateShop
FNDA:0,Object.<anonymous>.ShopService.CreateShopPayload
DA:1,2
DA:2,2
DA:3,0
DA:4,0
DA:5,0
DA:6,0
DA:7,0
DA:8,0
DA:9,0
DA:10,0
DA:11,0
DA:12,2
DA:13,2
DA:14,4
DA:15,4
DA:16,4
DA:17,4
DA:18,4
DA:19,4
DA:20,4
DA:21,2
DA:22,2
DA:23,4
DA:24,4
DA:25,4
DA:26,4
DA:27,8
DA:28,8
DA:29,16
DA:30,16
DA:31,16
DA:32,16
DA:33,16
DA:34,16
DA:35,16
DA:36,16
DA:37,4
DA:38,4
DA:39,4
DA:40,4
DA:41,0
DA:42,0
DA:43,16
DA:44,8
DA:45,16
DA:46,8
DA:47,8
DA:48,2
DA:49,2
DA:50,2
DA:51,2
DA:52,2
DA:53,2
DA:54,2
DA:55,4
DA:56,4
DA:57,2
DA:58,2
DA:59,2
DA:60,2
DA:61,4
DA:62,4
DA:63,4
DA:64,2
DA:65,2
DA:66,4
DA:67,2
DA:68,2
DA:69,2
DA:70,2
DA:71,2
DA:72,2
DA:73,2
DA:74,2
DA:75,4
DA:76,4
DA:77,2
DA:78,2
DA:79,4
DA:80,2
DA:81,2
DA:82,4
DA:83,2
DA:84,2
DA:85,2
DA:86,2
DA:87,0
DA:88,0
DA:89,0
DA:90,0
DA:91,0
DA:92,0
DA:93,0
DA:94,0
DA:95,0
DA:96,0
DA:97,0
DA:98,2
DA:99,2
DA:100,0
DA:101,0
DA:102,0
DA:103,0
DA:104,0
DA:105,0
DA:106,0
DA:107,0
DA:108,0
DA:109,0
DA:110,0
DA:111,0
DA:112,0
DA:113,0
DA:114,0
DA:115,0
DA:116,2
DA:117,2
DA:118,2
DA:119,2
LF:119
LH:81
BRDA:1,0,0,2
BRDA:1,1,0,2
BRDA:13,2,0,4
BRDA:14,3,0,4
BRDA:14,4,0,0
BRDA:15,5,0,4
BRDA:19,6,0,2
BRDA:16,7,0,4
BRDA:16,8,0,0
BRDA:18,9,0,8
BRDA:18,10,0,4
BRDA:18,11,0,4
BRDA:22,12,0,4
BRDA:23,13,0,4
BRDA:23,14,0,0
BRDA:25,15,0,12
BRDA:25,16,0,8
BRDA:26,17,0,8
BRDA:27,18,0,0
BRDA:28,19,0,4
BRDA:28,20,0,0
BRDA:28,21,0,16
BRDA:29,22,0,0
BRDA:29,23,0,0
BRDA:29,24,0,0
BRDA:30,25,0,0
BRDA:32,26,0,8
BRDA:32,27,0,8
BRDA:33,28,0,4
BRDA:34,29,0,0
BRDA:35,30,0,0
BRDA:36,31,0,4
BRDA:37,32,0,0
BRDA:38,33,0,0
BRDA:38,34,0,0
BRDA:39,35,0,0
BRDA:40,36,0,0
BRDA:44,37,0,8
BRDA:45,38,0,0
BRDA:45,39,0,8
BRDA:46,40,0,4
BRDA:46,41,0,0
BRDA:46,42,0,4
BRDA:46,43,0,0
BRDA:53,44,0,2
BRDA:54,45,0,4
BRDA:57,46,0,2
BRDA:58,47,0,2
BRDA:60,48,0,4
BRDA:62,49,0,2
BRDA:63,50,0,2
BRDA:70,51,0,2
BRDA:71,52,0,2
BRDA:74,53,0,4
BRDA:76,54,0,2
BRDA:79,55,0,2
BRF:56
BRH:37
end_of_record
TN:
SF:src/utils/index.js
FN:1,Object.<anonymous>
FN:2,Object.<anonymous>.__awaiter
FN:11,Object.<anonymous>.__generator
FN:44,ValidateSignatureCookie
FN:64,ValidateSignatureJWT
FN:83,ValidateSignatureRefresh
FN:100,FormateData
FN:109,GenerateSalt
FN:118,GeneratePassword
FN:127,ValidatePassword
FN:145,CreateChannel
FN:169,PublishMessage
FN:174,SubscribeMessage
FNF:13
FNH:2
FNDA:4,Object.<anonymous>
FNDA:0,Object.<anonymous>.__awaiter
FNDA:0,Object.<anonymous>.__generator
FNDA:0,ValidateSignatureCookie
FNDA:0,ValidateSignatureJWT
FNDA:0,ValidateSignatureRefresh
FNDA:24,FormateData
FNDA:0,GenerateSalt
FNDA:0,GeneratePassword
FNDA:0,ValidatePassword
FNDA:0,CreateChannel
FNDA:0,PublishMessage
FNDA:0,SubscribeMessage
DA:1,4
DA:2,4
DA:3,0
DA:4,0
DA:5,0
DA:6,0
DA:7,0
DA:8,0
DA:9,0
DA:10,4
DA:11,4
DA:12,0
DA:13,0
DA:14,0
DA:15,0
DA:16,0
DA:17,0
DA:18,0
DA:19,0
DA:20,0
DA:21,0
DA:22,0
DA:23,0
DA:24,0
DA:25,0
DA:26,0
DA:27,0
DA:28,0
DA:29,0
DA:30,0
DA:31,0
DA:32,0
DA:33,0
DA:34,0
DA:35,0
DA:36,0
DA:37,4
DA:38,4
DA:39,4
DA:40,4
DA:41,4
DA:42,4
DA:43,4
DA:44,4
DA:45,0
DA:46,0
DA:47,0
DA:48,0
DA:49,0
DA:50,0
DA:51,0
DA:52,0
DA:53,0
DA:54,0
DA:55,0
DA:56,0
DA:57,0
DA:58,0
DA:59,0
DA:60,0
DA:61,0
DA:62,4
DA:63,4
DA:64,4
DA:65,0
DA:66,0
DA:67,0
DA:68,0
DA:69,0
DA:70,0
DA:71,0
DA:72,0
DA:73,0
DA:74,0
DA:75,0
DA:76,0
DA:77,0
DA:78,0
DA:79,0
DA:80,0
DA:81,4
DA:82,4
DA:83,4
DA:84,0
DA:85,0
DA:86,0
DA:87,0
DA:88,0
DA:89,0
DA:90,0
DA:91,0
DA:92,0
DA:93,0
DA:94,0
DA:95,0
DA:96,0
DA:97,0
DA:98,4
DA:99,4
DA:100,4
DA:101,24
DA:102,24
DA:103,24
DA:104,0
DA:105,0
DA:106,0
DA:107,4
DA:108,4
DA:109,4
DA:110,0
DA:111,0
DA:112,0
DA:113,0
DA:114,0
DA:115,0
DA:116,4
DA:117,4
DA:118,4
DA:119,0
DA:120,0
DA:121,0
DA:122,0
DA:123,0
DA:124,0
DA:125,4
DA:126,4
DA:127,4
DA:128,0
DA:129,0
DA:130,0
DA:131,0
DA:132,0
DA:133,0
DA:134,4
DA:135,4
DA:136,4
DA:137,4
DA:138,4
DA:139,4
DA:140,4
DA:141,4
DA:142,4
DA:143,4
DA:144,4
DA:145,4
DA:146,0
DA:147,0
DA:148,0
DA:149,0
DA:150,0
DA:151,0
DA:152,0
DA:153,0
DA:154,0
DA:155,0
DA:156,0
DA:157,0
DA:158,0
DA:159,0
DA:160,0
DA:161,0
DA:162,0
DA:163,0
DA:164,0
DA:165,0
DA:166,0
DA:167,4
DA:168,4
DA:169,4
DA:170,0
DA:171,0
DA:172,4
DA:173,4
DA:174,4
DA:175,0
DA:176,0
DA:177,0
DA:178,0
DA:179,0
DA:180,0
DA:181,0
DA:182,0
DA:183,0
DA:184,0
DA:185,0
DA:186,0
DA:187,0
DA:188,0
DA:189,0
DA:190,0
DA:191,0
DA:192,0
DA:193,0
DA:194,0
DA:195,0
DA:196,0
DA:197,0
DA:198,4
DA:199,4
DA:200,4
DA:201,4
DA:202,4
DA:203,4
DA:204,4
DA:205,4
DA:206,4
DA:207,4
DA:208,4
DA:209,4
DA:210,4
DA:211,4
DA:212,4
DA:213,4
DA:214,4
DA:215,4
DA:216,4
DA:217,4
DA:218,4
LF:218
LH:72
BRDA:1,0,0,4
BRDA:1,1,0,4
BRDA:100,2,0,24
BRDA:104,3,0,0
BRF:4
BRH:3
end_of_record
TN:
SF:src/utils/interfaces.js
FN:1,Object.<anonymous>
FNF:1
FNH:1
FNDA:4,Object.<anonymous>
DA:1,4
DA:2,4
DA:3,4
DA:4,4
DA:5,4
DA:6,4
DA:7,4
DA:8,4
DA:9,4
DA:10,4
LF:10
LH:10
BRDA:1,0,0,4
BRDA:1,1,0,4
BRDA:5,2,0,4
BRF:3
BRH:3
end_of_record
TN:
SF:src/utils/errors/app-errors.js
FN:1,Object.<anonymous>
FN:3,extendStatics
FN:5,extendStatics
FN:6,extendStatics
FN:9,Object.<anonymous>.__extends
FN:13,__
FN:28,BaseError
FN:43,APIError
FN:53,ValidationError
FN:63,AuthorizeError
FN:73,NotFoundError
FNF:11
FNH:7
FNDA:4,Object.<anonymous>
FNDA:4,extendStatics
FNDA:0,extendStatics
FNDA:0,extendStatics
FNDA:20,Object.<anonymous>.__extends
FNDA:20,__
FNDA:6,BaseError
FNDA:0,APIError
FNDA:2,ValidationError
FNDA:0,AuthorizeError
FNDA:4,NotFoundError
DA:1,4
DA:2,4
DA:3,4
DA:4,4
DA:5,4
DA:6,4
DA:7,4
DA:8,4
DA:9,4
DA:10,20
DA:11,20
DA:12,20
DA:13,20
DA:14,20
DA:15,4
DA:16,4
DA:17,4
DA:18,4
DA:19,4
DA:20,4
DA:21,4
DA:22,4
DA:23,4
DA:24,4
DA:25,4
DA:26,4
DA:27,4
DA:28,4
DA:29,6
DA:30,6
DA:31,6
DA:32,6
DA:33,6
DA:34,6
DA:35,6
DA:36,6
DA:37,4
DA:38,4
DA:39,4
DA:40,4
DA:41,4
DA:42,4
DA:43,4
DA:44,0
DA:45,0
DA:46,0
DA:47,4
DA:48,4
DA:49,4
DA:50,4
DA:51,4
DA:52,4
DA:53,4
DA:54,2
DA:55,2
DA:56,2
DA:57,4
DA:58,4
DA:59,4
DA:60,4
DA:61,4
DA:62,4
DA:63,4
DA:64,0
DA:65,0
DA:66,0
DA:67,4
DA:68,4
DA:69,4
DA:70,4
DA:71,4
DA:72,4
DA:73,4
DA:74,4
DA:75,4
DA:76,4
DA:77,4
DA:78,4
DA:79,4
LF:79
LH:73
BRDA:1,0,0,4
BRDA:1,1,0,4
BRDA:2,2,0,4
BRDA:3,3,0,4
BRDA:4,4,0,0
BRDA:5,5,0,0
BRDA:9,6,0,20
BRDA:10,7,0,0
BRDA:11,8,0,0
BRDA:14,9,0,0
BRDA:13,10,0,20
BRDA:26,11,0,4
BRDA:28,12,0,6
BRDA:30,13,0,0
BRDA:41,14,0,4
BRDA:51,15,0,4
BRDA:53,16,0,2
BRDA:54,17,0,0
BRDA:55,18,0,0
BRDA:61,19,0,4
BRDA:71,20,0,4
BRDA:73,21,0,4
BRDA:74,22,0,0
BRDA:75,23,0,0
BRF:24
BRH:14
end_of_record
